INUM:        0 PC: 0x0000 REG: 0 VALUE: 0xff80
INUM:        1 PC: 0x0002 REG: 0 VALUE: 0x8000
INUM:        2 PC: 0x0004 REG: 1 VALUE: 0xff80
INUM:        3 PC: 0x0006 REG: 1 VALUE: 0x8000
INUM:        4 PC: 0x0008 REG: 2 VALUE: 0xff80
INUM:        5 PC: 0x000a REG: 2 VALUE: 0x8000
INUM:        6 PC: 0x000c REG: 3 VALUE: 0xff80
INUM:        7 PC: 0x000e REG: 3 VALUE: 0x8000
INUM:        8 PC: 0x0010 REG: 4 VALUE: 0xff80
INUM:        9 PC: 0x0012 REG: 4 VALUE: 0x8000
INUM:       10 PC: 0x0014 REG: 5 VALUE: 0xff80
INUM:       11 PC: 0x0016 REG: 5 VALUE: 0x8000
INUM:       12 PC: 0x0018 REG: 6 VALUE: 0xff80
INUM:       13 PC: 0x001a REG: 6 VALUE: 0x8000
INUM:       14 PC: 0x001c REG: 7 VALUE: 0xff80
INUM:       15 PC: 0x001e
INUM:       16 PC: 0x0020 REG: 7 VALUE: 0x8000
INUM:       17 PC: 0x0022
INUM:       18 PC: 0x0024 REG: 1 VALUE: 0x7ff0 ADDR: 0x7ff0 VALUE: 0x8000
INUM:       19 PC: 0x0026
INUM:       20 PC: 0x0028 ADDR: 0x800e VALUE: 0x8000
INUM:       21 PC: 0x002a
INUM:       22 PC: 0x002c REG: 3 VALUE: 0x0000 ADDR: 0x7ffa
INUM:       23 PC: 0x002e
INUM:       24 PC: 0x0030 REG: 2 VALUE: 0x0000 ADDR: 0x7ff6
INUM:       25 PC: 0x0032
INUM:       26 PC: 0x0034 REG: 5 VALUE: 0x0000 ADDR: 0x7ffc
INUM:       27 PC: 0x0036
INUM:       28 PC: 0x0038 REG: 0 VALUE: 0x7ffa ADDR: 0x7ffa VALUE: 0x0000
INUM:       29 PC: 0x003a
INUM:       30 PC: 0x003c ADDR: 0x8008 VALUE: 0x0000
INUM:       31 PC: 0x003e
INUM:       32 PC: 0x0040 ADDR: 0x8004 VALUE: 0x0000
INUM:       33 PC: 0x0042
INUM:       34 PC: 0x0044 REG: 5 VALUE: 0x0000 ADDR: 0x7fe6
INUM:       35 PC: 0x0046
INUM:       36 PC: 0x0048 REG: 0 VALUE: 0x7ffc ADDR: 0x7ffc VALUE: 0x0000
INUM:       37 PC: 0x004a REG: 0 VALUE: 0x7fee ADDR: 0x7fee VALUE: 0x0000
INUM:       38 PC: 0x004c REG: 2 VALUE: 0x0000
INUM:       39 PC: 0x004e REG: 3 VALUE: 0x0000
INUM:       40 PC: 0x0050
INUM:       41 PC: 0x0052
INUM:       42 PC: 0x0054 REG: 3 VALUE: 0xfff0
INUM:       43 PC: 0x0056 REG: 7 VALUE: 0xfff0
INUM:       44 PC: 0x0058 REG: 3 VALUE: 0x800b
INUM:       45 PC: 0x005a REG: 5 VALUE: 0x800b
INUM:       46 PC: 0x005c REG: 5 VALUE: 0x0000
INUM:       47 PC: 0x005e REG: 5 VALUE: 0x0000
INUM:       48 PC: 0x0060 REG: 0 VALUE: 0x7fee
INUM:       49 PC: 0x0062 ADDR: 0x7ff4 VALUE: 0x800b
INUM:       50 PC: 0x0064 REG: 6 VALUE: 0xfff7
INUM:       51 PC: 0x0066 REG: 3 VALUE: 0x8016
INUM:       52 PC: 0x0068 REG: 2 VALUE: 0x0001
INUM:       53 PC: 0x006a REG: 5 VALUE: 0x7ffe
INUM:       54 PC: 0x006c REG: 7 VALUE: 0x7fee
INUM:       55 PC: 0x006e
INUM:       56 PC: 0x0070 REG: 7 VALUE: 0x7fee
INUM:       57 PC: 0x0072 ADDR: 0x7ffa VALUE: 0xfff7
INUM:       58 PC: 0x0074 REG: 3 VALUE: 0x001f
INUM:       59 PC: 0x0076 REG: 6 VALUE: 0xfffe
INUM:       60 PC: 0x0078 REG: 2 VALUE: 0x7fe1
INUM:       61 PC: 0x007a
INUM:       62 PC: 0x007c REG: 2 VALUE: 0x0000 ADDR: 0x7ff6
INUM:       63 PC: 0x007e
INUM:       64 PC: 0x0080 REG: 2 VALUE: 0x0000 ADDR: 0x7ff6
INUM:       65 PC: 0x0082
INUM:       66 PC: 0x0084 REG: 6 VALUE: 0x0000 ADDR: 0x7fe2
INUM:       67 PC: 0x0086
INUM:       68 PC: 0x0088 REG: 1 VALUE: 0x7fee ADDR: 0x7fee VALUE: 0x7ffe
INUM:       69 PC: 0x008a
INUM:       70 PC: 0x008c REG: 4 VALUE: 0x0000 ADDR: 0x7ff6
INUM:       71 PC: 0x008e
INUM:       72 PC: 0x0090 REG: 6 VALUE: 0x0000 ADDR: 0x7ff8
INUM:       73 PC: 0x0092
INUM:       74 PC: 0x0094 REG: 5 VALUE: 0x800b ADDR: 0x7ff4
INUM:       75 PC: 0x0096
INUM:       76 PC: 0x0098 REG: 1 VALUE: 0x7ff6 ADDR: 0x7ff6 VALUE: 0x0000
INUM:       77 PC: 0x009a
INUM:       78 PC: 0x009c REG: 2 VALUE: 0x0000 ADDR: 0x7fe2
INUM:       79 PC: 0x009e
INUM:       80 PC: 0x00a0 REG: 1 VALUE: 0x7ffc ADDR: 0x7ffc VALUE: 0x001f
INUM:       81 PC: 0x00a2 REG: 1 VALUE: 0x800a ADDR: 0x800a VALUE: 0x0000
INUM:       82 PC: 0x00a4 REG: 5 VALUE: 0x0000
INUM:       83 PC: 0x00a6
INUM:       84 PC: 0x00a8 REG: 4 VALUE: 0x0000 ADDR: 0x8006
INUM:       85 PC: 0x00aa
INUM:       86 PC: 0x00ac ADDR: 0x7ffe VALUE: 0x001f
INUM:       87 PC: 0x00ae
INUM:       88 PC: 0x00b0 REG: 5 VALUE: 0x0000 ADDR: 0x7ff6
INUM:       89 PC: 0x00b2
INUM:       90 PC: 0x00b4 ADDR: 0x7fee VALUE: 0x001f
INUM:       91 PC: 0x00b6
INUM:       92 PC: 0x00b8 REG: 3 VALUE: 0x0000 ADDR: 0x8016
INUM:       93 PC: 0x00ba
INUM:       94 PC: 0x00bc REG: 6 VALUE: 0x0000 ADDR: 0x8000
INUM:       95 PC: 0x00be
INUM:       96 PC: 0x00c0 REG: 4 VALUE: 0x8000 ADDR: 0x800e
INUM:       97 PC: 0x00c2
INUM:       98 PC: 0x00c4 REG: 0 VALUE: 0x7ff0 ADDR: 0x7ff0 VALUE: 0x0000
INUM:       99 PC: 0x00c6
INUM:      100 PC: 0x00c8 REG: 5 VALUE: 0x001f ADDR: 0x7ffe
INUM:      101 PC: 0x00ca
INUM:      102 PC: 0x00cc REG: 1 VALUE: 0x8014 ADDR: 0x8014 VALUE: 0x001f
INUM:      103 PC: 0x00ce
INUM:      104 PC: 0x00d0 ADDR: 0x8018 VALUE: 0x0000
INUM:      105 PC: 0x00d2
INUM:      106 PC: 0x00d4 REG: 6 VALUE: 0x001f ADDR: 0x7ffe
INUM:      107 PC: 0x00d6
INUM:      108 PC: 0x00d8 ADDR: 0x8012 VALUE: 0x001f
INUM:      109 PC: 0x00da
INUM:      110 PC: 0x00dc REG: 4 VALUE: 0x0000 ADDR: 0x7fec
INUM:      111 PC: 0x00de
INUM:      112 PC: 0x00e0 REG: 6 VALUE: 0x0000 ADDR: 0x7fe8
INUM:      113 PC: 0x00e2
INUM:      114 PC: 0x00e4 REG: 5 VALUE: 0x8000 ADDR: 0x800e
INUM:      115 PC: 0x00e6
INUM:      116 PC: 0x00e8 ADDR: 0x8018 VALUE: 0x0000
INUM:      117 PC: 0x00ea
INUM:      118 PC: 0x00ec REG: 3 VALUE: 0x0000 ADDR: 0x800c
INUM:      119 PC: 0x00ee
INUM:      120 PC: 0x00f0 ADDR: 0x8014 VALUE: 0x0000
INUM:      121 PC: 0x00f2
INUM:      122 PC: 0x00f4 REG: 0 VALUE: 0x7ff4 ADDR: 0x7ff4 VALUE: 0x8000
INUM:      123 PC: 0x00f6
INUM:      124 PC: 0x00f8 REG: 4 VALUE: 0x0000 ADDR: 0x801c
INUM:      125 PC: 0x00fa
INUM:      126 PC: 0x00fc REG: 4 VALUE: 0x0000 ADDR: 0x7fe4
INUM:      127 PC: 0x00fe
INUM:      128 PC: 0x0100 REG: 2 VALUE: 0x0000 ADDR: 0x801a
INUM:      129 PC: 0x0102
INUM:      130 PC: 0x0104 REG: 4 VALUE: 0x8000 ADDR: 0x800e
INUM:      131 PC: 0x0106
INUM:      132 PC: 0x0108 REG: 4 VALUE: 0x0000 ADDR: 0x7fec
INUM:      133 PC: 0x010a REG: 0 VALUE: 0x7fee ADDR: 0x7fee VALUE: 0x0000
INUM:      134 PC: 0x010c REG: 6 VALUE: 0x0000
INUM:      135 PC: 0x010e
INUM:      136 PC: 0x0110 ADDR: 0x8014 VALUE: 0x0000
INUM:      137 PC: 0x0112
INUM:      138 PC: 0x0114 REG: 4 VALUE: 0x001f ADDR: 0x8012
INUM:      139 PC: 0x0116
INUM:      140 PC: 0x0118 REG: 5 VALUE: 0x0000 ADDR: 0x7fde
INUM:      141 PC: 0x011a
INUM:      142 PC: 0x011c REG: 2 VALUE: 0x0000 ADDR: 0x7fe0
INUM:      143 PC: 0x011e
INUM:      144 PC: 0x0120 REG: 2 VALUE: 0x0000 ADDR: 0x8020
INUM:      145 PC: 0x0122
INUM:      146 PC: 0x0124 REG: 1 VALUE: 0x8022 ADDR: 0x8022 VALUE: 0x0000
INUM:      147 PC: 0x0126
INUM:      148 PC: 0x0128 REG: 1 VALUE: 0x801e ADDR: 0x801e VALUE: 0x0000
INUM:      149 PC: 0x012a
INUM:      150 PC: 0x012c ADDR: 0x802a VALUE: 0x001f
INUM:      151 PC: 0x012e
INUM:      152 PC: 0x0130 REG: 1 VALUE: 0x801e ADDR: 0x801e VALUE: 0x0000
INUM:      153 PC: 0x0132
INUM:      154 PC: 0x0134 REG: 3 VALUE: 0xfff7 ADDR: 0x7ffa
INUM:      155 PC: 0x0136
INUM:      156 PC: 0x0138 REG: 1 VALUE: 0x8014 ADDR: 0x8014 VALUE: 0xfff7
INUM:      157 PC: 0x013a
INUM:      158 PC: 0x013c REG: 5 VALUE: 0x0000 ADDR: 0x7ff2
INUM:      159 PC: 0x013e
INUM:      160 PC: 0x0140 REG: 5 VALUE: 0x0000 ADDR: 0x7ff2
INUM:      161 PC: 0x0142
INUM:      162 PC: 0x0144 ADDR: 0x801e VALUE: 0x0000
INUM:      163 PC: 0x0146
INUM:      164 PC: 0x0148 REG: 0 VALUE: 0x7fe2 ADDR: 0x7fe2 VALUE: 0x001f
INUM:      165 PC: 0x014a
INUM:      166 PC: 0x014c ADDR: 0x7fe8 VALUE: 0x0000
INUM:      167 PC: 0x014e
INUM:      168 PC: 0x0150 REG: 6 VALUE: 0x0000 ADDR: 0x7fd4
INUM:      169 PC: 0x0152
INUM:      170 PC: 0x0154 REG: 0 VALUE: 0x7fe0 ADDR: 0x7fe0 VALUE: 0x0000
INUM:      171 PC: 0x0156
INUM:      172 PC: 0x0158 REG: 3 VALUE: 0x0000 ADDR: 0x8006
INUM:      173 PC: 0x015a
INUM:      174 PC: 0x015c REG: 2 VALUE: 0x0000 ADDR: 0x801c
INUM:      175 PC: 0x015e
INUM:      176 PC: 0x0160 ADDR: 0x801c VALUE: 0x0000
INUM:      177 PC: 0x0162
INUM:      178 PC: 0x0164 REG: 3 VALUE: 0x0000 ADDR: 0x8018
INUM:      179 PC: 0x0166
INUM:      180 PC: 0x0168 REG: 4 VALUE: 0x0000 ADDR: 0x8022
INUM:      181 PC: 0x016a
INUM:      182 PC: 0x016c REG: 4 VALUE: 0x0000 ADDR: 0x8018
INUM:      183 PC: 0x016e
INUM:      184 PC: 0x0170 REG: 2 VALUE: 0x0000 ADDR: 0x7fea
INUM:      185 PC: 0x0172
INUM:      186 PC: 0x0174 ADDR: 0x7fe2 VALUE: 0x0000
INUM:      187 PC: 0x0176
INUM:      188 PC: 0x0178 REG: 1 VALUE: 0x801a ADDR: 0x801a VALUE: 0x0000
INUM:      189 PC: 0x017a
INUM:      190 PC: 0x017c REG: 2 VALUE: 0x0000 ADDR: 0x8024
INUM:      191 PC: 0x017e
INUM:      192 PC: 0x0180 REG: 6 VALUE: 0x0000 ADDR: 0x800c
INUM:      193 PC: 0x0182
INUM:      194 PC: 0x0184 REG: 5 VALUE: 0x0000 ADDR: 0x8018
INUM:      195 PC: 0x0186
INUM:      196 PC: 0x0188 REG: 0 VALUE: 0x7fd2 ADDR: 0x7fd2 VALUE: 0x0000
INUM:      197 PC: 0x018a
INUM:      198 PC: 0x018c ADDR: 0x801a VALUE: 0x0000
INUM:      199 PC: 0x018e
INUM:      200 PC: 0x0190 ADDR: 0x801a VALUE: 0x0000
INUM:      201 PC: 0x0192
INUM:      202 PC: 0x0194 REG: 5 VALUE: 0x0000 ADDR: 0x7fc4
INUM:      203 PC: 0x0196
INUM:      204 PC: 0x0198 REG: 3 VALUE: 0x0000 ADDR: 0x800c
INUM:      205 PC: 0x019a
INUM:      206 PC: 0x019c REG: 4 VALUE: 0x0000 ADDR: 0x8028
INUM:      207 PC: 0x019e
INUM:      208 PC: 0x01a0 ADDR: 0x8016 VALUE: 0x0000
INUM:      209 PC: 0x01a2
INUM:      210 PC: 0x01a4 ADDR: 0x800c VALUE: 0x0000
INUM:      211 PC: 0x01a6
INUM:      212 PC: 0x01a8 ADDR: 0x7fc4 VALUE: 0x0000
INUM:      213 PC: 0x01aa
INUM:      214 PC: 0x01ac REG: 6 VALUE: 0x0000 ADDR: 0x8028
INUM:      215 PC: 0x01ae
INUM:      216 PC: 0x01b0 REG: 2 VALUE: 0x8000 ADDR: 0x800e
INUM:      217 PC: 0x01b2 REG: 4 VALUE: 0x0000 ADDR: 0x7fd4
INUM:      218 PC: 0x01b4 REG: 3 VALUE: 0x0000
INUM:      219 PC: 0x01b6
INUM:      220 PC: 0x01b8 REG: 1 VALUE: 0x800c ADDR: 0x800c VALUE: 0x0000
INUM:      221 PC: 0x01ba
INUM:      222 PC: 0x01bc ADDR: 0x8014 VALUE: 0x0000
INUM:      223 PC: 0x01be
INUM:      224 PC: 0x01c0 ADDR: 0x7fc2 VALUE: 0x8000
INUM:      225 PC: 0x01c2
INUM:      226 PC: 0x01c4 REG: 0 VALUE: 0x7fcc ADDR: 0x7fcc VALUE: 0x0000
INUM:      227 PC: 0x01c6
INUM:      228 PC: 0x01c8 REG: 5 VALUE: 0x0000 ADDR: 0x7fbe
INUM:      229 PC: 0x01ca
INUM:      230 PC: 0x01cc REG: 0 VALUE: 0x7fd8 ADDR: 0x7fd8 VALUE: 0x0000
INUM:      231 PC: 0x01ce
INUM:      232 PC: 0x01d0 ADDR: 0x8012 VALUE: 0x0000
INUM:      233 PC: 0x01d2
INUM:      234 PC: 0x01d4 REG: 3 VALUE: 0x0000 ADDR: 0x8004
INUM:      235 PC: 0x01d6
INUM:      236 PC: 0x01d8 REG: 4 VALUE: 0x0000 ADDR: 0x7fe6
INUM:      237 PC: 0x01da
INUM:      238 PC: 0x01dc REG: 0 VALUE: 0x7fd0 ADDR: 0x7fd0 VALUE: 0x8000
INUM:      239 PC: 0x01de
INUM:      240 PC: 0x01e0 REG: 1 VALUE: 0x800e ADDR: 0x800e VALUE: 0x0000
INUM:      241 PC: 0x01e2
INUM:      242 PC: 0x01e4 REG: 2 VALUE: 0x0000 ADDR: 0x7fc8
INUM:      243 PC: 0x01e6 ADDR: 0x7fd6 VALUE: 0x0000
INUM:      244 PC: 0x01e8 REG: 2 VALUE: 0x0000
INUM:      245 PC: 0x01ea REG: 3 VALUE: 0x0000
INUM:      246 PC: 0x01ec
INUM:      247 PC: 0x01ee
INUM:      248 PC: 0x01fc REG: 7 VALUE: 0x7fee
INUM:      249 PC: 0x01fe REG: 4 VALUE: 0x0000
INUM:      250 PC: 0x0200 REG: 4 VALUE: 0x0000
INUM:      251 PC: 0x0202 REG: 6 VALUE: 0x801d
INUM:      252 PC: 0x0204 REG: 4 VALUE: 0x0001
INUM:      253 PC: 0x0206 REG: 6 VALUE: 0x0000
INUM:      254 PC: 0x0208 REG: 3 VALUE: 0x0001
INUM:      255 PC: 0x020a
INUM:      256 PC: 0x020c REG: 6 VALUE: 0x0000
INUM:      257 PC: 0x020e
INUM:      258 PC: 0x0210 REG: 2 VALUE: 0xc080 ADDR: 0x0000
INUM:      259 PC: 0x0212
INUM:      260 PC: 0x0214 ADDR: 0x8008 VALUE: 0x0000
INUM:      261 PC: 0x0216
INUM:      262 PC: 0x0218 ADDR: 0x7fda VALUE: 0x0001
INUM:      263 PC: 0x021a
INUM:      264 PC: 0x021c ADDR: 0x8010 VALUE: 0xc080
INUM:      265 PC: 0x021e
INUM:      266 PC: 0x0220 ADDR: 0x800c VALUE: 0x0001
INUM:      267 PC: 0x0222
INUM:      268 PC: 0x0224 ADDR: 0x8008 VALUE: 0xc080
INUM:      269 PC: 0x0226
INUM:      270 PC: 0x0228 ADDR: 0x7fd8 VALUE: 0x0000
INUM:      271 PC: 0x022a
INUM:      272 PC: 0x022c ADDR: 0x7ffe VALUE: 0x0000
INUM:      273 PC: 0x022e
INUM:      274 PC: 0x0230 REG: 4 VALUE: 0x0000 ADDR: 0x7fcc
INUM:      275 PC: 0x0232
INUM:      276 PC: 0x0234 REG: 5 VALUE: 0x0000 ADDR: 0x800e
INUM:      277 PC: 0x0236
INUM:      278 PC: 0x0238 REG: 5 VALUE: 0x8000 ADDR: 0x7fc2
INUM:      279 PC: 0x023a
INUM:      280 PC: 0x023c REG: 5 VALUE: 0x0000 ADDR: 0x7fc8
INUM:      281 PC: 0x023e
INUM:      282 PC: 0x0240 REG: 0 VALUE: 0x7fce ADDR: 0x7fce VALUE: 0x0000
INUM:      283 PC: 0x0242
INUM:      284 PC: 0x0244 ADDR: 0x8000 VALUE: 0x0000
INUM:      285 PC: 0x0246
INUM:      286 PC: 0x0248 REG: 0 VALUE: 0x7fc6 ADDR: 0x7fc6 VALUE: 0x0000
INUM:      287 PC: 0x024a
INUM:      288 PC: 0x024c REG: 4 VALUE: 0x0000 ADDR: 0x8014
INUM:      289 PC: 0x024e
INUM:      290 PC: 0x0250 REG: 1 VALUE: 0x8006 ADDR: 0x8006 VALUE: 0x0000
INUM:      291 PC: 0x0252
INUM:      292 PC: 0x0254 REG: 0 VALUE: 0x7fbc ADDR: 0x7fbc VALUE: 0xc080
INUM:      293 PC: 0x0256
INUM:      294 PC: 0x0258 REG: 4 VALUE: 0x0001 ADDR: 0x800c
INUM:      295 PC: 0x025a
INUM:      296 PC: 0x025c REG: 4 VALUE: 0x0000 ADDR: 0x7ff8
INUM:      297 PC: 0x025e
INUM:      298 PC: 0x0260 ADDR: 0x8008 VALUE: 0x0000
INUM:      299 PC: 0x0262
INUM:      300 PC: 0x0264 REG: 2 VALUE: 0x0000 ADDR: 0x7fbe
INUM:      301 PC: 0x0266
INUM:      302 PC: 0x0268 REG: 1 VALUE: 0x8008 ADDR: 0x8008 VALUE: 0x0000
INUM:      303 PC: 0x026a
INUM:      304 PC: 0x026c REG: 0 VALUE: 0x7fac ADDR: 0x7fac VALUE: 0x0000
INUM:      305 PC: 0x026e
INUM:      306 PC: 0x0270 REG: 6 VALUE: 0x0000 ADDR: 0x7fae
INUM:      307 PC: 0x0272
INUM:      308 PC: 0x0274 REG: 3 VALUE: 0x0000 ADDR: 0x7fb6
INUM:      309 PC: 0x0276
INUM:      310 PC: 0x0278 REG: 4 VALUE: 0x0000 ADDR: 0x8012
INUM:      311 PC: 0x027a
INUM:      312 PC: 0x027c REG: 4 VALUE: 0x0000 ADDR: 0x7fba
INUM:      313 PC: 0x027e
INUM:      314 PC: 0x0280 REG: 1 VALUE: 0x800c ADDR: 0x800c VALUE: 0x0000
INUM:      315 PC: 0x0282
INUM:      316 PC: 0x0284 REG: 1 VALUE: 0x7ffc ADDR: 0x7ffc VALUE: 0x0000
INUM:      317 PC: 0x0286
INUM:      318 PC: 0x0288 REG: 1 VALUE: 0x8008 ADDR: 0x8008 VALUE: 0x0000
INUM:      319 PC: 0x028a
INUM:      320 PC: 0x028c REG: 4 VALUE: 0xc080 ADDR: 0x8010
INUM:      321 PC: 0x028e
INUM:      322 PC: 0x0290 REG: 1 VALUE: 0x8002 ADDR: 0x8002 VALUE: 0x0000
INUM:      323 PC: 0x0292
INUM:      324 PC: 0x0294 REG: 1 VALUE: 0x7ff6 ADDR: 0x7ff6 VALUE: 0x0000
INUM:      325 PC: 0x0296
INUM:      326 PC: 0x0298 ADDR: 0x7fea VALUE: 0x0000
INUM:      327 PC: 0x029a
INUM:      328 PC: 0x029c REG: 2 VALUE: 0x0000 ADDR: 0x7fb2
INUM:      329 PC: 0x029e
INUM:      330 PC: 0x02a0 ADDR: 0x7fa8 VALUE: 0x0000
INUM:      331 PC: 0x02a2
INUM:      332 PC: 0x02a4 REG: 6 VALUE: 0x0000 ADDR: 0x7fe6
INUM:      333 PC: 0x02a6
INUM:      334 PC: 0x02a8 REG: 1 VALUE: 0x7fe8 ADDR: 0x7fe8 VALUE: 0xc080
INUM:      335 PC: 0x02aa
INUM:      336 PC: 0x02ac REG: 6 VALUE: 0x0000 ADDR: 0x7fdc
INUM:      337 PC: 0x02ae
INUM:      338 PC: 0x02b0 REG: 5 VALUE: 0x0000 ADDR: 0x7fa8
INUM:      339 PC: 0x02b2
INUM:      340 PC: 0x02b4 REG: 1 VALUE: 0x7ff0 ADDR: 0x7ff0 VALUE: 0x0000
INUM:      341 PC: 0x02b6
INUM:      342 PC: 0x02b8 REG: 2 VALUE: 0xc080 ADDR: 0x7fe8
INUM:      343 PC: 0x02ba
INUM:      344 PC: 0x02bc ADDR: 0x7fea VALUE: 0x0000
INUM:      345 PC: 0x02be
INUM:      346 PC: 0x02c0 REG: 6 VALUE: 0x0000 ADDR: 0x7f9c
INUM:      347 PC: 0x02c2
INUM:      348 PC: 0x02c4 REG: 2 VALUE: 0x0000 ADDR: 0x7fba
INUM:      349 PC: 0x02c6
INUM:      350 PC: 0x02c8 REG: 6 VALUE: 0x0000 ADDR: 0x7fa6
INUM:      351 PC: 0x02ca
INUM:      352 PC: 0x02cc REG: 0 VALUE: 0x7fa0 ADDR: 0x7fa0 VALUE: 0xc080
INUM:      353 PC: 0x02ce
INUM:      354 PC: 0x02d0 REG: 3 VALUE: 0x8000 ADDR: 0x7ff4
INUM:      355 PC: 0x02d2
INUM:      356 PC: 0x02d4 REG: 4 VALUE: 0x0000 ADDR: 0x7f9a
INUM:      357 PC: 0x02d6
INUM:      358 PC: 0x02d8 ADDR: 0x7fec VALUE: 0x0000
INUM:      359 PC: 0x02da
INUM:      360 PC: 0x02dc REG: 2 VALUE: 0x0000 ADDR: 0x7ffc
INUM:      361 PC: 0x02de
INUM:      362 PC: 0x02e0 ADDR: 0x7fec VALUE: 0x0000
INUM:      363 PC: 0x02e2
INUM:      364 PC: 0x02e4 REG: 3 VALUE: 0xc080 ADDR: 0x7fe8
INUM:      365 PC: 0x02e6
INUM:      366 PC: 0x02e8 REG: 2 VALUE: 0x0000 ADDR: 0x7fae
INUM:      367 PC: 0x02ea
INUM:      368 PC: 0x02ec REG: 0 VALUE: 0x7f96 ADDR: 0x7f96 VALUE: 0x0000
INUM:      369 PC: 0x02ee
INUM:      370 PC: 0x02f0 REG: 3 VALUE: 0x0000 ADDR: 0x7f90
INUM:      371 PC: 0x02f2
INUM:      372 PC: 0x02f4 REG: 6 VALUE: 0xfff7 ADDR: 0x7ffa
INUM:      373 PC: 0x02f6
INUM:      374 PC: 0x02f8 REG: 1 VALUE: 0x7ff6 ADDR: 0x7ff6 VALUE: 0xfff7
INUM:      375 PC: 0x02fa
INUM:      376 PC: 0x02fc REG: 6 VALUE: 0x0000 ADDR: 0x7f92
INUM:      377 PC: 0x02fe REG: 1 VALUE: 0x8000 ADDR: 0x8000 VALUE: 0x0000
INUM:      378 PC: 0x0300 REG: 0 VALUE: 0x7f92
INUM:      379 PC: 0x0302
INUM:      380 PC: 0x0304 REG: 4 VALUE: 0x0000 ADDR: 0x7f9e
INUM:      381 PC: 0x0306
INUM:      382 PC: 0x0308 ADDR: 0x8006 VALUE: 0x0000
INUM:      383 PC: 0x030a
INUM:      384 PC: 0x030c ADDR: 0x7ff2 VALUE: 0x0000
INUM:      385 PC: 0x030e
INUM:      386 PC: 0x0310 REG: 6 VALUE: 0x0000 ADDR: 0x800a
INUM:      387 PC: 0x0312
INUM:      388 PC: 0x0314 REG: 4 VALUE: 0xfff7 ADDR: 0x7ffa
INUM:      389 PC: 0x0316
INUM:      390 PC: 0x0318 ADDR: 0x8006 VALUE: 0x0000
INUM:      391 PC: 0x031a
INUM:      392 PC: 0x031c REG: 1 VALUE: 0x8004 ADDR: 0x8004 VALUE: 0x0000
INUM:      393 PC: 0x031e
INUM:      394 PC: 0x0320 REG: 2 VALUE: 0x0000 ADDR: 0x7f86
INUM:      395 PC: 0x0322
INUM:      396 PC: 0x0324 ADDR: 0x7ff6 VALUE: 0x0000
INUM:      397 PC: 0x0326
INUM:      398 PC: 0x0328 REG: 5 VALUE: 0x0000 ADDR: 0x7f8a
INUM:      399 PC: 0x032a
INUM:      400 PC: 0x032c ADDR: 0x8000 VALUE: 0x0000
INUM:      401 PC: 0x032e
INUM:      402 PC: 0x0330 ADDR: 0x7f8c VALUE: 0x0000
INUM:      403 PC: 0x0332
INUM:      404 PC: 0x0334 REG: 6 VALUE: 0x0000 ADDR: 0x7f8e
INUM:      405 PC: 0x0336
INUM:      406 PC: 0x0338 REG: 4 VALUE: 0x8000 ADDR: 0x7ff4
INUM:      407 PC: 0x033a
INUM:      408 PC: 0x033c REG: 6 VALUE: 0x0000 ADDR: 0x7f92
INUM:      409 PC: 0x033e
INUM:      410 PC: 0x0340 ADDR: 0x7f9c VALUE: 0x0000
INUM:      411 PC: 0x0342
INUM:      412 PC: 0x0344 REG: 5 VALUE: 0x0000 ADDR: 0x7f92
INUM:      413 PC: 0x0346
INUM:      414 PC: 0x0348 REG: 1 VALUE: 0x7ff4 ADDR: 0x7ff4 VALUE: 0x0000
INUM:      415 PC: 0x034a
INUM:      416 PC: 0x034c REG: 2 VALUE: 0x0000 ADDR: 0x7fe6
INUM:      417 PC: 0x034e
INUM:      418 PC: 0x0350 ADDR: 0x7f88 VALUE: 0x8000
INUM:      419 PC: 0x0352
INUM:      420 PC: 0x0354 REG: 6 VALUE: 0x0000 ADDR: 0x7fea
INUM:      421 PC: 0x0356
INUM:      422 PC: 0x0358 ADDR: 0x7fee VALUE: 0x0000
INUM:      423 PC: 0x035a
INUM:      424 PC: 0x035c REG: 6 VALUE: 0x0000 ADDR: 0x7ffe
INUM:      425 PC: 0x035e
INUM:      426 PC: 0x0360 REG: 0 VALUE: 0x7f8c ADDR: 0x7f8c VALUE: 0x0000
INUM:      427 PC: 0x0362
INUM:      428 PC: 0x0364 ADDR: 0x7f9a VALUE: 0x0000
INUM:      429 PC: 0x0366
INUM:      430 PC: 0x0368 ADDR: 0x7f86 VALUE: 0x0000
INUM:      431 PC: 0x036a
INUM:      432 PC: 0x036c REG: 1 VALUE: 0x7fea ADDR: 0x7fea VALUE: 0x0000
INUM:      433 PC: 0x036e
INUM:      434 PC: 0x0370 ADDR: 0x7f7c VALUE: 0x0000
INUM:      435 PC: 0x0372
INUM:      436 PC: 0x0374 REG: 2 VALUE: 0x0000 ADDR: 0x7f7c
INUM:      437 PC: 0x0376
INUM:      438 PC: 0x0378 REG: 3 VALUE: 0x0000 ADDR: 0x7ff4
INUM:      439 PC: 0x037a
INUM:      440 PC: 0x037c ADDR: 0x7f92 VALUE: 0x0000
INUM:      441 PC: 0x037e
INUM:      442 PC: 0x0380 REG: 1 VALUE: 0x7fe4 ADDR: 0x7fe4 VALUE: 0x8000
INUM:      443 PC: 0x0382
INUM:      444 PC: 0x0384 REG: 1 VALUE: 0x7fde ADDR: 0x7fde VALUE: 0x8000
INUM:      445 PC: 0x0386
INUM:      446 PC: 0x0388 REG: 1 VALUE: 0x7fe6 ADDR: 0x7fe6 VALUE: 0x0000
INUM:      447 PC: 0x038a
INUM:      448 PC: 0x038c REG: 1 VALUE: 0x7fe6 ADDR: 0x7fe6 VALUE: 0x8000
INUM:      449 PC: 0x038e
INUM:      450 PC: 0x0390 REG: 6 VALUE: 0x0000 ADDR: 0x7f8c
INUM:      451 PC: 0x0392
INUM:      452 PC: 0x0394 REG: 0 VALUE: 0x7f88 ADDR: 0x7f88 VALUE: 0x8000
INUM:      453 PC: 0x0396
INUM:      454 PC: 0x0398 ADDR: 0x7fee VALUE: 0x0000
INUM:      455 PC: 0x039a
INUM:      456 PC: 0x039c ADDR: 0x7fe8 VALUE: 0x0000
INUM:      457 PC: 0x039e
INUM:      458 PC: 0x03a0 REG: 6 VALUE: 0x8000 ADDR: 0x7fe4
INUM:      459 PC: 0x03a2
INUM:      460 PC: 0x03a4 REG: 4 VALUE: 0x0000 ADDR: 0x7f8c
INUM:      461 PC: 0x03a6
INUM:      462 PC: 0x03a8 REG: 4 VALUE: 0x0000 ADDR: 0x7f84
INUM:      463 PC: 0x03aa
INUM:      464 PC: 0x03ac REG: 1 VALUE: 0x7fdc ADDR: 0x7fdc VALUE: 0x8000
INUM:      465 PC: 0x03ae
INUM:      466 PC: 0x03b0 REG: 6 VALUE: 0x0000 ADDR: 0x7fe0
INUM:      467 PC: 0x03b2
INUM:      468 PC: 0x03b4 REG: 1 VALUE: 0x7fce ADDR: 0x7fce VALUE: 0x0000
INUM:      469 PC: 0x03b6
INUM:      470 PC: 0x03b8 REG: 1 VALUE: 0x7fce ADDR: 0x7fce VALUE: 0x0000
INUM:      471 PC: 0x03ba
INUM:      472 PC: 0x03bc REG: 1 VALUE: 0x7fc8 ADDR: 0x7fc8 VALUE: 0x0000
INUM:      473 PC: 0x03be
INUM:      474 PC: 0x03c0 REG: 4 VALUE: 0xc080 ADDR: 0x7fbc
INUM:      475 PC: 0x03c2
INUM:      476 PC: 0x03c4 REG: 5 VALUE: 0x0000 ADDR: 0x7fd2
INUM:      477 PC: 0x03c6
INUM:      478 PC: 0x03c8 REG: 0 VALUE: 0x7f82 ADDR: 0x7f82 VALUE: 0xc080
INUM:      479 PC: 0x03ca
INUM:      480 PC: 0x03cc ADDR: 0x7f80 VALUE: 0x0000
INUM:      481 PC: 0x03ce
INUM:      482 PC: 0x03d0 ADDR: 0x7fbe VALUE: 0x0000
INUM:      483 PC: 0x03d2
INUM:      484 PC: 0x03d4 REG: 2 VALUE: 0xc080 ADDR: 0x7f82
INUM:      485 PC: 0x03d6
INUM:      486 PC: 0x03d8 REG: 4 VALUE: 0x0000 ADDR: 0x7f76
INUM:      487 PC: 0x03da
INUM:      488 PC: 0x03dc REG: 6 VALUE: 0x0000 ADDR: 0x7f78
INUM:      489 PC: 0x03de
INUM:      490 PC: 0x03e0 ADDR: 0x7fc2 VALUE: 0x0000
INUM:      491 PC: 0x03e2
INUM:      492 PC: 0x03e4 REG: 4 VALUE: 0x0000 ADDR: 0x7f90
INUM:      493 PC: 0x03e6
INUM:      494 PC: 0x03e8 REG: 3 VALUE: 0x0000 ADDR: 0x7f7e
INUM:      495 PC: 0x03ea
INUM:      496 PC: 0x03ec REG: 6 VALUE: 0xc080 ADDR: 0x7fbc
INUM:      497 PC: 0x03ee
INUM:      498 PC: 0x03f0 REG: 5 VALUE: 0x0000 ADDR: 0x7f7c
INUM:      499 PC: 0x03f2
INUM:      500 PC: 0x03f4 REG: 4 VALUE: 0x0000 ADDR: 0x7f74
INUM:      501 PC: 0x03f6
INUM:      502 PC: 0x03f8 ADDR: 0x7f7a VALUE: 0x0000
INUM:      503 PC: 0x03fa
INUM:      504 PC: 0x03fc ADDR: 0x7f7a VALUE: 0x0000
INUM:      505 PC: 0x03fe
INUM:      506 PC: 0x0400 ADDR: 0x7f72 VALUE: 0xc080
INUM:      507 PC: 0x0402
INUM:      508 PC: 0x0404 REG: 6 VALUE: 0xc080 ADDR: 0x7f82
INUM:      509 PC: 0x0406
INUM:      510 PC: 0x0408 REG: 0 VALUE: 0x7f76 ADDR: 0x7f76 VALUE: 0xc080
INUM:      511 PC: 0x040a
INUM:      512 PC: 0x040c ADDR: 0x7fce VALUE: 0x0000
INUM:      513 PC: 0x040e
INUM:      514 PC: 0x0410 REG: 0 VALUE: 0x7f74 ADDR: 0x7f74 VALUE: 0x0000
INUM:      515 PC: 0x0412
INUM:      516 PC: 0x0414 REG: 0 VALUE: 0x7f6a ADDR: 0x7f6a VALUE: 0xc080
INUM:      517 PC: 0x0416
INUM:      518 PC: 0x0418 REG: 0 VALUE: 0x7f6a ADDR: 0x7f6a VALUE: 0x0000
INUM:      519 PC: 0x041a
INUM:      520 PC: 0x041c REG: 4 VALUE: 0x0000 ADDR: 0x7f74
INUM:      521 PC: 0x041e
INUM:      522 PC: 0x0420 REG: 2 VALUE: 0x0000 ADDR: 0x7fb8
INUM:      523 PC: 0x0422
INUM:      524 PC: 0x0424 REG: 3 VALUE: 0x0000 ADDR: 0x7f5e
INUM:      525 PC: 0x0426
INUM:      526 PC: 0x0428 REG: 0 VALUE: 0x7f78 ADDR: 0x7f78 VALUE: 0x0000
INUM:      527 PC: 0x042a
INUM:      528 PC: 0x042c REG: 5 VALUE: 0xc080 ADDR: 0x7f72
INUM:      529 PC: 0x042e
INUM:      530 PC: 0x0430 REG: 1 VALUE: 0x7fc2 ADDR: 0x7fc2 VALUE: 0x0000
INUM:      531 PC: 0x0432
INUM:      532 PC: 0x0434 ADDR: 0x7f7e VALUE: 0x0000
INUM:      533 PC: 0x0436
INUM:      534 PC: 0x0438 REG: 5 VALUE: 0x0000 ADDR: 0x7f7a
INUM:      535 PC: 0x043a
INUM:      536 PC: 0x043c REG: 2 VALUE: 0x0000 ADDR: 0x7fb6
INUM:      537 PC: 0x043e
INUM:      538 PC: 0x0440 REG: 0 VALUE: 0x7f7a ADDR: 0x7f7a VALUE: 0x0000
INUM:      539 PC: 0x0442
INUM:      540 PC: 0x0444 ADDR: 0x7fc8 VALUE: 0xc080
INUM:      541 PC: 0x0446
INUM:      542 PC: 0x0448 REG: 3 VALUE: 0x0000 ADDR: 0x7fb4
INUM:      543 PC: 0x044a
INUM:      544 PC: 0x044c REG: 4 VALUE: 0x0000 ADDR: 0x7fc4
INUM:      545 PC: 0x044e
INUM:      546 PC: 0x0450 REG: 4 VALUE: 0xc080 ADDR: 0x7fc8
INUM:      547 PC: 0x0452
INUM:      548 PC: 0x0454 ADDR: 0x7f6c VALUE: 0x0000
INUM:      549 PC: 0x0456
INUM:      550 PC: 0x0458 REG: 1 VALUE: 0x7fc8 ADDR: 0x7fc8 VALUE: 0x0000
INUM:      551 PC: 0x045a
INUM:      552 PC: 0x045c REG: 1 VALUE: 0x7fc2 ADDR: 0x7fc2 VALUE: 0x0000
INUM:      553 PC: 0x045e
INUM:      554 PC: 0x0460 ADDR: 0x7f86 VALUE: 0x0000
INUM:      555 PC: 0x0462
INUM:      556 PC: 0x0464 REG: 3 VALUE: 0x0000 ADDR: 0x7fb4
INUM:      557 PC: 0x0466
INUM:      558 PC: 0x0468 REG: 1 VALUE: 0x7fba ADDR: 0x7fba VALUE: 0x0000
INUM:      559 PC: 0x046a ADDR: 0x7fb0 VALUE: 0x0000
INUM:      560 PC: 0x046c REG: 0 VALUE: 0x7f7a
INUM:      561 PC: 0x046e
INUM:      562 PC: 0x0470 REG: 3 VALUE: 0x8000 ADDR: 0x7f88
INUM:      563 PC: 0x0472
INUM:      564 PC: 0x0474 ADDR: 0x7f84 VALUE: 0x0000
INUM:      565 PC: 0x0476
INUM:      566 PC: 0x0478 REG: 5 VALUE: 0x0000 ADDR: 0x7f80
INUM:      567 PC: 0x047a
INUM:      568 PC: 0x047c REG: 1 VALUE: 0x7faa ADDR: 0x7faa VALUE: 0xc080
INUM:      569 PC: 0x047e
INUM:      570 PC: 0x0480 REG: 2 VALUE: 0x0000 ADDR: 0x7fa8
INUM:      571 PC: 0x0482
INUM:      572 PC: 0x0484 REG: 1 VALUE: 0x7fa4 ADDR: 0x7fa4 VALUE: 0xc080
INUM:      573 PC: 0x0486
INUM:      574 PC: 0x0488 REG: 0 VALUE: 0x7f84 ADDR: 0x7f84 VALUE: 0x0000
INUM:      575 PC: 0x048a
INUM:      576 PC: 0x048c REG: 4 VALUE: 0x0000 ADDR: 0x7f7e
INUM:      577 PC: 0x048e
INUM:      578 PC: 0x0490 ADDR: 0x7f94 VALUE: 0x0000
INUM:      579 PC: 0x0492
INUM:      580 PC: 0x0494 REG: 0 VALUE: 0x7f82 ADDR: 0x7f82 VALUE: 0x0000
INUM:      581 PC: 0x0496
INUM:      582 PC: 0x0498 REG: 6 VALUE: 0x0000 ADDR: 0x7f90
INUM:      583 PC: 0x049a
INUM:      584 PC: 0x049c ADDR: 0x7f82 VALUE: 0x0000
INUM:      585 PC: 0x049e
INUM:      586 PC: 0x04a0 ADDR: 0x7f98 VALUE: 0x0000
INUM:      587 PC: 0x04a2 ADDR: 0x7f96 VALUE: 0x0000
INUM:      588 PC: 0x04a4 REG: 0 VALUE: 0x7f8a
INUM:      589 PC: 0x04a6
INUM:      590 PC: 0x04a8 REG: 5 VALUE: 0x0000 ADDR: 0x7f7e
INUM:      591 PC: 0x04aa
INUM:      592 PC: 0x04ac REG: 4 VALUE: 0x0000 ADDR: 0x7fae
INUM:      593 PC: 0x04ae
INUM:      594 PC: 0x04b0 ADDR: 0x7f9e VALUE: 0x0000
INUM:      595 PC: 0x04b2
INUM:      596 PC: 0x04b4 REG: 2 VALUE: 0x0000 ADDR: 0x7fa8
INUM:      597 PC: 0x04b6
INUM:      598 PC: 0x04b8 REG: 5 VALUE: 0x0000 ADDR: 0x7f92
INUM:      599 PC: 0x04ba
INUM:      600 PC: 0x04bc ADDR: 0x7f94 VALUE: 0x8000
INUM:      601 PC: 0x04be
INUM:      602 PC: 0x04c0 REG: 3 VALUE: 0x0000 ADDR: 0x7f86
INUM:      603 PC: 0x04c2
INUM:      604 PC: 0x04c4 ADDR: 0x7fa2 VALUE: 0x0000
INUM:      605 PC: 0x04c6
INUM:      606 PC: 0x04c8 REG: 2 VALUE: 0x0000 ADDR: 0x7f96
INUM:      607 PC: 0x04ca
INUM:      608 PC: 0x04cc ADDR: 0x7fa8 VALUE: 0x0000
INUM:      609 PC: 0x04ce
INUM:      610 PC: 0x04d0 ADDR: 0x7fa6 VALUE: 0x0000
INUM:      611 PC: 0x04d2
INUM:      612 PC: 0x04d4 ADDR: 0x7fb2 VALUE: 0x0000
INUM:      613 PC: 0x04d6
INUM:      614 PC: 0x04d8 ADDR: 0x7fa2 VALUE: 0x0000
INUM:      615 PC: 0x04da
INUM:      616 PC: 0x04dc REG: 6 VALUE: 0x0000 ADDR: 0x7f9a
INUM:      617 PC: 0x04de
INUM:      618 PC: 0x04e0 REG: 6 VALUE: 0x0000 ADDR: 0x7fa6
INUM:      619 PC: 0x04e2
INUM:      620 PC: 0x04e4 ADDR: 0x7f94 VALUE: 0x0000
INUM:      621 PC: 0x04e6
INUM:      622 PC: 0x04e8 REG: 3 VALUE: 0x0000 ADDR: 0x7fac
INUM:      623 PC: 0x04ea
INUM:      624 PC: 0x04ec REG: 0 VALUE: 0x7f96 ADDR: 0x7f96 VALUE: 0x0000
INUM:      625 PC: 0x04ee
INUM:      626 PC: 0x04f0 REG: 1 VALUE: 0x7fac ADDR: 0x7fac VALUE: 0x0000
INUM:      627 PC: 0x04f2
INUM:      628 PC: 0x04f4 REG: 2 VALUE: 0x0000 ADDR: 0x7f96
INUM:      629 PC: 0x04f6
INUM:      630 PC: 0x04f8 ADDR: 0x7f8c VALUE: 0x0000
INUM:      631 PC: 0x04fa
INUM:      632 PC: 0x04fc REG: 0 VALUE: 0x7f86 ADDR: 0x7f86 VALUE: 0x0000
INUM:      633 PC: 0x04fe
INUM:      634 PC: 0x0500 ADDR: 0x7f7c VALUE: 0x0000
INUM:      635 PC: 0x0502
INUM:      636 PC: 0x0504 REG: 3 VALUE: 0x0000 ADDR: 0x7f94
INUM:      637 PC: 0x0506
INUM:      638 PC: 0x0508 REG: 6 VALUE: 0x0000 ADDR: 0x7fb0
INUM:      639 PC: 0x050a
INUM:      640 PC: 0x050c REG: 5 VALUE: 0x0000 ADDR: 0x7f8a
INUM:      641 PC: 0x050e
INUM:      642 PC: 0x0510 ADDR: 0x7f7e VALUE: 0x0000
INUM:      643 PC: 0x0512
INUM:      644 PC: 0x0514 REG: 2 VALUE: 0x0000 ADDR: 0x7f9e
INUM:      645 PC: 0x0516
INUM:      646 PC: 0x0518 REG: 3 VALUE: 0x0000 ADDR: 0x7f80
INUM:      647 PC: 0x051a
INUM:      648 PC: 0x051c ADDR: 0x7fa6 VALUE: 0x0000
INUM:      649 PC: 0x051e
INUM:      650 PC: 0x0520 ADDR: 0x7fb0 VALUE: 0x0000
INUM:      651 PC: 0x0522
INUM:      652 PC: 0x0524 REG: 2 VALUE: 0x0000 ADDR: 0x7f7a
INUM:      653 PC: 0x0526
INUM:      654 PC: 0x0528 REG: 0 VALUE: 0x7f94 ADDR: 0x7f94 VALUE: 0x0000
INUM:      655 PC: 0x052a
INUM:      656 PC: 0x052c REG: 4 VALUE: 0x0000 ADDR: 0x7f92
INUM:      657 PC: 0x052e
INUM:      658 PC: 0x0530 REG: 1 VALUE: 0x7f9c ADDR: 0x7f9c VALUE: 0x0000
INUM:      659 PC: 0x0532
INUM:      660 PC: 0x0534 REG: 1 VALUE: 0x7fa4 ADDR: 0x7fa4 VALUE: 0x0000
INUM:      661 PC: 0x0536
INUM:      662 PC: 0x0538 REG: 2 VALUE: 0x0000 ADDR: 0x7f84
INUM:      663 PC: 0x053a
INUM:      664 PC: 0x053c REG: 3 VALUE: 0x0000 ADDR: 0x7f8e
INUM:      665 PC: 0x053e
INUM:      666 PC: 0x0540 REG: 1 VALUE: 0x7fb0 ADDR: 0x7fb0 VALUE: 0x0000
INUM:      667 PC: 0x0542 ADDR: 0x7fb0 VALUE: 0x0000
INUM:      668 PC: 0x0544 REG: 7 VALUE: 0x0020
INUM:      669 PC: 0x0546
INUM:      670 PC: 0x0548 ADDR: 0x7f9a VALUE: 0x0000
INUM:      671 PC: 0x054a
INUM:      672 PC: 0x054c REG: 3 VALUE: 0x0000 ADDR: 0x7f84
INUM:      673 PC: 0x054e
INUM:      674 PC: 0x0550 REG: 4 VALUE: 0xc080 ADDR: 0x7fa0
INUM:      675 PC: 0x0552
INUM:      676 PC: 0x0554 REG: 4 VALUE: 0x0000 ADDR: 0x7fa2
INUM:      677 PC: 0x0556
INUM:      678 PC: 0x0558 REG: 3 VALUE: 0x0000 ADDR: 0x7f8a
INUM:      679 PC: 0x055a
INUM:      680 PC: 0x055c REG: 1 VALUE: 0x7fa0 ADDR: 0x7fa0 VALUE: 0x0000
INUM:      681 PC: 0x055e
INUM:      682 PC: 0x0560 REG: 0 VALUE: 0x7f8e ADDR: 0x7f8e VALUE: 0x0000
INUM:      683 PC: 0x0562
INUM:      684 PC: 0x0564 REG: 6 VALUE: 0x0000 ADDR: 0x7fae
INUM:      685 PC: 0x0566
INUM:      686 PC: 0x0568 REG: 6 VALUE: 0x0000 ADDR: 0x7f80
INUM:      687 PC: 0x056a ADDR: 0x7f7e VALUE: 0x0000
INUM:      688 PC: 0x056c REG: 1 VALUE: 0x7f9c
INUM:      689 PC: 0x056e
INUM:      690 PC: 0x0570 ADDR: 0x7f92 VALUE: 0x0000
INUM:      691 PC: 0x0572
INUM:      692 PC: 0x0574 REG: 2 VALUE: 0x0000 ADDR: 0x7f8c
INUM:      693 PC: 0x0576
INUM:      694 PC: 0x0578 ADDR: 0x7f94 VALUE: 0x0000
INUM:      695 PC: 0x057a
INUM:      696 PC: 0x057c REG: 2 VALUE: 0x0000 ADDR: 0x7f98
INUM:      697 PC: 0x057e
INUM:      698 PC: 0x0580 ADDR: 0x7f9a VALUE: 0x0000
INUM:      699 PC: 0x0582
INUM:      700 PC: 0x0584 ADDR: 0x7faa VALUE: 0x0000
INUM:      701 PC: 0x0586
INUM:      702 PC: 0x0588 REG: 3 VALUE: 0x0000 ADDR: 0x7f96
INUM:      703 PC: 0x058a
INUM:      704 PC: 0x058c REG: 3 VALUE: 0x0000 ADDR: 0x7f9a
INUM:      705 PC: 0x058e
INUM:      706 PC: 0x0590 ADDR: 0x7f98 VALUE: 0x0000
INUM:      707 PC: 0x0592
INUM:      708 PC: 0x0594 REG: 6 VALUE: 0x0000 ADDR: 0x7f96
INUM:      709 PC: 0x0596
INUM:      710 PC: 0x0598 REG: 1 VALUE: 0x7fa4 ADDR: 0x7fa4 VALUE: 0x0000
INUM:      711 PC: 0x059a
INUM:      712 PC: 0x059c REG: 0 VALUE: 0x7f96 ADDR: 0x7f96 VALUE: 0x0000
INUM:      713 PC: 0x059e
INUM:      714 PC: 0x05a0 REG: 5 VALUE: 0x0000 ADDR: 0x7fa6
INUM:      715 PC: 0x05a2
INUM:      716 PC: 0x05a4 REG: 6 VALUE: 0x0000 ADDR: 0x7f9a
INUM:      717 PC: 0x05a6
INUM:      718 PC: 0x05a8 REG: 1 VALUE: 0x7f9a ADDR: 0x7f9a VALUE: 0x0000
INUM:      719 PC: 0x05aa
INUM:      720 PC: 0x05ac REG: 4 VALUE: 0x0000 ADDR: 0x7fa0
INUM:      721 PC: 0x05ae
INUM:      722 PC: 0x05b0 ADDR: 0x7fa4 VALUE: 0x0000
INUM:      723 PC: 0x05b2
INUM:      724 PC: 0x05b4 REG: 3 VALUE: 0x0000 ADDR: 0x7f96
INUM:      725 PC: 0x05b6
INUM:      726 PC: 0x05b8 REG: 5 VALUE: 0x0000 ADDR: 0x7f9c
INUM:      727 PC: 0x05ba
INUM:      728 PC: 0x05bc REG: 2 VALUE: 0x0000 ADDR: 0x7f98
INUM:      729 PC: 0x05be
INUM:      730 PC: 0x05c0 REG: 5 VALUE: 0x0000 ADDR: 0x7f9e
INUM:      731 PC: 0x05c2
INUM:      732 PC: 0x05c4 REG: 5 VALUE: 0x0000 ADDR: 0x7fa8
INUM:      733 PC: 0x05c6
INUM:      734 PC: 0x05c8 REG: 6 VALUE: 0x0000 ADDR: 0x7fa2
INUM:      735 PC: 0x05ca
INUM:      736 PC: 0x05cc REG: 6 VALUE: 0x0000 ADDR: 0x7f9c
INUM:      737 PC: 0x05ce
INUM:      738 PC: 0x05d0 REG: 5 VALUE: 0x0000 ADDR: 0x7fa2
INUM:      739 PC: 0x05d2
INUM:      740 PC: 0x05d4 REG: 4 VALUE: 0x0000 ADDR: 0x7fa8
INUM:      741 PC: 0x05d6
INUM:      742 PC: 0x05d8 REG: 3 VALUE: 0x0000 ADDR: 0x7fa8
INUM:      743 PC: 0x05da
INUM:      744 PC: 0x05dc REG: 1 VALUE: 0x7fa4 ADDR: 0x7fa4 VALUE: 0x0000
INUM:      745 PC: 0x05de
INUM:      746 PC: 0x05e0 REG: 0 VALUE: 0x7f96 ADDR: 0x7f96 VALUE: 0x0000
INUM:      747 PC: 0x05e2
INUM:      748 PC: 0x05e4 REG: 4 VALUE: 0x0000 ADDR: 0x7f9e
INUM:      749 PC: 0x05e6
INUM:      750 PC: 0x05e8 REG: 0 VALUE: 0x7f90 ADDR: 0x7f90 VALUE: 0x0000
INUM:      751 PC: 0x05ea
INUM:      752 PC: 0x05ec REG: 5 VALUE: 0x0000 ADDR: 0x7f98
INUM:      753 PC: 0x05ee REG: 1 VALUE: 0x7fac ADDR: 0x7fac VALUE: 0x0000
INUM:      754 PC: 0x05f0 REG: 2 VALUE: 0x0000
INUM:      755 PC: 0x05f2 REG: 6 VALUE: 0x0000
INUM:      756 PC: 0x05f4
INUM:      757 PC: 0x05f6
INUM:      758 PC: 0x0600 REG: 0 VALUE: 0x7f90
INUM:      759 PC: 0x0602 ADDR: 0x7f90 VALUE: 0x0000
INUM:      760 PC: 0x0604 REG: 3 VALUE: 0x7f90
INUM:      761 PC: 0x0606 REG: 6 VALUE: 0x001c
INUM:      762 PC: 0x0608 REG: 6 VALUE: 0x0003
INUM:      763 PC: 0x060a
INUM:      764 PC: 0x060c REG: 1 VALUE: 0x7fac
INUM:      765 PC: 0x060e
INUM:      766 PC: 0x0610 REG: 1 VALUE: 0x7fba ADDR: 0x7fba VALUE: 0x7f90
INUM:      767 PC: 0x0612 ADDR: 0x7f9c VALUE: 0x0000
INUM:      768 PC: 0x0614 REG: 0 VALUE: 0x7f8e
INUM:      769 PC: 0x0616
INUM:      770 PC: 0x0618 REG: 1 VALUE: 0x7fb6 ADDR: 0x7fb6 VALUE: 0x0000
INUM:      771 PC: 0x061a
INUM:      772 PC: 0x061c REG: 6 VALUE: 0x0000 ADDR: 0x7f90
INUM:      773 PC: 0x061e
INUM:      774 PC: 0x0620 REG: 0 VALUE: 0x7f96 ADDR: 0x7f96 VALUE: 0x7f90
INUM:      775 PC: 0x0622
INUM:      776 PC: 0x0624 ADDR: 0x7fa4 VALUE: 0x0000
INUM:      777 PC: 0x0626
INUM:      778 PC: 0x0628 REG: 0 VALUE: 0x7fa4 ADDR: 0x7fa4 VALUE: 0x0000
INUM:      779 PC: 0x062a
INUM:      780 PC: 0x062c REG: 4 VALUE: 0x0000 ADDR: 0x7faa
INUM:      781 PC: 0x062e
INUM:      782 PC: 0x0630 REG: 2 VALUE: 0x0000 ADDR: 0x7fa8
INUM:      783 PC: 0x0632
INUM:      784 PC: 0x0634 REG: 2 VALUE: 0x0000 ADDR: 0x7fc4
INUM:      785 PC: 0x0636
INUM:      786 PC: 0x0638 REG: 0 VALUE: 0x7f94 ADDR: 0x7f94 VALUE: 0x0000
INUM:      787 PC: 0x063a
INUM:      788 PC: 0x063c REG: 3 VALUE: 0x0000 ADDR: 0x7f92
INUM:      789 PC: 0x063e
INUM:      790 PC: 0x0640 REG: 3 VALUE: 0x0000 ADDR: 0x7fc2
INUM:      791 PC: 0x0642
INUM:      792 PC: 0x0644 REG: 0 VALUE: 0x7f90 ADDR: 0x7f90 VALUE: 0x0000
INUM:      793 PC: 0x0646
INUM:      794 PC: 0x0648 REG: 1 VALUE: 0x7faa ADDR: 0x7faa VALUE: 0x0000
INUM:      795 PC: 0x064a
INUM:      796 PC: 0x064c ADDR: 0x7f9a VALUE: 0x0000
INUM:      797 PC: 0x064e
INUM:      798 PC: 0x0650 REG: 3 VALUE: 0x0000 ADDR: 0x7fb0
INUM:      799 PC: 0x0652
INUM:      800 PC: 0x0654 REG: 4 VALUE: 0x0000 ADDR: 0x7fb6
INUM:      801 PC: 0x0656
INUM:      802 PC: 0x0658 REG: 2 VALUE: 0x0000 ADDR: 0x7fb0
INUM:      803 PC: 0x065a
INUM:      804 PC: 0x065c REG: 1 VALUE: 0x7fb2 ADDR: 0x7fb2 VALUE: 0x0000
INUM:      805 PC: 0x065e
INUM:      806 PC: 0x0660 REG: 2 VALUE: 0x0000 ADDR: 0x7f86
INUM:      807 PC: 0x0662
INUM:      808 PC: 0x0664 ADDR: 0x7fa6 VALUE: 0x0000
INUM:      809 PC: 0x0666
INUM:      810 PC: 0x0668 REG: 5 VALUE: 0x0000 ADDR: 0x7fa2
INUM:      811 PC: 0x066a
INUM:      812 PC: 0x066c REG: 0 VALUE: 0x7f94 ADDR: 0x7f94 VALUE: 0x0000
INUM:      813 PC: 0x066e
INUM:      814 PC: 0x0670 ADDR: 0x7f8e VALUE: 0x0000
INUM:      815 PC: 0x0672
INUM:      816 PC: 0x0674 REG: 2 VALUE: 0x0000 ADDR: 0x7fa8
INUM:      817 PC: 0x0676
INUM:      818 PC: 0x0678 REG: 4 VALUE: 0x0000 ADDR: 0x7fa4
INUM:      819 PC: 0x067a
INUM:      820 PC: 0x067c REG: 3 VALUE: 0x0000 ADDR: 0x7fac
INUM:      821 PC: 0x067e
INUM:      822 PC: 0x0680 REG: 6 VALUE: 0x0000 ADDR: 0x7fb6
INUM:      823 PC: 0x0682
INUM:      824 PC: 0x0684 ADDR: 0x7fb8 VALUE: 0x0000
INUM:      825 PC: 0x0686
INUM:      826 PC: 0x0688 REG: 2 VALUE: 0x0000 ADDR: 0x7fa4
INUM:      827 PC: 0x068a
INUM:      828 PC: 0x068c REG: 3 VALUE: 0x0000 ADDR: 0x7f9a
INUM:      829 PC: 0x068e
INUM:      830 PC: 0x0690 REG: 0 VALUE: 0x7fa0 ADDR: 0x7fa0 VALUE: 0x0000
INUM:      831 PC: 0x0692
INUM:      832 PC: 0x0694 REG: 6 VALUE: 0x0000 ADDR: 0x7fa2
INUM:      833 PC: 0x0696
INUM:      834 PC: 0x0698 REG: 3 VALUE: 0x0000 ADDR: 0x7faa
INUM:      835 PC: 0x069a
INUM:      836 PC: 0x069c ADDR: 0x7fa6 VALUE: 0x0000
INUM:      837 PC: 0x069e
INUM:      838 PC: 0x06a0 REG: 3 VALUE: 0x0000 ADDR: 0x7f90
INUM:      839 PC: 0x06a2
INUM:      840 PC: 0x06a4 ADDR: 0x7fc0 VALUE: 0x0000
INUM:      841 PC: 0x06a6
INUM:      842 PC: 0x06a8 REG: 5 VALUE: 0x0000 ADDR: 0x7fbe
INUM:      843 PC: 0x06aa
INUM:      844 PC: 0x06ac REG: 6 VALUE: 0x0000 ADDR: 0x7faa
INUM:      845 PC: 0x06ae
INUM:      846 PC: 0x06b0 REG: 1 VALUE: 0x7fb2 ADDR: 0x7fb2 VALUE: 0x0000
INUM:      847 PC: 0x06b2
INUM:      848 PC: 0x06b4 REG: 1 VALUE: 0x7fb0 ADDR: 0x7fb0 VALUE: 0x0000
INUM:      849 PC: 0x06b6 REG: 4 VALUE: 0x0000 ADDR: 0x7fa8
INUM:      850 PC: 0x06b8 REG: 7 VALUE: 0x0000
INUM:      851 PC: 0x06ba
INUM:      852 PC: 0x06bc ADDR: 0x7fa2 VALUE: 0x0000
INUM:      853 PC: 0x06be
INUM:      854 PC: 0x06c0 REG: 2 VALUE: 0x0000 ADDR: 0x7fbe
INUM:      855 PC: 0x06c2
INUM:      856 PC: 0x06c4 REG: 3 VALUE: 0x0000 ADDR: 0x7fa2
INUM:      857 PC: 0x06c6
INUM:      858 PC: 0x06c8 ADDR: 0x7f96 VALUE: 0x0000
INUM:      859 PC: 0x06ca
INUM:      860 PC: 0x06cc REG: 4 VALUE: 0x0000 ADDR: 0x7f90
INUM:      861 PC: 0x06ce
INUM:      862 PC: 0x06d0 REG: 6 VALUE: 0x0000 ADDR: 0x7fb8
INUM:      863 PC: 0x06d2
INUM:      864 PC: 0x06d4 REG: 5 VALUE: 0x0000 ADDR: 0x7fac
INUM:      865 PC: 0x06d6
INUM:      866 PC: 0x06d8 REG: 5 VALUE: 0x0000 ADDR: 0x7f90
INUM:      867 PC: 0x06da
INUM:      868 PC: 0x06dc REG: 0 VALUE: 0x7f9e ADDR: 0x7f9e VALUE: 0x0000
INUM:      869 PC: 0x06de
INUM:      870 PC: 0x06e0 REG: 4 VALUE: 0x0000 ADDR: 0x7fac
INUM:      871 PC: 0x06e2
INUM:      872 PC: 0x06e4 ADDR: 0x7fb4 VALUE: 0x0000
INUM:      873 PC: 0x06e6
INUM:      874 PC: 0x06e8 REG: 0 VALUE: 0x7f9e ADDR: 0x7f9e VALUE: 0x0000
INUM:      875 PC: 0x06ea
INUM:      876 PC: 0x06ec REG: 4 VALUE: 0x0000 ADDR: 0x7fb6
INUM:      877 PC: 0x06ee
INUM:      878 PC: 0x06f0 REG: 0 VALUE: 0x7fa2 ADDR: 0x7fa2 VALUE: 0x0000
INUM:      879 PC: 0x06f2
INUM:      880 PC: 0x06f4 REG: 1 VALUE: 0x7fa6 ADDR: 0x7fa6 VALUE: 0x0000
INUM:      881 PC: 0x06f6
INUM:      882 PC: 0x06f8 REG: 5 VALUE: 0x0000 ADDR: 0x7fac
INUM:      883 PC: 0x06fa
INUM:      884 PC: 0x06fc REG: 0 VALUE: 0x7fa4 ADDR: 0x7fa4 VALUE: 0x0000
INUM:      885 PC: 0x06fe
INUM:      886 PC: 0x0700 ADDR: 0x7f98 VALUE: 0x0000
INUM:      887 PC: 0x0702
INUM:      888 PC: 0x0704 ADDR: 0x7fa2 VALUE: 0x0000
INUM:      889 PC: 0x0706
INUM:      890 PC: 0x0708 ADDR: 0x7fae VALUE: 0x0000
INUM:      891 PC: 0x070a REG: 0 VALUE: 0x7fb2 ADDR: 0x7fb2 VALUE: 0x0000
INUM:      892 PC: 0x070c REG: 4 VALUE: 0x0000
INUM:      893 PC: 0x070e
INUM:      894 PC: 0x0710 ADDR: 0x7fb2 VALUE: 0x0000
INUM:      895 PC: 0x0712
INUM:      896 PC: 0x0714 ADDR: 0x7fac VALUE: 0x0000
INUM:      897 PC: 0x0716 ADDR: 0x7fa6 VALUE: 0x0000
INUM:      898 PC: 0x0718 REG: 2 VALUE: 0x0007
INUM:      899 PC: 0x071a REG: 3 VALUE: 0x0000
INUM:      900 PC: 0x071c REG: 2 VALUE: 0x0000
INUM:      901 PC: 0x071e
INUM:      902 PC: 0x0720 REG: 7 VALUE: 0x0000
INUM:      903 PC: 0x0722 REG: 6 VALUE: 0x804e
INUM:      904 PC: 0x0724 REG: 3 VALUE: 0x0000
INUM:      905 PC: 0x0726 REG: 5 VALUE: 0x7fa6
INUM:      906 PC: 0x0728 REG: 2 VALUE: 0x0001
INUM:      907 PC: 0x072a REG: 3 VALUE: 0x7fa2
INUM:      908 PC: 0x072c REG: 3 VALUE: 0x0014
INUM:      909 PC: 0x072e REG: 6 VALUE: 0x0000
INUM:      910 PC: 0x0730 REG: 7 VALUE: 0x9fec
INUM:      911 PC: 0x0732 REG: 4 VALUE: 0x67fa
INUM:      912 PC: 0x0734 REG: 7 VALUE: 0x0080
INUM:      913 PC: 0x0736 REG: 3 VALUE: 0x7fa8
INUM:      914 PC: 0x0738 REG: 2 VALUE: 0x0200
INUM:      915 PC: 0x073a
INUM:      916 PC: 0x073c REG: 1 VALUE: 0x7fa6
INUM:      917 PC: 0x073e ADDR: 0x7fb0 VALUE: 0x7fa6
INUM:      918 PC: 0x0740 REG: 2 VALUE: 0x0000
INUM:      919 PC: 0x0742
INUM:      920 PC: 0x0744 REG: 4 VALUE: 0x0000
INUM:      921 PC: 0x0746
INUM:      922 PC: 0x0748 ADDR: 0x7fc0 VALUE: 0x0000
INUM:      923 PC: 0x074a
INUM:      924 PC: 0x074c ADDR: 0x7f9e VALUE: 0x7fa8
INUM:      925 PC: 0x074e
INUM:      926 PC: 0x0750 ADDR: 0x7f96 VALUE: 0x0000
INUM:      927 PC: 0x0752
INUM:      928 PC: 0x0754 REG: 2 VALUE: 0x0000 ADDR: 0x7fac
INUM:      929 PC: 0x0756
INUM:      930 PC: 0x0758 REG: 1 VALUE: 0x7fa6 ADDR: 0x7fa6 VALUE: 0x0000
INUM:      931 PC: 0x075a
INUM:      932 PC: 0x075c REG: 4 VALUE: 0x0000 ADDR: 0x7fae
INUM:      933 PC: 0x075e
INUM:      934 PC: 0x0760 ADDR: 0x7faa VALUE: 0x0000
INUM:      935 PC: 0x0762
INUM:      936 PC: 0x0764 REG: 1 VALUE: 0x7faa ADDR: 0x7faa VALUE: 0x7fa6
INUM:      937 PC: 0x0766
INUM:      938 PC: 0x0768 REG: 3 VALUE: 0x0000 ADDR: 0x7fb2
INUM:      939 PC: 0x076a
INUM:      940 PC: 0x076c REG: 1 VALUE: 0x7fa8 ADDR: 0x7fa8 VALUE: 0x0000
INUM:      941 PC: 0x076e
INUM:      942 PC: 0x0770 REG: 4 VALUE: 0x0000 ADDR: 0x7fb8
INUM:      943 PC: 0x0772
INUM:      944 PC: 0x0774 REG: 2 VALUE: 0xc080 ADDR: 0x7fbc
INUM:      945 PC: 0x0776
INUM:      946 PC: 0x0778 REG: 0 VALUE: 0x7fb2 ADDR: 0x7fb2 VALUE: 0xc080
INUM:      947 PC: 0x077a
INUM:      948 PC: 0x077c ADDR: 0x7fae VALUE: 0xc080
INUM:      949 PC: 0x077e
INUM:      950 PC: 0x0780 ADDR: 0x7fa2 VALUE: 0x0000
INUM:      951 PC: 0x0782
INUM:      952 PC: 0x0784 REG: 1 VALUE: 0x7f9e ADDR: 0x7f9e VALUE: 0x0000
INUM:      953 PC: 0x0786
INUM:      954 PC: 0x0788 ADDR: 0x7fa8 VALUE: 0x7fa6
INUM:      955 PC: 0x078a
INUM:      956 PC: 0x078c REG: 3 VALUE: 0x7fa6 ADDR: 0x7fa8
INUM:      957 PC: 0x078e
INUM:      958 PC: 0x0790 ADDR: 0x7fa2 VALUE: 0xc080
INUM:      959 PC: 0x0792
INUM:      960 PC: 0x0794 REG: 0 VALUE: 0x7fb2 ADDR: 0x7fb2 VALUE: 0x0000
INUM:      961 PC: 0x0796
INUM:      962 PC: 0x0798 REG: 1 VALUE: 0x7f98 ADDR: 0x7f98 VALUE: 0x7fa6
INUM:      963 PC: 0x079a REG: 1 VALUE: 0x7f8c ADDR: 0x7f8c VALUE: 0x0000
INUM:      964 PC: 0x079c REG: 3 VALUE: 0x0000
INUM:      965 PC: 0x079e
INUM:      966 PC: 0x07a0 REG: 6 VALUE: 0x0000 ADDR: 0x7f7c
INUM:      967 PC: 0x07a2
INUM:      968 PC: 0x07a4 ADDR: 0x7fa6 VALUE: 0x0000
INUM:      969 PC: 0x07a6
INUM:      970 PC: 0x07a8 ADDR: 0x7fa8 VALUE: 0x7fa6
INUM:      971 PC: 0x07aa
INUM:      972 PC: 0x07ac REG: 4 VALUE: 0x0000 ADDR: 0x7f9a
INUM:      973 PC: 0x07ae
INUM:      974 PC: 0x07b0 REG: 3 VALUE: 0x0000 ADDR: 0x7fb2
INUM:      975 PC: 0x07b2
INUM:      976 PC: 0x07b4 ADDR: 0x7f80 VALUE: 0x7fa6
INUM:      977 PC: 0x07b6
INUM:      978 PC: 0x07b8 ADDR: 0x7fb6 VALUE: 0x7fa6
INUM:      979 PC: 0x07ba
INUM:      980 PC: 0x07bc REG: 6 VALUE: 0x0000 ADDR: 0x7f8e
INUM:      981 PC: 0x07be
INUM:      982 PC: 0x07c0 REG: 3 VALUE: 0x0000 ADDR: 0x7fb2
INUM:      983 PC: 0x07c2
INUM:      984 PC: 0x07c4 REG: 2 VALUE: 0x0000 ADDR: 0x7fa6
INUM:      985 PC: 0x07c6
INUM:      986 PC: 0x07c8 REG: 4 VALUE: 0x0000 ADDR: 0x7fb2
INUM:      987 PC: 0x07ca
INUM:      988 PC: 0x07cc REG: 2 VALUE: 0x0000 ADDR: 0x7f9a
INUM:      989 PC: 0x07ce ADDR: 0x7f8a VALUE: 0x0000
INUM:      990 PC: 0x07d0 REG: 1 VALUE: 0x7f94
INUM:      991 PC: 0x07d2
INUM:      992 PC: 0x07d4 REG: 2 VALUE: 0x7fa6 ADDR: 0x7f98
INUM:      993 PC: 0x07d6
INUM:      994 PC: 0x07d8 REG: 6 VALUE: 0x0000 ADDR: 0x7f96
INUM:      995 PC: 0x07da
INUM:      996 PC: 0x07dc REG: 5 VALUE: 0x0000 ADDR: 0x7f94
INUM:      997 PC: 0x07de
INUM:      998 PC: 0x07e0 REG: 1 VALUE: 0x7f8c ADDR: 0x7f8c VALUE: 0x0000
INUM:      999 PC: 0x07e2
INUM:     1000 PC: 0x07e4 REG: 1 VALUE: 0x7f88 ADDR: 0x7f88 VALUE: 0x0000
INUM:     1001 PC: 0x07e6
INUM:     1002 PC: 0x07e8 REG: 6 VALUE: 0x0000 ADDR: 0x7f92
INUM:     1003 PC: 0x07ea
INUM:     1004 PC: 0x07ec ADDR: 0x7fbe VALUE: 0x0000
INUM:     1005 PC: 0x07ee
INUM:     1006 PC: 0x07f0 REG: 4 VALUE: 0x7fa6 ADDR: 0x7faa
INUM:     1007 PC: 0x07f2
INUM:     1008 PC: 0x07f4 REG: 6 VALUE: 0x0000 ADDR: 0x7f92
INUM:     1009 PC: 0x07f6 ADDR: 0x7f8e VALUE: 0x0000
INUM:     1010 PC: 0x07f8 REG: 6 VALUE: 0x0000
INUM:     1011 PC: 0x07fa REG: 2 VALUE: 0x0000
INUM:     1012 PC: 0x07fc
INUM:     1013 PC: 0x07fe
