
WISCalculator v1.0
Author Derek Hower (drh5@cs.wisc.edu)
Type "help" for more information

Loading program...
Executing...
lbi r0, -128
INUM:        0 PC: 0x0000 REG: 0 VALUE: 0xff80
slbi r0, 0
INUM:        1 PC: 0x0002 REG: 0 VALUE: 0x8000
lbi r1, -128
INUM:        2 PC: 0x0004 REG: 1 VALUE: 0xff80
slbi r1, 0
INUM:        3 PC: 0x0006 REG: 1 VALUE: 0x8000
lbi r2, -128
INUM:        4 PC: 0x0008 REG: 2 VALUE: 0xff80
slbi r2, 0
INUM:        5 PC: 0x000a REG: 2 VALUE: 0x8000
lbi r3, -128
INUM:        6 PC: 0x000c REG: 3 VALUE: 0xff80
slbi r3, 0
INUM:        7 PC: 0x000e REG: 3 VALUE: 0x8000
lbi r4, -128
INUM:        8 PC: 0x0010 REG: 4 VALUE: 0xff80
slbi r4, 0
INUM:        9 PC: 0x0012 REG: 4 VALUE: 0x8000
lbi r5, -128
INUM:       10 PC: 0x0014 REG: 5 VALUE: 0xff80
slbi r5, 0
INUM:       11 PC: 0x0016 REG: 5 VALUE: 0x8000
lbi r6, -128
INUM:       12 PC: 0x0018 REG: 6 VALUE: 0xff80
slbi r6, 0
INUM:       13 PC: 0x001a REG: 6 VALUE: 0x8000
lbi r7, -128
INUM:       14 PC: 0x001c REG: 7 VALUE: 0xff80
nop
INUM:       15 PC: 0x001e
slbi r7, 0
INUM:       16 PC: 0x0020 REG: 7 VALUE: 0x8000
nop
INUM:       17 PC: 0x0022
stu r4, r1, -16
INUM:       18 PC: 0x0024 REG: 1 VALUE: 0x7ff0 ADDR: 0x7ff0 VALUE: 0x8000
nop
INUM:       19 PC: 0x0026
st r6, r0, 14
INUM:       20 PC: 0x0028 ADDR: 0x800e VALUE: 0x8000
nop
INUM:       21 PC: 0x002a
ld r3, r1, 10
INUM:       22 PC: 0x002c REG: 3 VALUE: 0x0000 ADDR: 0x7ffa
nop
INUM:       23 PC: 0x002e
ld r2, r1, 6
INUM:       24 PC: 0x0030 REG: 2 VALUE: 0x0000 ADDR: 0x7ff6
nop
INUM:       25 PC: 0x0032
ld r5, r0, -4
INUM:       26 PC: 0x0034 REG: 5 VALUE: 0x0000 ADDR: 0x7ffc
nop
INUM:       27 PC: 0x0036
stu r5, r0, -6
INUM:       28 PC: 0x0038 REG: 0 VALUE: 0x7ffa ADDR: 0x7ffa VALUE: 0x0000
nop
INUM:       29 PC: 0x003a
st r3, r0, 14
INUM:       30 PC: 0x003c ADDR: 0x8008 VALUE: 0x0000
nop
INUM:       31 PC: 0x003e
st r2, r0, 10
INUM:       32 PC: 0x0040 ADDR: 0x8004 VALUE: 0x0000
nop
INUM:       33 PC: 0x0042
ld r5, r1, -10
INUM:       34 PC: 0x0044 REG: 5 VALUE: 0x0000 ADDR: 0x7fe6
nop
INUM:       35 PC: 0x0046
stu r5, r0, 2
INUM:       36 PC: 0x0048 REG: 0 VALUE: 0x7ffc ADDR: 0x7ffc VALUE: 0x0000
stu r5, r0, -14
INUM:       37 PC: 0x004a REG: 0 VALUE: 0x7fee ADDR: 0x7fee VALUE: 0x0000
lbi r2, 0
INUM:       38 PC: 0x004c REG: 2 VALUE: 0x0000
lbi r3, 0
INUM:       39 PC: 0x004e REG: 3 VALUE: 0x0000
nop
INUM:       40 PC: 0x0050
bltz r1, 16
INUM:       41 PC: 0x0052
xor r3, r1, r6
INUM:       42 PC: 0x0054 REG: 3 VALUE: 0xfff0
xor r7, r3, r5
INUM:       43 PC: 0x0056 REG: 7 VALUE: 0xfff0
subi r3, r4, 11
INUM:       44 PC: 0x0058 REG: 3 VALUE: 0x800b
andni r5, r3, 0
INUM:       45 PC: 0x005a REG: 5 VALUE: 0x800b
andn r5, r4, r5
INUM:       46 PC: 0x005c REG: 5 VALUE: 0x0000
srli r5, r5, 4
INUM:       47 PC: 0x005e REG: 5 VALUE: 0x0000
andni r0, r0, 1
INUM:       48 PC: 0x0060 REG: 0 VALUE: 0x7fee
st r3, r0, 6
INUM:       49 PC: 0x0062 ADDR: 0x7ff4 VALUE: 0x800b
xori r6, r7, 7
INUM:       50 PC: 0x0064 REG: 6 VALUE: 0xfff7
addi r3, r3, 11
INUM:       51 PC: 0x0066 REG: 3 VALUE: 0x8016
sle r2, r7, r5
INUM:       52 PC: 0x0068 REG: 2 VALUE: 0x0001
sub r5, r7, r0
INUM:       53 PC: 0x006a REG: 5 VALUE: 0x7ffe
subi r7, r3, 4
INUM:       54 PC: 0x006c REG: 7 VALUE: 0x7fee
nop
INUM:       55 PC: 0x006e
andni r7, r7, 1
INUM:       56 PC: 0x0070 REG: 7 VALUE: 0x7fee
st r6, r7, 12
INUM:       57 PC: 0x0072 ADDR: 0x7ffa VALUE: 0xfff7
srli r3, r5, 10
INUM:       58 PC: 0x0074 REG: 3 VALUE: 0x001f
xor r6, r5, r4
INUM:       59 PC: 0x0076 REG: 6 VALUE: 0xfffe
xor r2, r5, r3
INUM:       60 PC: 0x0078 REG: 2 VALUE: 0x7fe1
nop
INUM:       61 PC: 0x007a
ld r2, r1, 6
INUM:       62 PC: 0x007c REG: 2 VALUE: 0x0000 ADDR: 0x7ff6
nop
INUM:       63 PC: 0x007e
ld r2, r1, 6
INUM:       64 PC: 0x0080 REG: 2 VALUE: 0x0000 ADDR: 0x7ff6
nop
INUM:       65 PC: 0x0082
ld r6, r0, -12
INUM:       66 PC: 0x0084 REG: 6 VALUE: 0x0000 ADDR: 0x7fe2
nop
INUM:       67 PC: 0x0086
stu r5, r1, -2
INUM:       68 PC: 0x0088 REG: 1 VALUE: 0x7fee ADDR: 0x7fee VALUE: 0x7ffe
nop
INUM:       69 PC: 0x008a
ld r4, r0, 8
INUM:       70 PC: 0x008c REG: 4 VALUE: 0x0000 ADDR: 0x7ff6
nop
INUM:       71 PC: 0x008e
ld r6, r0, 10
INUM:       72 PC: 0x0090 REG: 6 VALUE: 0x0000 ADDR: 0x7ff8
nop
INUM:       73 PC: 0x0092
ld r5, r1, 6
INUM:       74 PC: 0x0094 REG: 5 VALUE: 0x800b ADDR: 0x7ff4
nop
INUM:       75 PC: 0x0096
stu r2, r1, 8
INUM:       76 PC: 0x0098 REG: 1 VALUE: 0x7ff6 ADDR: 0x7ff6 VALUE: 0x0000
nop
INUM:       77 PC: 0x009a
ld r2, r0, -12
INUM:       78 PC: 0x009c REG: 2 VALUE: 0x0000 ADDR: 0x7fe2
nop
INUM:       79 PC: 0x009e
stu r3, r1, 6
INUM:       80 PC: 0x00a0 REG: 1 VALUE: 0x7ffc ADDR: 0x7ffc VALUE: 0x001f
stu r6, r1, 14
INUM:       81 PC: 0x00a2 REG: 1 VALUE: 0x800a ADDR: 0x800a VALUE: 0x0000
slt r5, r4, r5
INUM:       82 PC: 0x00a4 REG: 5 VALUE: 0x0000
nop
INUM:       83 PC: 0x00a6
ld r4, r1, -4
INUM:       84 PC: 0x00a8 REG: 4 VALUE: 0x0000 ADDR: 0x8006
nop
INUM:       85 PC: 0x00aa
st r3, r1, -12
INUM:       86 PC: 0x00ac ADDR: 0x7ffe VALUE: 0x001f
nop
INUM:       87 PC: 0x00ae
ld r5, r0, 8
INUM:       88 PC: 0x00b0 REG: 5 VALUE: 0x0000 ADDR: 0x7ff6
nop
INUM:       89 PC: 0x00b2
st r3, r0, 0
INUM:       90 PC: 0x00b4 ADDR: 0x7fee VALUE: 0x001f
nop
INUM:       91 PC: 0x00b6
ld r3, r1, 12
INUM:       92 PC: 0x00b8 REG: 3 VALUE: 0x0000 ADDR: 0x8016
nop
INUM:       93 PC: 0x00ba
ld r6, r1, -10
INUM:       94 PC: 0x00bc REG: 6 VALUE: 0x0000 ADDR: 0x8000
nop
INUM:       95 PC: 0x00be
ld r4, r1, 4
INUM:       96 PC: 0x00c0 REG: 4 VALUE: 0x8000 ADDR: 0x800e
nop
INUM:       97 PC: 0x00c2
stu r2, r0, 2
INUM:       98 PC: 0x00c4 REG: 0 VALUE: 0x7ff0 ADDR: 0x7ff0 VALUE: 0x0000
nop
INUM:       99 PC: 0x00c6
ld r5, r1, -12
INUM:      100 PC: 0x00c8 REG: 5 VALUE: 0x001f ADDR: 0x7ffe
nop
INUM:      101 PC: 0x00ca
stu r5, r1, 10
INUM:      102 PC: 0x00cc REG: 1 VALUE: 0x8014 ADDR: 0x8014 VALUE: 0x001f
nop
INUM:      103 PC: 0x00ce
st r6, r1, 4
INUM:      104 PC: 0x00d0 ADDR: 0x8018 VALUE: 0x0000
nop
INUM:      105 PC: 0x00d2
ld r6, r0, 14
INUM:      106 PC: 0x00d4 REG: 6 VALUE: 0x001f ADDR: 0x7ffe
nop
INUM:      107 PC: 0x00d6
st r5, r1, -2
INUM:      108 PC: 0x00d8 ADDR: 0x8012 VALUE: 0x001f
nop
INUM:      109 PC: 0x00da
ld r4, r0, -4
INUM:      110 PC: 0x00dc REG: 4 VALUE: 0x0000 ADDR: 0x7fec
nop
INUM:      111 PC: 0x00de
ld r6, r0, -8
INUM:      112 PC: 0x00e0 REG: 6 VALUE: 0x0000 ADDR: 0x7fe8
nop
INUM:      113 PC: 0x00e2
ld r5, r1, -6
INUM:      114 PC: 0x00e4 REG: 5 VALUE: 0x8000 ADDR: 0x800e
nop
INUM:      115 PC: 0x00e6
st r6, r1, 4
INUM:      116 PC: 0x00e8 ADDR: 0x8018 VALUE: 0x0000
nop
INUM:      117 PC: 0x00ea
ld r3, r1, -8
INUM:      118 PC: 0x00ec REG: 3 VALUE: 0x0000 ADDR: 0x800c
nop
INUM:      119 PC: 0x00ee
st r6, r1, 0
INUM:      120 PC: 0x00f0 ADDR: 0x8014 VALUE: 0x0000
nop
INUM:      121 PC: 0x00f2
stu r5, r0, 4
INUM:      122 PC: 0x00f4 REG: 0 VALUE: 0x7ff4 ADDR: 0x7ff4 VALUE: 0x8000
nop
INUM:      123 PC: 0x00f6
ld r4, r1, 8
INUM:      124 PC: 0x00f8 REG: 4 VALUE: 0x0000 ADDR: 0x801c
nop
INUM:      125 PC: 0x00fa
ld r4, r0, -16
INUM:      126 PC: 0x00fc REG: 4 VALUE: 0x0000 ADDR: 0x7fe4
nop
INUM:      127 PC: 0x00fe
ld r2, r1, 6
INUM:      128 PC: 0x0100 REG: 2 VALUE: 0x0000 ADDR: 0x801a
nop
INUM:      129 PC: 0x0102
ld r4, r1, -6
INUM:      130 PC: 0x0104 REG: 4 VALUE: 0x8000 ADDR: 0x800e
nop
INUM:      131 PC: 0x0106
ld r4, r0, -8
INUM:      132 PC: 0x0108 REG: 4 VALUE: 0x0000 ADDR: 0x7fec
stu r3, r0, -6
INUM:      133 PC: 0x010a REG: 0 VALUE: 0x7fee ADDR: 0x7fee VALUE: 0x0000
slt r6, r2, r4
INUM:      134 PC: 0x010c REG: 6 VALUE: 0x0000
nop
INUM:      135 PC: 0x010e
st r3, r1, 0
INUM:      136 PC: 0x0110 ADDR: 0x8014 VALUE: 0x0000
nop
INUM:      137 PC: 0x0112
ld r4, r1, -2
INUM:      138 PC: 0x0114 REG: 4 VALUE: 0x001f ADDR: 0x8012
nop
INUM:      139 PC: 0x0116
ld r5, r0, -16
INUM:      140 PC: 0x0118 REG: 5 VALUE: 0x0000 ADDR: 0x7fde
nop
INUM:      141 PC: 0x011a
ld r2, r0, -14
INUM:      142 PC: 0x011c REG: 2 VALUE: 0x0000 ADDR: 0x7fe0
nop
INUM:      143 PC: 0x011e
ld r2, r1, 12
INUM:      144 PC: 0x0120 REG: 2 VALUE: 0x0000 ADDR: 0x8020
nop
INUM:      145 PC: 0x0122
stu r2, r1, 14
INUM:      146 PC: 0x0124 REG: 1 VALUE: 0x8022 ADDR: 0x8022 VALUE: 0x0000
nop
INUM:      147 PC: 0x0126
stu r3, r1, -4
INUM:      148 PC: 0x0128 REG: 1 VALUE: 0x801e ADDR: 0x801e VALUE: 0x0000
nop
INUM:      149 PC: 0x012a
st r4, r1, 12
INUM:      150 PC: 0x012c ADDR: 0x802a VALUE: 0x001f
nop
INUM:      151 PC: 0x012e
stu r6, r1, 0
INUM:      152 PC: 0x0130 REG: 1 VALUE: 0x801e ADDR: 0x801e VALUE: 0x0000
nop
INUM:      153 PC: 0x0132
ld r3, r0, 12
INUM:      154 PC: 0x0134 REG: 3 VALUE: 0xfff7 ADDR: 0x7ffa
nop
INUM:      155 PC: 0x0136
stu r3, r1, -10
INUM:      156 PC: 0x0138 REG: 1 VALUE: 0x8014 ADDR: 0x8014 VALUE: 0xfff7
nop
INUM:      157 PC: 0x013a
ld r5, r0, 4
INUM:      158 PC: 0x013c REG: 5 VALUE: 0x0000 ADDR: 0x7ff2
nop
INUM:      159 PC: 0x013e
ld r5, r0, 4
INUM:      160 PC: 0x0140 REG: 5 VALUE: 0x0000 ADDR: 0x7ff2
nop
INUM:      161 PC: 0x0142
st r6, r1, 10
INUM:      162 PC: 0x0144 ADDR: 0x801e VALUE: 0x0000
nop
INUM:      163 PC: 0x0146
stu r4, r0, -12
INUM:      164 PC: 0x0148 REG: 0 VALUE: 0x7fe2 ADDR: 0x7fe2 VALUE: 0x001f
nop
INUM:      165 PC: 0x014a
st r5, r0, 6
INUM:      166 PC: 0x014c ADDR: 0x7fe8 VALUE: 0x0000
nop
INUM:      167 PC: 0x014e
ld r6, r0, -14
INUM:      168 PC: 0x0150 REG: 6 VALUE: 0x0000 ADDR: 0x7fd4
nop
INUM:      169 PC: 0x0152
stu r6, r0, -2
INUM:      170 PC: 0x0154 REG: 0 VALUE: 0x7fe0 ADDR: 0x7fe0 VALUE: 0x0000
nop
INUM:      171 PC: 0x0156
ld r3, r1, -14
INUM:      172 PC: 0x0158 REG: 3 VALUE: 0x0000 ADDR: 0x8006
nop
INUM:      173 PC: 0x015a
ld r2, r1, 8
INUM:      174 PC: 0x015c REG: 2 VALUE: 0x0000 ADDR: 0x801c
nop
INUM:      175 PC: 0x015e
st r6, r1, 8
INUM:      176 PC: 0x0160 ADDR: 0x801c VALUE: 0x0000
nop
INUM:      177 PC: 0x0162
ld r3, r1, 4
INUM:      178 PC: 0x0164 REG: 3 VALUE: 0x0000 ADDR: 0x8018
nop
INUM:      179 PC: 0x0166
ld r4, r1, 14
INUM:      180 PC: 0x0168 REG: 4 VALUE: 0x0000 ADDR: 0x8022
nop
INUM:      181 PC: 0x016a
ld r4, r1, 4
INUM:      182 PC: 0x016c REG: 4 VALUE: 0x0000 ADDR: 0x8018
nop
INUM:      183 PC: 0x016e
ld r2, r0, 10
INUM:      184 PC: 0x0170 REG: 2 VALUE: 0x0000 ADDR: 0x7fea
nop
INUM:      185 PC: 0x0172
st r6, r0, 2
INUM:      186 PC: 0x0174 ADDR: 0x7fe2 VALUE: 0x0000
nop
INUM:      187 PC: 0x0176
stu r3, r1, 6
INUM:      188 PC: 0x0178 REG: 1 VALUE: 0x801a ADDR: 0x801a VALUE: 0x0000
nop
INUM:      189 PC: 0x017a
ld r2, r1, 10
INUM:      190 PC: 0x017c REG: 2 VALUE: 0x0000 ADDR: 0x8024
nop
INUM:      191 PC: 0x017e
ld r6, r1, -14
INUM:      192 PC: 0x0180 REG: 6 VALUE: 0x0000 ADDR: 0x800c
nop
INUM:      193 PC: 0x0182
ld r5, r1, -2
INUM:      194 PC: 0x0184 REG: 5 VALUE: 0x0000 ADDR: 0x8018
nop
INUM:      195 PC: 0x0186
stu r3, r0, -14
INUM:      196 PC: 0x0188 REG: 0 VALUE: 0x7fd2 ADDR: 0x7fd2 VALUE: 0x0000
nop
INUM:      197 PC: 0x018a
st r6, r1, 0
INUM:      198 PC: 0x018c ADDR: 0x801a VALUE: 0x0000
nop
INUM:      199 PC: 0x018e
st r2, r1, 0
INUM:      200 PC: 0x0190 ADDR: 0x801a VALUE: 0x0000
nop
INUM:      201 PC: 0x0192
ld r5, r0, -14
INUM:      202 PC: 0x0194 REG: 5 VALUE: 0x0000 ADDR: 0x7fc4
nop
INUM:      203 PC: 0x0196
ld r3, r1, -14
INUM:      204 PC: 0x0198 REG: 3 VALUE: 0x0000 ADDR: 0x800c
nop
INUM:      205 PC: 0x019a
ld r4, r1, 14
INUM:      206 PC: 0x019c REG: 4 VALUE: 0x0000 ADDR: 0x8028
nop
INUM:      207 PC: 0x019e
st r3, r1, -4
INUM:      208 PC: 0x01a0 ADDR: 0x8016 VALUE: 0x0000
nop
INUM:      209 PC: 0x01a2
st r5, r1, -14
INUM:      210 PC: 0x01a4 ADDR: 0x800c VALUE: 0x0000
nop
INUM:      211 PC: 0x01a6
st r3, r0, -14
INUM:      212 PC: 0x01a8 ADDR: 0x7fc4 VALUE: 0x0000
nop
INUM:      213 PC: 0x01aa
ld r6, r1, 14
INUM:      214 PC: 0x01ac REG: 6 VALUE: 0x0000 ADDR: 0x8028
nop
INUM:      215 PC: 0x01ae
ld r2, r1, -12
INUM:      216 PC: 0x01b0 REG: 2 VALUE: 0x8000 ADDR: 0x800e
ld r4, r0, 2
INUM:      217 PC: 0x01b2 REG: 4 VALUE: 0x0000 ADDR: 0x7fd4
rol r3, r4, r1
INUM:      218 PC: 0x01b4 REG: 3 VALUE: 0x0000
nop
INUM:      219 PC: 0x01b6
stu r6, r1, -14
INUM:      220 PC: 0x01b8 REG: 1 VALUE: 0x800c ADDR: 0x800c VALUE: 0x0000
nop
INUM:      221 PC: 0x01ba
st r4, r1, 8
INUM:      222 PC: 0x01bc ADDR: 0x8014 VALUE: 0x0000
nop
INUM:      223 PC: 0x01be
st r2, r0, -16
INUM:      224 PC: 0x01c0 ADDR: 0x7fc2 VALUE: 0x8000
nop
INUM:      225 PC: 0x01c2
stu r3, r0, -6
INUM:      226 PC: 0x01c4 REG: 0 VALUE: 0x7fcc ADDR: 0x7fcc VALUE: 0x0000
nop
INUM:      227 PC: 0x01c6
ld r5, r0, -14
INUM:      228 PC: 0x01c8 REG: 5 VALUE: 0x0000 ADDR: 0x7fbe
nop
INUM:      229 PC: 0x01ca
stu r4, r0, 12
INUM:      230 PC: 0x01cc REG: 0 VALUE: 0x7fd8 ADDR: 0x7fd8 VALUE: 0x0000
nop
INUM:      231 PC: 0x01ce
st r3, r1, 6
INUM:      232 PC: 0x01d0 ADDR: 0x8012 VALUE: 0x0000
nop
INUM:      233 PC: 0x01d2
ld r3, r1, -8
INUM:      234 PC: 0x01d4 REG: 3 VALUE: 0x0000 ADDR: 0x8004
nop
INUM:      235 PC: 0x01d6
ld r4, r0, 14
INUM:      236 PC: 0x01d8 REG: 4 VALUE: 0x0000 ADDR: 0x7fe6
nop
INUM:      237 PC: 0x01da
stu r2, r0, -8
INUM:      238 PC: 0x01dc REG: 0 VALUE: 0x7fd0 ADDR: 0x7fd0 VALUE: 0x8000
nop
INUM:      239 PC: 0x01de
stu r6, r1, 2
INUM:      240 PC: 0x01e0 REG: 1 VALUE: 0x800e ADDR: 0x800e VALUE: 0x0000
nop
INUM:      241 PC: 0x01e2
ld r2, r0, -8
INUM:      242 PC: 0x01e4 REG: 2 VALUE: 0x0000 ADDR: 0x7fc8
st r3, r0, 6
INUM:      243 PC: 0x01e6 ADDR: 0x7fd6 VALUE: 0x0000
lbi r2, 0
INUM:      244 PC: 0x01e8 REG: 2 VALUE: 0x0000
lbi r3, 0
INUM:      245 PC: 0x01ea REG: 3 VALUE: 0x0000
nop
INUM:      246 PC: 0x01ec
beqz r5, 12
INUM:      247 PC: 0x01ee
rol r7, r7, r4
INUM:      248 PC: 0x01fc REG: 7 VALUE: 0x7fee
sle r4, r7, r6
INUM:      249 PC: 0x01fe REG: 4 VALUE: 0x0000
slt r4, r0, r6
INUM:      250 PC: 0x0200 REG: 4 VALUE: 0x0000
addi r6, r1, 15
INUM:      251 PC: 0x0202 REG: 6 VALUE: 0x801d
sle r4, r4, r4
INUM:      252 PC: 0x0204 REG: 4 VALUE: 0x0001
andn r6, r2, r1
INUM:      253 PC: 0x0206 REG: 6 VALUE: 0x0000
sub r3, r3, r4
INUM:      254 PC: 0x0208 REG: 3 VALUE: 0x0001
nop
INUM:      255 PC: 0x020a
andni r6, r6, 1
INUM:      256 PC: 0x020c REG: 6 VALUE: 0x0000
nop
INUM:      257 PC: 0x020e
ld r2, r6, 0
INUM:      258 PC: 0x0210 REG: 2 VALUE: 0xc080 ADDR: 0x0000
nop
INUM:      259 PC: 0x0212
st r6, r1, -6
INUM:      260 PC: 0x0214 ADDR: 0x8008 VALUE: 0x0000
nop
INUM:      261 PC: 0x0216
st r3, r0, 10
INUM:      262 PC: 0x0218 ADDR: 0x7fda VALUE: 0x0001
nop
INUM:      263 PC: 0x021a
st r2, r1, 2
INUM:      264 PC: 0x021c ADDR: 0x8010 VALUE: 0xc080
nop
INUM:      265 PC: 0x021e
st r3, r1, -2
INUM:      266 PC: 0x0220 ADDR: 0x800c VALUE: 0x0001
nop
INUM:      267 PC: 0x0222
st r2, r1, -6
INUM:      268 PC: 0x0224 ADDR: 0x8008 VALUE: 0xc080
nop
INUM:      269 PC: 0x0226
st r5, r0, 8
INUM:      270 PC: 0x0228 ADDR: 0x7fd8 VALUE: 0x0000
nop
INUM:      271 PC: 0x022a
st r5, r1, -16
INUM:      272 PC: 0x022c ADDR: 0x7ffe VALUE: 0x0000
nop
INUM:      273 PC: 0x022e
ld r4, r0, -4
INUM:      274 PC: 0x0230 REG: 4 VALUE: 0x0000 ADDR: 0x7fcc
nop
INUM:      275 PC: 0x0232
ld r5, r1, 0
INUM:      276 PC: 0x0234 REG: 5 VALUE: 0x0000 ADDR: 0x800e
nop
INUM:      277 PC: 0x0236
ld r5, r0, -14
INUM:      278 PC: 0x0238 REG: 5 VALUE: 0x8000 ADDR: 0x7fc2
nop
INUM:      279 PC: 0x023a
ld r5, r0, -8
INUM:      280 PC: 0x023c REG: 5 VALUE: 0x0000 ADDR: 0x7fc8
nop
INUM:      281 PC: 0x023e
stu r4, r0, -2
INUM:      282 PC: 0x0240 REG: 0 VALUE: 0x7fce ADDR: 0x7fce VALUE: 0x0000
nop
INUM:      283 PC: 0x0242
st r4, r1, -14
INUM:      284 PC: 0x0244 ADDR: 0x8000 VALUE: 0x0000
nop
INUM:      285 PC: 0x0246
stu r5, r0, -8
INUM:      286 PC: 0x0248 REG: 0 VALUE: 0x7fc6 ADDR: 0x7fc6 VALUE: 0x0000
nop
INUM:      287 PC: 0x024a
ld r4, r1, 6
INUM:      288 PC: 0x024c REG: 4 VALUE: 0x0000 ADDR: 0x8014
nop
INUM:      289 PC: 0x024e
stu r5, r1, -8
INUM:      290 PC: 0x0250 REG: 1 VALUE: 0x8006 ADDR: 0x8006 VALUE: 0x0000
nop
INUM:      291 PC: 0x0252
stu r2, r0, -10
INUM:      292 PC: 0x0254 REG: 0 VALUE: 0x7fbc ADDR: 0x7fbc VALUE: 0xc080
nop
INUM:      293 PC: 0x0256
ld r4, r1, 6
INUM:      294 PC: 0x0258 REG: 4 VALUE: 0x0001 ADDR: 0x800c
nop
INUM:      295 PC: 0x025a
ld r4, r1, -14
INUM:      296 PC: 0x025c REG: 4 VALUE: 0x0000 ADDR: 0x7ff8
nop
INUM:      297 PC: 0x025e
st r6, r1, 2
INUM:      298 PC: 0x0260 ADDR: 0x8008 VALUE: 0x0000
nop
INUM:      299 PC: 0x0262
ld r2, r0, 2
INUM:      300 PC: 0x0264 REG: 2 VALUE: 0x0000 ADDR: 0x7fbe
nop
INUM:      301 PC: 0x0266
stu r5, r1, 2
INUM:      302 PC: 0x0268 REG: 1 VALUE: 0x8008 ADDR: 0x8008 VALUE: 0x0000
nop
INUM:      303 PC: 0x026a
stu r4, r0, -16
INUM:      304 PC: 0x026c REG: 0 VALUE: 0x7fac ADDR: 0x7fac VALUE: 0x0000
nop
INUM:      305 PC: 0x026e
ld r6, r0, 2
INUM:      306 PC: 0x0270 REG: 6 VALUE: 0x0000 ADDR: 0x7fae
nop
INUM:      307 PC: 0x0272
ld r3, r0, 10
INUM:      308 PC: 0x0274 REG: 3 VALUE: 0x0000 ADDR: 0x7fb6
nop
INUM:      309 PC: 0x0276
ld r4, r1, 10
INUM:      310 PC: 0x0278 REG: 4 VALUE: 0x0000 ADDR: 0x8012
nop
INUM:      311 PC: 0x027a
ld r4, r0, 14
INUM:      312 PC: 0x027c REG: 4 VALUE: 0x0000 ADDR: 0x7fba
nop
INUM:      313 PC: 0x027e
stu r6, r1, 4
INUM:      314 PC: 0x0280 REG: 1 VALUE: 0x800c ADDR: 0x800c VALUE: 0x0000
nop
INUM:      315 PC: 0x0282
stu r3, r1, -16
INUM:      316 PC: 0x0284 REG: 1 VALUE: 0x7ffc ADDR: 0x7ffc VALUE: 0x0000
nop
INUM:      317 PC: 0x0286
stu r3, r1, 12
INUM:      318 PC: 0x0288 REG: 1 VALUE: 0x8008 ADDR: 0x8008 VALUE: 0x0000
nop
INUM:      319 PC: 0x028a
ld r4, r1, 8
INUM:      320 PC: 0x028c REG: 4 VALUE: 0xc080 ADDR: 0x8010
nop
INUM:      321 PC: 0x028e
stu r5, r1, -6
INUM:      322 PC: 0x0290 REG: 1 VALUE: 0x8002 ADDR: 0x8002 VALUE: 0x0000
nop
INUM:      323 PC: 0x0292
stu r2, r1, -12
INUM:      324 PC: 0x0294 REG: 1 VALUE: 0x7ff6 ADDR: 0x7ff6 VALUE: 0x0000
nop
INUM:      325 PC: 0x0296
st r3, r1, -12
INUM:      326 PC: 0x0298 ADDR: 0x7fea VALUE: 0x0000
nop
INUM:      327 PC: 0x029a
ld r2, r0, 6
INUM:      328 PC: 0x029c REG: 2 VALUE: 0x0000 ADDR: 0x7fb2
nop
INUM:      329 PC: 0x029e
st r3, r0, -4
INUM:      330 PC: 0x02a0 ADDR: 0x7fa8 VALUE: 0x0000
nop
INUM:      331 PC: 0x02a2
ld r6, r1, -16
INUM:      332 PC: 0x02a4 REG: 6 VALUE: 0x0000 ADDR: 0x7fe6
nop
INUM:      333 PC: 0x02a6
stu r4, r1, -14
INUM:      334 PC: 0x02a8 REG: 1 VALUE: 0x7fe8 ADDR: 0x7fe8 VALUE: 0xc080
nop
INUM:      335 PC: 0x02aa
ld r6, r1, -12
INUM:      336 PC: 0x02ac REG: 6 VALUE: 0x0000 ADDR: 0x7fdc
nop
INUM:      337 PC: 0x02ae
ld r5, r0, -4
INUM:      338 PC: 0x02b0 REG: 5 VALUE: 0x0000 ADDR: 0x7fa8
nop
INUM:      339 PC: 0x02b2
stu r5, r1, 8
INUM:      340 PC: 0x02b4 REG: 1 VALUE: 0x7ff0 ADDR: 0x7ff0 VALUE: 0x0000
nop
INUM:      341 PC: 0x02b6
ld r2, r1, -8
INUM:      342 PC: 0x02b8 REG: 2 VALUE: 0xc080 ADDR: 0x7fe8
nop
INUM:      343 PC: 0x02ba
st r3, r1, -6
INUM:      344 PC: 0x02bc ADDR: 0x7fea VALUE: 0x0000
nop
INUM:      345 PC: 0x02be
ld r6, r0, -16
INUM:      346 PC: 0x02c0 REG: 6 VALUE: 0x0000 ADDR: 0x7f9c
nop
INUM:      347 PC: 0x02c2
ld r2, r0, 14
INUM:      348 PC: 0x02c4 REG: 2 VALUE: 0x0000 ADDR: 0x7fba
nop
INUM:      349 PC: 0x02c6
ld r6, r0, -6
INUM:      350 PC: 0x02c8 REG: 6 VALUE: 0x0000 ADDR: 0x7fa6
nop
INUM:      351 PC: 0x02ca
stu r4, r0, -12
INUM:      352 PC: 0x02cc REG: 0 VALUE: 0x7fa0 ADDR: 0x7fa0 VALUE: 0xc080
nop
INUM:      353 PC: 0x02ce
ld r3, r1, 4
INUM:      354 PC: 0x02d0 REG: 3 VALUE: 0x8000 ADDR: 0x7ff4
nop
INUM:      355 PC: 0x02d2
ld r4, r0, -6
INUM:      356 PC: 0x02d4 REG: 4 VALUE: 0x0000 ADDR: 0x7f9a
nop
INUM:      357 PC: 0x02d6
st r2, r1, -4
INUM:      358 PC: 0x02d8 ADDR: 0x7fec VALUE: 0x0000
nop
INUM:      359 PC: 0x02da
ld r2, r1, 12
INUM:      360 PC: 0x02dc REG: 2 VALUE: 0x0000 ADDR: 0x7ffc
nop
INUM:      361 PC: 0x02de
st r2, r1, -4
INUM:      362 PC: 0x02e0 ADDR: 0x7fec VALUE: 0x0000
nop
INUM:      363 PC: 0x02e2
ld r3, r1, -8
INUM:      364 PC: 0x02e4 REG: 3 VALUE: 0xc080 ADDR: 0x7fe8
nop
INUM:      365 PC: 0x02e6
ld r2, r0, 14
INUM:      366 PC: 0x02e8 REG: 2 VALUE: 0x0000 ADDR: 0x7fae
nop
INUM:      367 PC: 0x02ea
stu r4, r0, -10
INUM:      368 PC: 0x02ec REG: 0 VALUE: 0x7f96 ADDR: 0x7f96 VALUE: 0x0000
nop
INUM:      369 PC: 0x02ee
ld r3, r0, -6
INUM:      370 PC: 0x02f0 REG: 3 VALUE: 0x0000 ADDR: 0x7f90
nop
INUM:      371 PC: 0x02f2
ld r6, r1, 10
INUM:      372 PC: 0x02f4 REG: 6 VALUE: 0xfff7 ADDR: 0x7ffa
nop
INUM:      373 PC: 0x02f6
stu r6, r1, 6
INUM:      374 PC: 0x02f8 REG: 1 VALUE: 0x7ff6 ADDR: 0x7ff6 VALUE: 0xfff7
nop
INUM:      375 PC: 0x02fa
ld r6, r0, -4
INUM:      376 PC: 0x02fc REG: 6 VALUE: 0x0000 ADDR: 0x7f92
stu r5, r1, 10
INUM:      377 PC: 0x02fe REG: 1 VALUE: 0x8000 ADDR: 0x8000 VALUE: 0x0000
addi r0, r0, -4
INUM:      378 PC: 0x0300 REG: 0 VALUE: 0x7f92
nop
INUM:      379 PC: 0x0302
ld r4, r0, 12
INUM:      380 PC: 0x0304 REG: 4 VALUE: 0x0000 ADDR: 0x7f9e
nop
INUM:      381 PC: 0x0306
st r4, r1, 6
INUM:      382 PC: 0x0308 ADDR: 0x8006 VALUE: 0x0000
nop
INUM:      383 PC: 0x030a
st r6, r1, -14
INUM:      384 PC: 0x030c ADDR: 0x7ff2 VALUE: 0x0000
nop
INUM:      385 PC: 0x030e
ld r6, r1, 10
INUM:      386 PC: 0x0310 REG: 6 VALUE: 0x0000 ADDR: 0x800a
nop
INUM:      387 PC: 0x0312
ld r4, r1, -6
INUM:      388 PC: 0x0314 REG: 4 VALUE: 0xfff7 ADDR: 0x7ffa
nop
INUM:      389 PC: 0x0316
st r5, r1, 6
INUM:      390 PC: 0x0318 ADDR: 0x8006 VALUE: 0x0000
nop
INUM:      391 PC: 0x031a
stu r6, r1, 4
INUM:      392 PC: 0x031c REG: 1 VALUE: 0x8004 ADDR: 0x8004 VALUE: 0x0000
nop
INUM:      393 PC: 0x031e
ld r2, r0, -12
INUM:      394 PC: 0x0320 REG: 2 VALUE: 0x0000 ADDR: 0x7f86
nop
INUM:      395 PC: 0x0322
st r2, r1, -14
INUM:      396 PC: 0x0324 ADDR: 0x7ff6 VALUE: 0x0000
nop
INUM:      397 PC: 0x0326
ld r5, r0, -8
INUM:      398 PC: 0x0328 REG: 5 VALUE: 0x0000 ADDR: 0x7f8a
nop
INUM:      399 PC: 0x032a
st r5, r1, -4
INUM:      400 PC: 0x032c ADDR: 0x8000 VALUE: 0x0000
nop
INUM:      401 PC: 0x032e
st r5, r0, -6
INUM:      402 PC: 0x0330 ADDR: 0x7f8c VALUE: 0x0000
nop
INUM:      403 PC: 0x0332
ld r6, r0, -4
INUM:      404 PC: 0x0334 REG: 6 VALUE: 0x0000 ADDR: 0x7f8e
nop
INUM:      405 PC: 0x0336
ld r4, r1, -16
INUM:      406 PC: 0x0338 REG: 4 VALUE: 0x8000 ADDR: 0x7ff4
nop
INUM:      407 PC: 0x033a
ld r6, r0, 0
INUM:      408 PC: 0x033c REG: 6 VALUE: 0x0000 ADDR: 0x7f92
nop
INUM:      409 PC: 0x033e
st r3, r0, 10
INUM:      410 PC: 0x0340 ADDR: 0x7f9c VALUE: 0x0000
nop
INUM:      411 PC: 0x0342
ld r5, r0, 0
INUM:      412 PC: 0x0344 REG: 5 VALUE: 0x0000 ADDR: 0x7f92
nop
INUM:      413 PC: 0x0346
stu r5, r1, -16
INUM:      414 PC: 0x0348 REG: 1 VALUE: 0x7ff4 ADDR: 0x7ff4 VALUE: 0x0000
nop
INUM:      415 PC: 0x034a
ld r2, r1, -14
INUM:      416 PC: 0x034c REG: 2 VALUE: 0x0000 ADDR: 0x7fe6
nop
INUM:      417 PC: 0x034e
st r4, r0, -10
INUM:      418 PC: 0x0350 ADDR: 0x7f88 VALUE: 0x8000
nop
INUM:      419 PC: 0x0352
ld r6, r1, -10
INUM:      420 PC: 0x0354 REG: 6 VALUE: 0x0000 ADDR: 0x7fea
nop
INUM:      421 PC: 0x0356
st r3, r1, -6
INUM:      422 PC: 0x0358 ADDR: 0x7fee VALUE: 0x0000
nop
INUM:      423 PC: 0x035a
ld r6, r1, 10
INUM:      424 PC: 0x035c REG: 6 VALUE: 0x0000 ADDR: 0x7ffe
nop
INUM:      425 PC: 0x035e
stu r3, r0, -6
INUM:      426 PC: 0x0360 REG: 0 VALUE: 0x7f8c ADDR: 0x7f8c VALUE: 0x0000
nop
INUM:      427 PC: 0x0362
st r2, r0, 14
INUM:      428 PC: 0x0364 ADDR: 0x7f9a VALUE: 0x0000
nop
INUM:      429 PC: 0x0366
st r3, r0, -6
INUM:      430 PC: 0x0368 ADDR: 0x7f86 VALUE: 0x0000
nop
INUM:      431 PC: 0x036a
stu r3, r1, -10
INUM:      432 PC: 0x036c REG: 1 VALUE: 0x7fea ADDR: 0x7fea VALUE: 0x0000
nop
INUM:      433 PC: 0x036e
st r6, r0, -16
INUM:      434 PC: 0x0370 ADDR: 0x7f7c VALUE: 0x0000
nop
INUM:      435 PC: 0x0372
ld r2, r0, -16
INUM:      436 PC: 0x0374 REG: 2 VALUE: 0x0000 ADDR: 0x7f7c
nop
INUM:      437 PC: 0x0376
ld r3, r1, 10
INUM:      438 PC: 0x0378 REG: 3 VALUE: 0x0000 ADDR: 0x7ff4
nop
INUM:      439 PC: 0x037a
st r3, r0, 6
INUM:      440 PC: 0x037c ADDR: 0x7f92 VALUE: 0x0000
nop
INUM:      441 PC: 0x037e
stu r4, r1, -6
INUM:      442 PC: 0x0380 REG: 1 VALUE: 0x7fe4 ADDR: 0x7fe4 VALUE: 0x8000
nop
INUM:      443 PC: 0x0382
stu r4, r1, -6
INUM:      444 PC: 0x0384 REG: 1 VALUE: 0x7fde ADDR: 0x7fde VALUE: 0x8000
nop
INUM:      445 PC: 0x0386
stu r3, r1, 8
INUM:      446 PC: 0x0388 REG: 1 VALUE: 0x7fe6 ADDR: 0x7fe6 VALUE: 0x0000
nop
INUM:      447 PC: 0x038a
stu r4, r1, 0
INUM:      448 PC: 0x038c REG: 1 VALUE: 0x7fe6 ADDR: 0x7fe6 VALUE: 0x8000
nop
INUM:      449 PC: 0x038e
ld r6, r0, 0
INUM:      450 PC: 0x0390 REG: 6 VALUE: 0x0000 ADDR: 0x7f8c
nop
INUM:      451 PC: 0x0392
stu r4, r0, -4
INUM:      452 PC: 0x0394 REG: 0 VALUE: 0x7f88 ADDR: 0x7f88 VALUE: 0x8000
nop
INUM:      453 PC: 0x0396
st r3, r1, 8
INUM:      454 PC: 0x0398 ADDR: 0x7fee VALUE: 0x0000
nop
INUM:      455 PC: 0x039a
st r5, r1, 2
INUM:      456 PC: 0x039c ADDR: 0x7fe8 VALUE: 0x0000
nop
INUM:      457 PC: 0x039e
ld r6, r1, -2
INUM:      458 PC: 0x03a0 REG: 6 VALUE: 0x8000 ADDR: 0x7fe4
nop
INUM:      459 PC: 0x03a2
ld r4, r0, 4
INUM:      460 PC: 0x03a4 REG: 4 VALUE: 0x0000 ADDR: 0x7f8c
nop
INUM:      461 PC: 0x03a6
ld r4, r0, -4
INUM:      462 PC: 0x03a8 REG: 4 VALUE: 0x0000 ADDR: 0x7f84
nop
INUM:      463 PC: 0x03aa
stu r6, r1, -10
INUM:      464 PC: 0x03ac REG: 1 VALUE: 0x7fdc ADDR: 0x7fdc VALUE: 0x8000
nop
INUM:      465 PC: 0x03ae
ld r6, r1, 4
INUM:      466 PC: 0x03b0 REG: 6 VALUE: 0x0000 ADDR: 0x7fe0
nop
INUM:      467 PC: 0x03b2
stu r5, r1, -14
INUM:      468 PC: 0x03b4 REG: 1 VALUE: 0x7fce ADDR: 0x7fce VALUE: 0x0000
nop
INUM:      469 PC: 0x03b6
stu r3, r1, 0
INUM:      470 PC: 0x03b8 REG: 1 VALUE: 0x7fce ADDR: 0x7fce VALUE: 0x0000
nop
INUM:      471 PC: 0x03ba
stu r4, r1, -6
INUM:      472 PC: 0x03bc REG: 1 VALUE: 0x7fc8 ADDR: 0x7fc8 VALUE: 0x0000
nop
INUM:      473 PC: 0x03be
ld r4, r1, -12
INUM:      474 PC: 0x03c0 REG: 4 VALUE: 0xc080 ADDR: 0x7fbc
nop
INUM:      475 PC: 0x03c2
ld r5, r1, 10
INUM:      476 PC: 0x03c4 REG: 5 VALUE: 0x0000 ADDR: 0x7fd2
nop
INUM:      477 PC: 0x03c6
stu r4, r0, -6
INUM:      478 PC: 0x03c8 REG: 0 VALUE: 0x7f82 ADDR: 0x7f82 VALUE: 0xc080
nop
INUM:      479 PC: 0x03ca
st r5, r0, -2
INUM:      480 PC: 0x03cc ADDR: 0x7f80 VALUE: 0x0000
nop
INUM:      481 PC: 0x03ce
st r2, r1, -10
INUM:      482 PC: 0x03d0 ADDR: 0x7fbe VALUE: 0x0000
nop
INUM:      483 PC: 0x03d2
ld r2, r0, 0
INUM:      484 PC: 0x03d4 REG: 2 VALUE: 0xc080 ADDR: 0x7f82
nop
INUM:      485 PC: 0x03d6
ld r4, r0, -12
INUM:      486 PC: 0x03d8 REG: 4 VALUE: 0x0000 ADDR: 0x7f76
nop
INUM:      487 PC: 0x03da
ld r6, r0, -10
INUM:      488 PC: 0x03dc REG: 6 VALUE: 0x0000 ADDR: 0x7f78
nop
INUM:      489 PC: 0x03de
st r3, r1, -6
INUM:      490 PC: 0x03e0 ADDR: 0x7fc2 VALUE: 0x0000
nop
INUM:      491 PC: 0x03e2
ld r4, r0, 14
INUM:      492 PC: 0x03e4 REG: 4 VALUE: 0x0000 ADDR: 0x7f90
nop
INUM:      493 PC: 0x03e6
ld r3, r0, -4
INUM:      494 PC: 0x03e8 REG: 3 VALUE: 0x0000 ADDR: 0x7f7e
nop
INUM:      495 PC: 0x03ea
ld r6, r1, -12
INUM:      496 PC: 0x03ec REG: 6 VALUE: 0xc080 ADDR: 0x7fbc
nop
INUM:      497 PC: 0x03ee
ld r5, r0, -6
INUM:      498 PC: 0x03f0 REG: 5 VALUE: 0x0000 ADDR: 0x7f7c
nop
INUM:      499 PC: 0x03f2
ld r4, r0, -14
INUM:      500 PC: 0x03f4 REG: 4 VALUE: 0x0000 ADDR: 0x7f74
nop
INUM:      501 PC: 0x03f6
st r3, r0, -8
INUM:      502 PC: 0x03f8 ADDR: 0x7f7a VALUE: 0x0000
nop
INUM:      503 PC: 0x03fa
st r4, r0, -8
INUM:      504 PC: 0x03fc ADDR: 0x7f7a VALUE: 0x0000
nop
INUM:      505 PC: 0x03fe
st r6, r0, -16
INUM:      506 PC: 0x0400 ADDR: 0x7f72 VALUE: 0xc080
nop
INUM:      507 PC: 0x0402
ld r6, r0, 0
INUM:      508 PC: 0x0404 REG: 6 VALUE: 0xc080 ADDR: 0x7f82
nop
INUM:      509 PC: 0x0406
stu r2, r0, -12
INUM:      510 PC: 0x0408 REG: 0 VALUE: 0x7f76 ADDR: 0x7f76 VALUE: 0xc080
nop
INUM:      511 PC: 0x040a
st r5, r1, 6
INUM:      512 PC: 0x040c ADDR: 0x7fce VALUE: 0x0000
nop
INUM:      513 PC: 0x040e
stu r5, r0, -2
INUM:      514 PC: 0x0410 REG: 0 VALUE: 0x7f74 ADDR: 0x7f74 VALUE: 0x0000
nop
INUM:      515 PC: 0x0412
stu r6, r0, -10
INUM:      516 PC: 0x0414 REG: 0 VALUE: 0x7f6a ADDR: 0x7f6a VALUE: 0xc080
nop
INUM:      517 PC: 0x0416
stu r5, r0, 0
INUM:      518 PC: 0x0418 REG: 0 VALUE: 0x7f6a ADDR: 0x7f6a VALUE: 0x0000
nop
INUM:      519 PC: 0x041a
ld r4, r0, 10
INUM:      520 PC: 0x041c REG: 4 VALUE: 0x0000 ADDR: 0x7f74
nop
INUM:      521 PC: 0x041e
ld r2, r1, -16
INUM:      522 PC: 0x0420 REG: 2 VALUE: 0x0000 ADDR: 0x7fb8
nop
INUM:      523 PC: 0x0422
ld r3, r0, -12
INUM:      524 PC: 0x0424 REG: 3 VALUE: 0x0000 ADDR: 0x7f5e
nop
INUM:      525 PC: 0x0426
stu r4, r0, 14
INUM:      526 PC: 0x0428 REG: 0 VALUE: 0x7f78 ADDR: 0x7f78 VALUE: 0x0000
nop
INUM:      527 PC: 0x042a
ld r5, r0, -6
INUM:      528 PC: 0x042c REG: 5 VALUE: 0xc080 ADDR: 0x7f72
nop
INUM:      529 PC: 0x042e
stu r2, r1, -6
INUM:      530 PC: 0x0430 REG: 1 VALUE: 0x7fc2 ADDR: 0x7fc2 VALUE: 0x0000
nop
INUM:      531 PC: 0x0432
st r4, r0, 6
INUM:      532 PC: 0x0434 ADDR: 0x7f7e VALUE: 0x0000
nop
INUM:      533 PC: 0x0436
ld r5, r0, 2
INUM:      534 PC: 0x0438 REG: 5 VALUE: 0x0000 ADDR: 0x7f7a
nop
INUM:      535 PC: 0x043a
ld r2, r1, -12
INUM:      536 PC: 0x043c REG: 2 VALUE: 0x0000 ADDR: 0x7fb6
nop
INUM:      537 PC: 0x043e
stu r3, r0, 2
INUM:      538 PC: 0x0440 REG: 0 VALUE: 0x7f7a ADDR: 0x7f7a VALUE: 0x0000
nop
INUM:      539 PC: 0x0442
st r6, r1, 6
INUM:      540 PC: 0x0444 ADDR: 0x7fc8 VALUE: 0xc080
nop
INUM:      541 PC: 0x0446
ld r3, r1, -14
INUM:      542 PC: 0x0448 REG: 3 VALUE: 0x0000 ADDR: 0x7fb4
nop
INUM:      543 PC: 0x044a
ld r4, r1, 2
INUM:      544 PC: 0x044c REG: 4 VALUE: 0x0000 ADDR: 0x7fc4
nop
INUM:      545 PC: 0x044e
ld r4, r1, 6
INUM:      546 PC: 0x0450 REG: 4 VALUE: 0xc080 ADDR: 0x7fc8
nop
INUM:      547 PC: 0x0452
st r2, r0, -14
INUM:      548 PC: 0x0454 ADDR: 0x7f6c VALUE: 0x0000
nop
INUM:      549 PC: 0x0456
stu r2, r1, 6
INUM:      550 PC: 0x0458 REG: 1 VALUE: 0x7fc8 ADDR: 0x7fc8 VALUE: 0x0000
nop
INUM:      551 PC: 0x045a
stu r5, r1, -6
INUM:      552 PC: 0x045c REG: 1 VALUE: 0x7fc2 ADDR: 0x7fc2 VALUE: 0x0000
nop
INUM:      553 PC: 0x045e
st r5, r0, 12
INUM:      554 PC: 0x0460 ADDR: 0x7f86 VALUE: 0x0000
nop
INUM:      555 PC: 0x0462
ld r3, r1, -14
INUM:      556 PC: 0x0464 REG: 3 VALUE: 0x0000 ADDR: 0x7fb4
nop
INUM:      557 PC: 0x0466
stu r2, r1, -8
INUM:      558 PC: 0x0468 REG: 1 VALUE: 0x7fba ADDR: 0x7fba VALUE: 0x0000
st r5, r1, -10
INUM:      559 PC: 0x046a ADDR: 0x7fb0 VALUE: 0x0000
addi r0, r0, 0
INUM:      560 PC: 0x046c REG: 0 VALUE: 0x7f7a
nop
INUM:      561 PC: 0x046e
ld r3, r0, 14
INUM:      562 PC: 0x0470 REG: 3 VALUE: 0x8000 ADDR: 0x7f88
nop
INUM:      563 PC: 0x0472
st r2, r0, 10
INUM:      564 PC: 0x0474 ADDR: 0x7f84 VALUE: 0x0000
nop
INUM:      565 PC: 0x0476
ld r5, r0, 6
INUM:      566 PC: 0x0478 REG: 5 VALUE: 0x0000 ADDR: 0x7f80
nop
INUM:      567 PC: 0x047a
stu r4, r1, -16
INUM:      568 PC: 0x047c REG: 1 VALUE: 0x7faa ADDR: 0x7faa VALUE: 0xc080
nop
INUM:      569 PC: 0x047e
ld r2, r1, -2
INUM:      570 PC: 0x0480 REG: 2 VALUE: 0x0000 ADDR: 0x7fa8
nop
INUM:      571 PC: 0x0482
stu r4, r1, -6
INUM:      572 PC: 0x0484 REG: 1 VALUE: 0x7fa4 ADDR: 0x7fa4 VALUE: 0xc080
nop
INUM:      573 PC: 0x0486
stu r5, r0, 10
INUM:      574 PC: 0x0488 REG: 0 VALUE: 0x7f84 ADDR: 0x7f84 VALUE: 0x0000
nop
INUM:      575 PC: 0x048a
ld r4, r0, -6
INUM:      576 PC: 0x048c REG: 4 VALUE: 0x0000 ADDR: 0x7f7e
nop
INUM:      577 PC: 0x048e
st r4, r1, -16
INUM:      578 PC: 0x0490 ADDR: 0x7f94 VALUE: 0x0000
nop
INUM:      579 PC: 0x0492
stu r5, r0, -2
INUM:      580 PC: 0x0494 REG: 0 VALUE: 0x7f82 ADDR: 0x7f82 VALUE: 0x0000
nop
INUM:      581 PC: 0x0496
ld r6, r0, 14
INUM:      582 PC: 0x0498 REG: 6 VALUE: 0x0000 ADDR: 0x7f90
nop
INUM:      583 PC: 0x049a
st r4, r0, 0
INUM:      584 PC: 0x049c ADDR: 0x7f82 VALUE: 0x0000
nop
INUM:      585 PC: 0x049e
st r5, r1, -12
INUM:      586 PC: 0x04a0 ADDR: 0x7f98 VALUE: 0x0000
st r5, r1, -14
INUM:      587 PC: 0x04a2 ADDR: 0x7f96 VALUE: 0x0000
addi r0, r0, 8
INUM:      588 PC: 0x04a4 REG: 0 VALUE: 0x7f8a
nop
INUM:      589 PC: 0x04a6
ld r5, r0, -12
INUM:      590 PC: 0x04a8 REG: 5 VALUE: 0x0000 ADDR: 0x7f7e
nop
INUM:      591 PC: 0x04aa
ld r4, r1, 10
INUM:      592 PC: 0x04ac REG: 4 VALUE: 0x0000 ADDR: 0x7fae
nop
INUM:      593 PC: 0x04ae
st r4, r1, -6
INUM:      594 PC: 0x04b0 ADDR: 0x7f9e VALUE: 0x0000
nop
INUM:      595 PC: 0x04b2
ld r2, r1, 4
INUM:      596 PC: 0x04b4 REG: 2 VALUE: 0x0000 ADDR: 0x7fa8
nop
INUM:      597 PC: 0x04b6
ld r5, r0, 8
INUM:      598 PC: 0x04b8 REG: 5 VALUE: 0x0000 ADDR: 0x7f92
nop
INUM:      599 PC: 0x04ba
st r3, r1, -16
INUM:      600 PC: 0x04bc ADDR: 0x7f94 VALUE: 0x8000
nop
INUM:      601 PC: 0x04be
ld r3, r0, -4
INUM:      602 PC: 0x04c0 REG: 3 VALUE: 0x0000 ADDR: 0x7f86
nop
INUM:      603 PC: 0x04c2
st r4, r1, -2
INUM:      604 PC: 0x04c4 ADDR: 0x7fa2 VALUE: 0x0000
nop
INUM:      605 PC: 0x04c6
ld r2, r0, 12
INUM:      606 PC: 0x04c8 REG: 2 VALUE: 0x0000 ADDR: 0x7f96
nop
INUM:      607 PC: 0x04ca
st r5, r1, 4
INUM:      608 PC: 0x04cc ADDR: 0x7fa8 VALUE: 0x0000
nop
INUM:      609 PC: 0x04ce
st r3, r1, 2
INUM:      610 PC: 0x04d0 ADDR: 0x7fa6 VALUE: 0x0000
nop
INUM:      611 PC: 0x04d2
st r6, r1, 14
INUM:      612 PC: 0x04d4 ADDR: 0x7fb2 VALUE: 0x0000
nop
INUM:      613 PC: 0x04d6
st r6, r1, -2
INUM:      614 PC: 0x04d8 ADDR: 0x7fa2 VALUE: 0x0000
nop
INUM:      615 PC: 0x04da
ld r6, r1, -10
INUM:      616 PC: 0x04dc REG: 6 VALUE: 0x0000 ADDR: 0x7f9a
nop
INUM:      617 PC: 0x04de
ld r6, r1, 2
INUM:      618 PC: 0x04e0 REG: 6 VALUE: 0x0000 ADDR: 0x7fa6
nop
INUM:      619 PC: 0x04e2
st r2, r1, -16
INUM:      620 PC: 0x04e4 ADDR: 0x7f94 VALUE: 0x0000
nop
INUM:      621 PC: 0x04e6
ld r3, r1, 8
INUM:      622 PC: 0x04e8 REG: 3 VALUE: 0x0000 ADDR: 0x7fac
nop
INUM:      623 PC: 0x04ea
stu r2, r0, 12
INUM:      624 PC: 0x04ec REG: 0 VALUE: 0x7f96 ADDR: 0x7f96 VALUE: 0x0000
nop
INUM:      625 PC: 0x04ee
stu r4, r1, 8
INUM:      626 PC: 0x04f0 REG: 1 VALUE: 0x7fac ADDR: 0x7fac VALUE: 0x0000
nop
INUM:      627 PC: 0x04f2
ld r2, r0, 0
INUM:      628 PC: 0x04f4 REG: 2 VALUE: 0x0000 ADDR: 0x7f96
nop
INUM:      629 PC: 0x04f6
st r5, r0, -10
INUM:      630 PC: 0x04f8 ADDR: 0x7f8c VALUE: 0x0000
nop
INUM:      631 PC: 0x04fa
stu r3, r0, -16
INUM:      632 PC: 0x04fc REG: 0 VALUE: 0x7f86 ADDR: 0x7f86 VALUE: 0x0000
nop
INUM:      633 PC: 0x04fe
st r5, r0, -10
INUM:      634 PC: 0x0500 ADDR: 0x7f7c VALUE: 0x0000
nop
INUM:      635 PC: 0x0502
ld r3, r0, 14
INUM:      636 PC: 0x0504 REG: 3 VALUE: 0x0000 ADDR: 0x7f94
nop
INUM:      637 PC: 0x0506
ld r6, r1, 4
INUM:      638 PC: 0x0508 REG: 6 VALUE: 0x0000 ADDR: 0x7fb0
nop
INUM:      639 PC: 0x050a
ld r5, r0, 4
INUM:      640 PC: 0x050c REG: 5 VALUE: 0x0000 ADDR: 0x7f8a
nop
INUM:      641 PC: 0x050e
st r4, r0, -8
INUM:      642 PC: 0x0510 ADDR: 0x7f7e VALUE: 0x0000
nop
INUM:      643 PC: 0x0512
ld r2, r1, -14
INUM:      644 PC: 0x0514 REG: 2 VALUE: 0x0000 ADDR: 0x7f9e
nop
INUM:      645 PC: 0x0516
ld r3, r0, -6
INUM:      646 PC: 0x0518 REG: 3 VALUE: 0x0000 ADDR: 0x7f80
nop
INUM:      647 PC: 0x051a
st r5, r1, -6
INUM:      648 PC: 0x051c ADDR: 0x7fa6 VALUE: 0x0000
nop
INUM:      649 PC: 0x051e
st r4, r1, 4
INUM:      650 PC: 0x0520 ADDR: 0x7fb0 VALUE: 0x0000
nop
INUM:      651 PC: 0x0522
ld r2, r0, -12
INUM:      652 PC: 0x0524 REG: 2 VALUE: 0x0000 ADDR: 0x7f7a
nop
INUM:      653 PC: 0x0526
stu r6, r0, 14
INUM:      654 PC: 0x0528 REG: 0 VALUE: 0x7f94 ADDR: 0x7f94 VALUE: 0x0000
nop
INUM:      655 PC: 0x052a
ld r4, r0, -2
INUM:      656 PC: 0x052c REG: 4 VALUE: 0x0000 ADDR: 0x7f92
nop
INUM:      657 PC: 0x052e
stu r3, r1, -16
INUM:      658 PC: 0x0530 REG: 1 VALUE: 0x7f9c ADDR: 0x7f9c VALUE: 0x0000
nop
INUM:      659 PC: 0x0532
stu r6, r1, 8
INUM:      660 PC: 0x0534 REG: 1 VALUE: 0x7fa4 ADDR: 0x7fa4 VALUE: 0x0000
nop
INUM:      661 PC: 0x0536
ld r2, r0, -16
INUM:      662 PC: 0x0538 REG: 2 VALUE: 0x0000 ADDR: 0x7f84
nop
INUM:      663 PC: 0x053a
ld r3, r0, -6
INUM:      664 PC: 0x053c REG: 3 VALUE: 0x0000 ADDR: 0x7f8e
nop
INUM:      665 PC: 0x053e
stu r2, r1, 12
INUM:      666 PC: 0x0540 REG: 1 VALUE: 0x7fb0 ADDR: 0x7fb0 VALUE: 0x0000
st r3, r1, 0
INUM:      667 PC: 0x0542 ADDR: 0x7fb0 VALUE: 0x0000
andn r7, r1, r0
INUM:      668 PC: 0x0544 REG: 7 VALUE: 0x0020
nop
INUM:      669 PC: 0x0546
st r5, r0, 6
INUM:      670 PC: 0x0548 ADDR: 0x7f9a VALUE: 0x0000
nop
INUM:      671 PC: 0x054a
ld r3, r0, -16
INUM:      672 PC: 0x054c REG: 3 VALUE: 0x0000 ADDR: 0x7f84
nop
INUM:      673 PC: 0x054e
ld r4, r0, 12
INUM:      674 PC: 0x0550 REG: 4 VALUE: 0xc080 ADDR: 0x7fa0
nop
INUM:      675 PC: 0x0552
ld r4, r1, -14
INUM:      676 PC: 0x0554 REG: 4 VALUE: 0x0000 ADDR: 0x7fa2
nop
INUM:      677 PC: 0x0556
ld r3, r0, -10
INUM:      678 PC: 0x0558 REG: 3 VALUE: 0x0000 ADDR: 0x7f8a
nop
INUM:      679 PC: 0x055a
stu r4, r1, -16
INUM:      680 PC: 0x055c REG: 1 VALUE: 0x7fa0 ADDR: 0x7fa0 VALUE: 0x0000
nop
INUM:      681 PC: 0x055e
stu r6, r0, -6
INUM:      682 PC: 0x0560 REG: 0 VALUE: 0x7f8e ADDR: 0x7f8e VALUE: 0x0000
nop
INUM:      683 PC: 0x0562
ld r6, r1, 14
INUM:      684 PC: 0x0564 REG: 6 VALUE: 0x0000 ADDR: 0x7fae
nop
INUM:      685 PC: 0x0566
ld r6, r0, -14
INUM:      686 PC: 0x0568 REG: 6 VALUE: 0x0000 ADDR: 0x7f80
st r2, r0, -16
INUM:      687 PC: 0x056a ADDR: 0x7f7e VALUE: 0x0000
addi r1, r1, -4
INUM:      688 PC: 0x056c REG: 1 VALUE: 0x7f9c
nop
INUM:      689 PC: 0x056e
st r6, r1, -10
INUM:      690 PC: 0x0570 ADDR: 0x7f92 VALUE: 0x0000
nop
INUM:      691 PC: 0x0572
ld r2, r0, -2
INUM:      692 PC: 0x0574 REG: 2 VALUE: 0x0000 ADDR: 0x7f8c
nop
INUM:      693 PC: 0x0576
st r3, r0, 6
INUM:      694 PC: 0x0578 ADDR: 0x7f94 VALUE: 0x0000
nop
INUM:      695 PC: 0x057a
ld r2, r0, 10
INUM:      696 PC: 0x057c REG: 2 VALUE: 0x0000 ADDR: 0x7f98
nop
INUM:      697 PC: 0x057e
st r6, r0, 12
INUM:      698 PC: 0x0580 ADDR: 0x7f9a VALUE: 0x0000
nop
INUM:      699 PC: 0x0582
st r2, r1, 14
INUM:      700 PC: 0x0584 ADDR: 0x7faa VALUE: 0x0000
nop
INUM:      701 PC: 0x0586
ld r3, r1, -6
INUM:      702 PC: 0x0588 REG: 3 VALUE: 0x0000 ADDR: 0x7f96
nop
INUM:      703 PC: 0x058a
ld r3, r0, 12
INUM:      704 PC: 0x058c REG: 3 VALUE: 0x0000 ADDR: 0x7f9a
nop
INUM:      705 PC: 0x058e
st r3, r0, 10
INUM:      706 PC: 0x0590 ADDR: 0x7f98 VALUE: 0x0000
nop
INUM:      707 PC: 0x0592
ld r6, r1, -6
INUM:      708 PC: 0x0594 REG: 6 VALUE: 0x0000 ADDR: 0x7f96
nop
INUM:      709 PC: 0x0596
stu r4, r1, 8
INUM:      710 PC: 0x0598 REG: 1 VALUE: 0x7fa4 ADDR: 0x7fa4 VALUE: 0x0000
nop
INUM:      711 PC: 0x059a
stu r5, r0, 8
INUM:      712 PC: 0x059c REG: 0 VALUE: 0x7f96 ADDR: 0x7f96 VALUE: 0x0000
nop
INUM:      713 PC: 0x059e
ld r5, r1, 2
INUM:      714 PC: 0x05a0 REG: 5 VALUE: 0x0000 ADDR: 0x7fa6
nop
INUM:      715 PC: 0x05a2
ld r6, r0, 4
INUM:      716 PC: 0x05a4 REG: 6 VALUE: 0x0000 ADDR: 0x7f9a
nop
INUM:      717 PC: 0x05a6
stu r5, r1, -10
INUM:      718 PC: 0x05a8 REG: 1 VALUE: 0x7f9a ADDR: 0x7f9a VALUE: 0x0000
nop
INUM:      719 PC: 0x05aa
ld r4, r1, 6
INUM:      720 PC: 0x05ac REG: 4 VALUE: 0x0000 ADDR: 0x7fa0
nop
INUM:      721 PC: 0x05ae
st r6, r0, 14
INUM:      722 PC: 0x05b0 ADDR: 0x7fa4 VALUE: 0x0000
nop
INUM:      723 PC: 0x05b2
ld r3, r0, 0
INUM:      724 PC: 0x05b4 REG: 3 VALUE: 0x0000 ADDR: 0x7f96
nop
INUM:      725 PC: 0x05b6
ld r5, r0, 6
INUM:      726 PC: 0x05b8 REG: 5 VALUE: 0x0000 ADDR: 0x7f9c
nop
INUM:      727 PC: 0x05ba
ld r2, r1, -2
INUM:      728 PC: 0x05bc REG: 2 VALUE: 0x0000 ADDR: 0x7f98
nop
INUM:      729 PC: 0x05be
ld r5, r1, 4
INUM:      730 PC: 0x05c0 REG: 5 VALUE: 0x0000 ADDR: 0x7f9e
nop
INUM:      731 PC: 0x05c2
ld r5, r1, 14
INUM:      732 PC: 0x05c4 REG: 5 VALUE: 0x0000 ADDR: 0x7fa8
nop
INUM:      733 PC: 0x05c6
ld r6, r0, 12
INUM:      734 PC: 0x05c8 REG: 6 VALUE: 0x0000 ADDR: 0x7fa2
nop
INUM:      735 PC: 0x05ca
ld r6, r1, 2
INUM:      736 PC: 0x05cc REG: 6 VALUE: 0x0000 ADDR: 0x7f9c
nop
INUM:      737 PC: 0x05ce
ld r5, r0, 12
INUM:      738 PC: 0x05d0 REG: 5 VALUE: 0x0000 ADDR: 0x7fa2
nop
INUM:      739 PC: 0x05d2
ld r4, r1, 14
INUM:      740 PC: 0x05d4 REG: 4 VALUE: 0x0000 ADDR: 0x7fa8
nop
INUM:      741 PC: 0x05d6
ld r3, r1, 14
INUM:      742 PC: 0x05d8 REG: 3 VALUE: 0x0000 ADDR: 0x7fa8
nop
INUM:      743 PC: 0x05da
stu r3, r1, 10
INUM:      744 PC: 0x05dc REG: 1 VALUE: 0x7fa4 ADDR: 0x7fa4 VALUE: 0x0000
nop
INUM:      745 PC: 0x05de
stu r4, r0, 0
INUM:      746 PC: 0x05e0 REG: 0 VALUE: 0x7f96 ADDR: 0x7f96 VALUE: 0x0000
nop
INUM:      747 PC: 0x05e2
ld r4, r0, 8
INUM:      748 PC: 0x05e4 REG: 4 VALUE: 0x0000 ADDR: 0x7f9e
nop
INUM:      749 PC: 0x05e6
stu r3, r0, -6
INUM:      750 PC: 0x05e8 REG: 0 VALUE: 0x7f90 ADDR: 0x7f90 VALUE: 0x0000
nop
INUM:      751 PC: 0x05ea
ld r5, r0, 8
INUM:      752 PC: 0x05ec REG: 5 VALUE: 0x0000 ADDR: 0x7f98
stu r3, r1, 8
INUM:      753 PC: 0x05ee REG: 1 VALUE: 0x7fac ADDR: 0x7fac VALUE: 0x0000
lbi r2, 0
INUM:      754 PC: 0x05f0 REG: 2 VALUE: 0x0000
lbi r6, 0
INUM:      755 PC: 0x05f2 REG: 6 VALUE: 0x0000
nop
INUM:      756 PC: 0x05f4
bnez r7, 8
INUM:      757 PC: 0x05f6
andni r0, r0, 1
INUM:      758 PC: 0x0600 REG: 0 VALUE: 0x7f90
st r4, r0, 0
INUM:      759 PC: 0x0602 ADDR: 0x7f90 VALUE: 0x0000
sll r3, r0, r7
INUM:      760 PC: 0x0604 REG: 3 VALUE: 0x7f90
sub r6, r3, r1
INUM:      761 PC: 0x0606 REG: 6 VALUE: 0x001c
subi r6, r5, 3
INUM:      762 PC: 0x0608 REG: 6 VALUE: 0x0003
nop
INUM:      763 PC: 0x060a
andni r1, r1, 1
INUM:      764 PC: 0x060c REG: 1 VALUE: 0x7fac
nop
INUM:      765 PC: 0x060e
stu r3, r1, 14
INUM:      766 PC: 0x0610 REG: 1 VALUE: 0x7fba ADDR: 0x7fba VALUE: 0x7f90
st r5, r0, 12
INUM:      767 PC: 0x0612 ADDR: 0x7f9c VALUE: 0x0000
addi r0, r0, -2
INUM:      768 PC: 0x0614 REG: 0 VALUE: 0x7f8e
nop
INUM:      769 PC: 0x0616
stu r2, r1, -4
INUM:      770 PC: 0x0618 REG: 1 VALUE: 0x7fb6 ADDR: 0x7fb6 VALUE: 0x0000
nop
INUM:      771 PC: 0x061a
ld r6, r0, 2
INUM:      772 PC: 0x061c REG: 6 VALUE: 0x0000 ADDR: 0x7f90
nop
INUM:      773 PC: 0x061e
stu r3, r0, 8
INUM:      774 PC: 0x0620 REG: 0 VALUE: 0x7f96 ADDR: 0x7f96 VALUE: 0x7f90
nop
INUM:      775 PC: 0x0622
st r5, r0, 14
INUM:      776 PC: 0x0624 ADDR: 0x7fa4 VALUE: 0x0000
nop
INUM:      777 PC: 0x0626
stu r4, r0, 14
INUM:      778 PC: 0x0628 REG: 0 VALUE: 0x7fa4 ADDR: 0x7fa4 VALUE: 0x0000
nop
INUM:      779 PC: 0x062a
ld r4, r0, 6
INUM:      780 PC: 0x062c REG: 4 VALUE: 0x0000 ADDR: 0x7faa
nop
INUM:      781 PC: 0x062e
ld r2, r1, -14
INUM:      782 PC: 0x0630 REG: 2 VALUE: 0x0000 ADDR: 0x7fa8
nop
INUM:      783 PC: 0x0632
ld r2, r1, 14
INUM:      784 PC: 0x0634 REG: 2 VALUE: 0x0000 ADDR: 0x7fc4
nop
INUM:      785 PC: 0x0636
stu r4, r0, -16
INUM:      786 PC: 0x0638 REG: 0 VALUE: 0x7f94 ADDR: 0x7f94 VALUE: 0x0000
nop
INUM:      787 PC: 0x063a
ld r3, r0, -2
INUM:      788 PC: 0x063c REG: 3 VALUE: 0x0000 ADDR: 0x7f92
nop
INUM:      789 PC: 0x063e
ld r3, r1, 12
INUM:      790 PC: 0x0640 REG: 3 VALUE: 0x0000 ADDR: 0x7fc2
nop
INUM:      791 PC: 0x0642
stu r6, r0, -4
INUM:      792 PC: 0x0644 REG: 0 VALUE: 0x7f90 ADDR: 0x7f90 VALUE: 0x0000
nop
INUM:      793 PC: 0x0646
stu r4, r1, -12
INUM:      794 PC: 0x0648 REG: 1 VALUE: 0x7faa ADDR: 0x7faa VALUE: 0x0000
nop
INUM:      795 PC: 0x064a
st r3, r0, 10
INUM:      796 PC: 0x064c ADDR: 0x7f9a VALUE: 0x0000
nop
INUM:      797 PC: 0x064e
ld r3, r1, 6
INUM:      798 PC: 0x0650 REG: 3 VALUE: 0x0000 ADDR: 0x7fb0
nop
INUM:      799 PC: 0x0652
ld r4, r1, 12
INUM:      800 PC: 0x0654 REG: 4 VALUE: 0x0000 ADDR: 0x7fb6
nop
INUM:      801 PC: 0x0656
ld r2, r1, 6
INUM:      802 PC: 0x0658 REG: 2 VALUE: 0x0000 ADDR: 0x7fb0
nop
INUM:      803 PC: 0x065a
stu r5, r1, 8
INUM:      804 PC: 0x065c REG: 1 VALUE: 0x7fb2 ADDR: 0x7fb2 VALUE: 0x0000
nop
INUM:      805 PC: 0x065e
ld r2, r0, -10
INUM:      806 PC: 0x0660 REG: 2 VALUE: 0x0000 ADDR: 0x7f86
nop
INUM:      807 PC: 0x0662
st r6, r1, -12
INUM:      808 PC: 0x0664 ADDR: 0x7fa6 VALUE: 0x0000
nop
INUM:      809 PC: 0x0666
ld r5, r1, -16
INUM:      810 PC: 0x0668 REG: 5 VALUE: 0x0000 ADDR: 0x7fa2
nop
INUM:      811 PC: 0x066a
stu r3, r0, 4
INUM:      812 PC: 0x066c REG: 0 VALUE: 0x7f94 ADDR: 0x7f94 VALUE: 0x0000
nop
INUM:      813 PC: 0x066e
st r4, r0, -6
INUM:      814 PC: 0x0670 ADDR: 0x7f8e VALUE: 0x0000
nop
INUM:      815 PC: 0x0672
ld r2, r1, -10
INUM:      816 PC: 0x0674 REG: 2 VALUE: 0x0000 ADDR: 0x7fa8
nop
INUM:      817 PC: 0x0676
ld r4, r1, -14
INUM:      818 PC: 0x0678 REG: 4 VALUE: 0x0000 ADDR: 0x7fa4
nop
INUM:      819 PC: 0x067a
ld r3, r1, -6
INUM:      820 PC: 0x067c REG: 3 VALUE: 0x0000 ADDR: 0x7fac
nop
INUM:      821 PC: 0x067e
ld r6, r1, 4
INUM:      822 PC: 0x0680 REG: 6 VALUE: 0x0000 ADDR: 0x7fb6
nop
INUM:      823 PC: 0x0682
st r5, r1, 6
INUM:      824 PC: 0x0684 ADDR: 0x7fb8 VALUE: 0x0000
nop
INUM:      825 PC: 0x0686
ld r2, r1, -14
INUM:      826 PC: 0x0688 REG: 2 VALUE: 0x0000 ADDR: 0x7fa4
nop
INUM:      827 PC: 0x068a
ld r3, r0, 6
INUM:      828 PC: 0x068c REG: 3 VALUE: 0x0000 ADDR: 0x7f9a
nop
INUM:      829 PC: 0x068e
stu r4, r0, 12
INUM:      830 PC: 0x0690 REG: 0 VALUE: 0x7fa0 ADDR: 0x7fa0 VALUE: 0x0000
nop
INUM:      831 PC: 0x0692
ld r6, r1, -16
INUM:      832 PC: 0x0694 REG: 6 VALUE: 0x0000 ADDR: 0x7fa2
nop
INUM:      833 PC: 0x0696
ld r3, r1, -8
INUM:      834 PC: 0x0698 REG: 3 VALUE: 0x0000 ADDR: 0x7faa
nop
INUM:      835 PC: 0x069a
st r2, r0, 6
INUM:      836 PC: 0x069c ADDR: 0x7fa6 VALUE: 0x0000
nop
INUM:      837 PC: 0x069e
ld r3, r0, -16
INUM:      838 PC: 0x06a0 REG: 3 VALUE: 0x0000 ADDR: 0x7f90
nop
INUM:      839 PC: 0x06a2
st r4, r1, 14
INUM:      840 PC: 0x06a4 ADDR: 0x7fc0 VALUE: 0x0000
nop
INUM:      841 PC: 0x06a6
ld r5, r1, 12
INUM:      842 PC: 0x06a8 REG: 5 VALUE: 0x0000 ADDR: 0x7fbe
nop
INUM:      843 PC: 0x06aa
ld r6, r0, 10
INUM:      844 PC: 0x06ac REG: 6 VALUE: 0x0000 ADDR: 0x7faa
nop
INUM:      845 PC: 0x06ae
stu r5, r1, 0
INUM:      846 PC: 0x06b0 REG: 1 VALUE: 0x7fb2 ADDR: 0x7fb2 VALUE: 0x0000
nop
INUM:      847 PC: 0x06b2
stu r6, r1, -2
INUM:      848 PC: 0x06b4 REG: 1 VALUE: 0x7fb0 ADDR: 0x7fb0 VALUE: 0x0000
ld r4, r0, 8
INUM:      849 PC: 0x06b6 REG: 4 VALUE: 0x0000 ADDR: 0x7fa8
ror r7, r5, r1
INUM:      850 PC: 0x06b8 REG: 7 VALUE: 0x0000
nop
INUM:      851 PC: 0x06ba
st r2, r0, 2
INUM:      852 PC: 0x06bc ADDR: 0x7fa2 VALUE: 0x0000
nop
INUM:      853 PC: 0x06be
ld r2, r1, 14
INUM:      854 PC: 0x06c0 REG: 2 VALUE: 0x0000 ADDR: 0x7fbe
nop
INUM:      855 PC: 0x06c2
ld r3, r1, -14
INUM:      856 PC: 0x06c4 REG: 3 VALUE: 0x0000 ADDR: 0x7fa2
nop
INUM:      857 PC: 0x06c6
st r6, r0, -10
INUM:      858 PC: 0x06c8 ADDR: 0x7f96 VALUE: 0x0000
nop
INUM:      859 PC: 0x06ca
ld r4, r0, -16
INUM:      860 PC: 0x06cc REG: 4 VALUE: 0x0000 ADDR: 0x7f90
nop
INUM:      861 PC: 0x06ce
ld r6, r1, 8
INUM:      862 PC: 0x06d0 REG: 6 VALUE: 0x0000 ADDR: 0x7fb8
nop
INUM:      863 PC: 0x06d2
ld r5, r0, 12
INUM:      864 PC: 0x06d4 REG: 5 VALUE: 0x0000 ADDR: 0x7fac
nop
INUM:      865 PC: 0x06d6
ld r5, r0, -16
INUM:      866 PC: 0x06d8 REG: 5 VALUE: 0x0000 ADDR: 0x7f90
nop
INUM:      867 PC: 0x06da
stu r6, r0, -2
INUM:      868 PC: 0x06dc REG: 0 VALUE: 0x7f9e ADDR: 0x7f9e VALUE: 0x0000
nop
INUM:      869 PC: 0x06de
ld r4, r1, -4
INUM:      870 PC: 0x06e0 REG: 4 VALUE: 0x0000 ADDR: 0x7fac
nop
INUM:      871 PC: 0x06e2
st r5, r1, 4
INUM:      872 PC: 0x06e4 ADDR: 0x7fb4 VALUE: 0x0000
nop
INUM:      873 PC: 0x06e6
stu r4, r0, 0
INUM:      874 PC: 0x06e8 REG: 0 VALUE: 0x7f9e ADDR: 0x7f9e VALUE: 0x0000
nop
INUM:      875 PC: 0x06ea
ld r4, r1, 6
INUM:      876 PC: 0x06ec REG: 4 VALUE: 0x0000 ADDR: 0x7fb6
nop
INUM:      877 PC: 0x06ee
stu r4, r0, 4
INUM:      878 PC: 0x06f0 REG: 0 VALUE: 0x7fa2 ADDR: 0x7fa2 VALUE: 0x0000
nop
INUM:      879 PC: 0x06f2
stu r5, r1, -10
INUM:      880 PC: 0x06f4 REG: 1 VALUE: 0x7fa6 ADDR: 0x7fa6 VALUE: 0x0000
nop
INUM:      881 PC: 0x06f6
ld r5, r1, 6
INUM:      882 PC: 0x06f8 REG: 5 VALUE: 0x0000 ADDR: 0x7fac
nop
INUM:      883 PC: 0x06fa
stu r3, r0, 2
INUM:      884 PC: 0x06fc REG: 0 VALUE: 0x7fa4 ADDR: 0x7fa4 VALUE: 0x0000
nop
INUM:      885 PC: 0x06fe
st r3, r0, -12
INUM:      886 PC: 0x0700 ADDR: 0x7f98 VALUE: 0x0000
nop
INUM:      887 PC: 0x0702
st r2, r0, -2
INUM:      888 PC: 0x0704 ADDR: 0x7fa2 VALUE: 0x0000
nop
INUM:      889 PC: 0x0706
st r2, r0, 10
INUM:      890 PC: 0x0708 ADDR: 0x7fae VALUE: 0x0000
stu r4, r0, 14
INUM:      891 PC: 0x070a REG: 0 VALUE: 0x7fb2 ADDR: 0x7fb2 VALUE: 0x0000
roli r4, r5, 6
INUM:      892 PC: 0x070c REG: 4 VALUE: 0x0000
nop
INUM:      893 PC: 0x070e
st r6, r0, 0
INUM:      894 PC: 0x0710 ADDR: 0x7fb2 VALUE: 0x0000
nop
INUM:      895 PC: 0x0712
st r5, r0, -6
INUM:      896 PC: 0x0714 ADDR: 0x7fac VALUE: 0x0000
st r4, r0, -12
INUM:      897 PC: 0x0716 ADDR: 0x7fa6 VALUE: 0x0000
xori r2, r6, 7
INUM:      898 PC: 0x0718 REG: 2 VALUE: 0x0007
lbi r3, 0
INUM:      899 PC: 0x071a REG: 3 VALUE: 0x0000
lbi r2, 0
INUM:      900 PC: 0x071c REG: 2 VALUE: 0x0000
beqz r0, 16
INUM:      901 PC: 0x071e
slli r7, r4, 12
INUM:      902 PC: 0x0720 REG: 7 VALUE: 0x0000
sub r6, r0, r7
INUM:      903 PC: 0x0722 REG: 6 VALUE: 0x804e
srli r3, r7, 9
INUM:      904 PC: 0x0724 REG: 3 VALUE: 0x0000
add r5, r7, r1
INUM:      905 PC: 0x0726 REG: 5 VALUE: 0x7fa6
seq r2, r1, r1
INUM:      906 PC: 0x0728 REG: 2 VALUE: 0x0001
andni r3, r1, 13
INUM:      907 PC: 0x072a REG: 3 VALUE: 0x7fa2
xor r3, r1, r0
INUM:      908 PC: 0x072c REG: 3 VALUE: 0x0014
seq r6, r5, r3
INUM:      909 PC: 0x072e REG: 6 VALUE: 0x0000
ror r7, r0, r0
INUM:      910 PC: 0x0730 REG: 7 VALUE: 0x9fec
roli r4, r5, 12
INUM:      911 PC: 0x0732 REG: 4 VALUE: 0x67fa
rori r7, r2, 9
INUM:      912 PC: 0x0734 REG: 7 VALUE: 0x0080
addi r3, r5, 2
INUM:      913 PC: 0x0736 REG: 3 VALUE: 0x7fa8
rori r2, r7, 14
INUM:      914 PC: 0x0738 REG: 2 VALUE: 0x0200
nop
INUM:      915 PC: 0x073a
andni r1, r1, 1
INUM:      916 PC: 0x073c REG: 1 VALUE: 0x7fa6
st r5, r1, 10
INUM:      917 PC: 0x073e ADDR: 0x7fb0 VALUE: 0x7fa6
seq r2, r3, r5
INUM:      918 PC: 0x0740 REG: 2 VALUE: 0x0000
nop
INUM:      919 PC: 0x0742
slt r4, r0, r4
INUM:      920 PC: 0x0744 REG: 4 VALUE: 0x0000
nop
INUM:      921 PC: 0x0746
st r6, r0, 14
INUM:      922 PC: 0x0748 ADDR: 0x7fc0 VALUE: 0x0000
nop
INUM:      923 PC: 0x074a
st r3, r1, -8
INUM:      924 PC: 0x074c ADDR: 0x7f9e VALUE: 0x7fa8
nop
INUM:      925 PC: 0x074e
st r4, r1, -16
INUM:      926 PC: 0x0750 ADDR: 0x7f96 VALUE: 0x0000
nop
INUM:      927 PC: 0x0752
ld r2, r1, 6
INUM:      928 PC: 0x0754 REG: 2 VALUE: 0x0000 ADDR: 0x7fac
nop
INUM:      929 PC: 0x0756
stu r2, r1, 0
INUM:      930 PC: 0x0758 REG: 1 VALUE: 0x7fa6 ADDR: 0x7fa6 VALUE: 0x0000
nop
INUM:      931 PC: 0x075a
ld r4, r0, -4
INUM:      932 PC: 0x075c REG: 4 VALUE: 0x0000 ADDR: 0x7fae
nop
INUM:      933 PC: 0x075e
st r4, r0, -8
INUM:      934 PC: 0x0760 ADDR: 0x7faa VALUE: 0x0000
nop
INUM:      935 PC: 0x0762
stu r5, r1, 4
INUM:      936 PC: 0x0764 REG: 1 VALUE: 0x7faa ADDR: 0x7faa VALUE: 0x7fa6
nop
INUM:      937 PC: 0x0766
ld r3, r0, 0
INUM:      938 PC: 0x0768 REG: 3 VALUE: 0x0000 ADDR: 0x7fb2
nop
INUM:      939 PC: 0x076a
stu r6, r1, -2
INUM:      940 PC: 0x076c REG: 1 VALUE: 0x7fa8 ADDR: 0x7fa8 VALUE: 0x0000
nop
INUM:      941 PC: 0x076e
ld r4, r0, 6
INUM:      942 PC: 0x0770 REG: 4 VALUE: 0x0000 ADDR: 0x7fb8
nop
INUM:      943 PC: 0x0772
ld r2, r0, 10
INUM:      944 PC: 0x0774 REG: 2 VALUE: 0xc080 ADDR: 0x7fbc
nop
INUM:      945 PC: 0x0776
stu r2, r0, 0
INUM:      946 PC: 0x0778 REG: 0 VALUE: 0x7fb2 ADDR: 0x7fb2 VALUE: 0xc080
nop
INUM:      947 PC: 0x077a
st r2, r1, 6
INUM:      948 PC: 0x077c ADDR: 0x7fae VALUE: 0xc080
nop
INUM:      949 PC: 0x077e
st r6, r0, -16
INUM:      950 PC: 0x0780 ADDR: 0x7fa2 VALUE: 0x0000
nop
INUM:      951 PC: 0x0782
stu r3, r1, -10
INUM:      952 PC: 0x0784 REG: 1 VALUE: 0x7f9e ADDR: 0x7f9e VALUE: 0x0000
nop
INUM:      953 PC: 0x0786
st r5, r1, 10
INUM:      954 PC: 0x0788 ADDR: 0x7fa8 VALUE: 0x7fa6
nop
INUM:      955 PC: 0x078a
ld r3, r1, 10
INUM:      956 PC: 0x078c REG: 3 VALUE: 0x7fa6 ADDR: 0x7fa8
nop
INUM:      957 PC: 0x078e
st r2, r1, 4
INUM:      958 PC: 0x0790 ADDR: 0x7fa2 VALUE: 0xc080
nop
INUM:      959 PC: 0x0792
stu r6, r0, 0
INUM:      960 PC: 0x0794 REG: 0 VALUE: 0x7fb2 ADDR: 0x7fb2 VALUE: 0x0000
nop
INUM:      961 PC: 0x0796
stu r5, r1, -6
INUM:      962 PC: 0x0798 REG: 1 VALUE: 0x7f98 ADDR: 0x7f98 VALUE: 0x7fa6
stu r4, r1, -12
INUM:      963 PC: 0x079a REG: 1 VALUE: 0x7f8c ADDR: 0x7f8c VALUE: 0x0000
ror r3, r4, r5
INUM:      964 PC: 0x079c REG: 3 VALUE: 0x0000
nop
INUM:      965 PC: 0x079e
ld r6, r1, -16
INUM:      966 PC: 0x07a0 REG: 6 VALUE: 0x0000 ADDR: 0x7f7c
nop
INUM:      967 PC: 0x07a2
st r3, r0, -12
INUM:      968 PC: 0x07a4 ADDR: 0x7fa6 VALUE: 0x0000
nop
INUM:      969 PC: 0x07a6
st r5, r0, -10
INUM:      970 PC: 0x07a8 ADDR: 0x7fa8 VALUE: 0x7fa6
nop
INUM:      971 PC: 0x07aa
ld r4, r1, 14
INUM:      972 PC: 0x07ac REG: 4 VALUE: 0x0000 ADDR: 0x7f9a
nop
INUM:      973 PC: 0x07ae
ld r3, r0, 0
INUM:      974 PC: 0x07b0 REG: 3 VALUE: 0x0000 ADDR: 0x7fb2
nop
INUM:      975 PC: 0x07b2
st r5, r1, -12
INUM:      976 PC: 0x07b4 ADDR: 0x7f80 VALUE: 0x7fa6
nop
INUM:      977 PC: 0x07b6
st r5, r0, 4
INUM:      978 PC: 0x07b8 ADDR: 0x7fb6 VALUE: 0x7fa6
nop
INUM:      979 PC: 0x07ba
ld r6, r1, 2
INUM:      980 PC: 0x07bc REG: 6 VALUE: 0x0000 ADDR: 0x7f8e
nop
INUM:      981 PC: 0x07be
ld r3, r0, 0
INUM:      982 PC: 0x07c0 REG: 3 VALUE: 0x0000 ADDR: 0x7fb2
nop
INUM:      983 PC: 0x07c2
ld r2, r0, -12
INUM:      984 PC: 0x07c4 REG: 2 VALUE: 0x0000 ADDR: 0x7fa6
nop
INUM:      985 PC: 0x07c6
ld r4, r0, 0
INUM:      986 PC: 0x07c8 REG: 4 VALUE: 0x0000 ADDR: 0x7fb2
nop
INUM:      987 PC: 0x07ca
ld r2, r1, 14
INUM:      988 PC: 0x07cc REG: 2 VALUE: 0x0000 ADDR: 0x7f9a
st r2, r1, -2
INUM:      989 PC: 0x07ce ADDR: 0x7f8a VALUE: 0x0000
addi r1, r1, 8
INUM:      990 PC: 0x07d0 REG: 1 VALUE: 0x7f94
nop
INUM:      991 PC: 0x07d2
ld r2, r1, 4
INUM:      992 PC: 0x07d4 REG: 2 VALUE: 0x7fa6 ADDR: 0x7f98
nop
INUM:      993 PC: 0x07d6
ld r6, r1, 2
INUM:      994 PC: 0x07d8 REG: 6 VALUE: 0x0000 ADDR: 0x7f96
nop
INUM:      995 PC: 0x07da
ld r5, r1, 0
INUM:      996 PC: 0x07dc REG: 5 VALUE: 0x0000 ADDR: 0x7f94
nop
INUM:      997 PC: 0x07de
stu r4, r1, -8
INUM:      998 PC: 0x07e0 REG: 1 VALUE: 0x7f8c ADDR: 0x7f8c VALUE: 0x0000
nop
INUM:      999 PC: 0x07e2
stu r5, r1, -4
INUM:     1000 PC: 0x07e4 REG: 1 VALUE: 0x7f88 ADDR: 0x7f88 VALUE: 0x0000
nop
INUM:     1001 PC: 0x07e6
ld r6, r1, 10
INUM:     1002 PC: 0x07e8 REG: 6 VALUE: 0x0000 ADDR: 0x7f92
nop
INUM:     1003 PC: 0x07ea
st r4, r0, 12
INUM:     1004 PC: 0x07ec ADDR: 0x7fbe VALUE: 0x0000
nop
INUM:     1005 PC: 0x07ee
ld r4, r0, -8
INUM:     1006 PC: 0x07f0 REG: 4 VALUE: 0x7fa6 ADDR: 0x7faa
nop
INUM:     1007 PC: 0x07f2
ld r6, r1, 10
INUM:     1008 PC: 0x07f4 REG: 6 VALUE: 0x0000 ADDR: 0x7f92
st r3, r1, 6
INUM:     1009 PC: 0x07f6 ADDR: 0x7f8e VALUE: 0x0000
lbi r6, 0
INUM:     1010 PC: 0x07f8 REG: 6 VALUE: 0x0000
lbi r2, 0
INUM:     1011 PC: 0x07fa REG: 2 VALUE: 0x0000
nop
INUM:     1012 PC: 0x07fc
halt
program halted
INUM:     1013 PC: 0x07fe
Program Finished
