          // seed 8
0000 c080 lbi r0, 128 // icount 0
0002 9000 slbi r0, 0 // icount 1
0004 c180 lbi r1, 128 // icount 2
0006 9100 slbi r1, 0 // icount 3
0008 c280 lbi r2, 128 // icount 4
000a 9200 slbi r2, 0 // icount 5
000c c380 lbi r3, 128 // icount 6
000e 9300 slbi r3, 0 // icount 7
0010 c480 lbi r4, 128 // icount 8
0012 9400 slbi r4, 0 // icount 9
0014 c580 lbi r5, 128 // icount 10
0016 9500 slbi r5, 0 // icount 11
0018 c680 lbi r6, 128 // icount 12
001a 9600 slbi r6, 0 // icount 13
001c c780 lbi r7, 128 // icount 14
001e 0800 nop // to align meminst icount 15
0020 9700 slbi r7, 0 // icount 16
0022 0800 nop // to align meminst icount 17
0024 9990 stu r4, r1, -16 // icount 18
0026 0800 nop // to align meminst icount 19
0028 80ce st r6, r0, 14 // icount 20
002a 0800 nop // to align meminst icount 21
002c 896a ld r3, r1, 10 // icount 22
002e 0800 nop // to align meminst icount 23
0030 8946 ld r2, r1, 6 // icount 24
0032 0800 nop // to align meminst icount 25
0034 88bc ld r5, r0, -4 // icount 26
0036 0800 nop // to align meminst icount 27
0038 98ba stu r5, r0, -6 // icount 28
003a 0800 nop // to align meminst icount 29
003c 806e st r3, r0, 14 // icount 30
003e 0800 nop // to align meminst icount 31
0040 804a st r2, r0, 10 // icount 32
0042 0800 nop // to align meminst icount 33
0044 89b6 ld r5, r1, -10 // icount 34
0046 0800 nop // to align meminst icount 35
0048 98a2 stu r5, r0, 2 // icount 36
004a 98b2 stu r5, r0, -14 // icount 37
004c c200 lbi r2, 0 // icount 38
004e c300 lbi r3, 0 // icount 39
0050 0800 nop // to align branch icount 40
0052 7110 bltz r1, 16 // icount 41
0054 d9ce xor r3, r1, r6 // icount 42
0056 dbbe xor r7, r3, r5 // icount 43
0058 446b subi r3, r4, 11 // icount 44
005a 53a0 andni r5, r3, 0 // icount 45
005c dcb7 andn r5, r4, r5 // icount 46
005e bda4 srli r5, r5, 4 // icount 47
0060 5001 andni r0, r0, 1 // icount 48
0062 8066 st r3, r0, 6 // icount 49
0064 5fc7 xori r6, r7, 7 // icount 50
0066 4b6b addi r3, r3, 11 // icount 51
0068 f7a8 sle r2, r7, r5 // icount 52
006a df15 sub r5, r7, r0 // icount 53
006c 43e4 subi r7, r3, 4 // icount 54
006e 0800 nop // to align meminst icount 55
0070 57e1 andni r7, r7, 1 // icount 56
0072 87cc st r6, r7, 12 // icount 57
0074 bd6a srli r3, r5, 10 // icount 58
0076 dd9a xor r6, r5, r4 // icount 59
0078 dd6a xor r2, r5, r3 // icount 60
007a 0800 nop // to align meminst icount 61
007c 8946 ld r2, r1, 6 // icount 62
007e 0800 nop // to align meminst icount 63
0080 8946 ld r2, r1, 6 // icount 64
0082 0800 nop // to align meminst icount 65
0084 88d4 ld r6, r0, -12 // icount 66
0086 0800 nop // to align meminst icount 67
0088 99be stu r5, r1, -2 // icount 68
008a 0800 nop // to align meminst icount 69
008c 8888 ld r4, r0, 8 // icount 70
008e 0800 nop // to align meminst icount 71
0090 88ca ld r6, r0, 10 // icount 72
0092 0800 nop // to align meminst icount 73
0094 89a6 ld r5, r1, 6 // icount 74
0096 0800 nop // to align meminst icount 75
0098 9948 stu r2, r1, 8 // icount 76
009a 0800 nop // to align meminst icount 77
009c 8854 ld r2, r0, -12 // icount 78
009e 0800 nop // to align meminst icount 79
00a0 9966 stu r3, r1, 6 // icount 80
00a2 99ce stu r6, r1, 14 // icount 81
00a4 ecb4 slt r5, r4, r5 // icount 82
00a6 0800 nop // to align meminst icount 83
00a8 899c ld r4, r1, -4 // icount 84
00aa 0800 nop // to align meminst icount 85
00ac 8174 st r3, r1, -12 // icount 86
00ae 0800 nop // to align meminst icount 87
00b0 88a8 ld r5, r0, 8 // icount 88
00b2 0800 nop // to align meminst icount 89
00b4 8060 st r3, r0, 0 // icount 90
00b6 0800 nop // to align meminst icount 91
00b8 896c ld r3, r1, 12 // icount 92
00ba 0800 nop // to align meminst icount 93
00bc 89d6 ld r6, r1, -10 // icount 94
00be 0800 nop // to align meminst icount 95
00c0 8984 ld r4, r1, 4 // icount 96
00c2 0800 nop // to align meminst icount 97
00c4 9842 stu r2, r0, 2 // icount 98
00c6 0800 nop // to align meminst icount 99
00c8 89b4 ld r5, r1, -12 // icount 100
00ca 0800 nop // to align meminst icount 101
00cc 99aa stu r5, r1, 10 // icount 102
00ce 0800 nop // to align meminst icount 103
00d0 81c4 st r6, r1, 4 // icount 104
00d2 0800 nop // to align meminst icount 105
00d4 88ce ld r6, r0, 14 // icount 106
00d6 0800 nop // to align meminst icount 107
00d8 81be st r5, r1, -2 // icount 108
00da 0800 nop // to align meminst icount 109
00dc 889c ld r4, r0, -4 // icount 110
00de 0800 nop // to align meminst icount 111
00e0 88d8 ld r6, r0, -8 // icount 112
00e2 0800 nop // to align meminst icount 113
00e4 89ba ld r5, r1, -6 // icount 114
00e6 0800 nop // to align meminst icount 115
00e8 81c4 st r6, r1, 4 // icount 116
00ea 0800 nop // to align meminst icount 117
00ec 8978 ld r3, r1, -8 // icount 118
00ee 0800 nop // to align meminst icount 119
00f0 81c0 st r6, r1, 0 // icount 120
00f2 0800 nop // to align meminst icount 121
00f4 98a4 stu r5, r0, 4 // icount 122
00f6 0800 nop // to align meminst icount 123
00f8 8988 ld r4, r1, 8 // icount 124
00fa 0800 nop // to align meminst icount 125
00fc 8890 ld r4, r0, -16 // icount 126
00fe 0800 nop // to align meminst icount 127
0100 8946 ld r2, r1, 6 // icount 128
0102 0800 nop // to align meminst icount 129
0104 899a ld r4, r1, -6 // icount 130
0106 0800 nop // to align meminst icount 131
0108 8898 ld r4, r0, -8 // icount 132
010a 987a stu r3, r0, -6 // icount 133
010c ea98 slt r6, r2, r4 // icount 134
010e 0800 nop // to align meminst icount 135
0110 8160 st r3, r1, 0 // icount 136
0112 0800 nop // to align meminst icount 137
0114 899e ld r4, r1, -2 // icount 138
0116 0800 nop // to align meminst icount 139
0118 88b0 ld r5, r0, -16 // icount 140
011a 0800 nop // to align meminst icount 141
011c 8852 ld r2, r0, -14 // icount 142
011e 0800 nop // to align meminst icount 143
0120 894c ld r2, r1, 12 // icount 144
0122 0800 nop // to align meminst icount 145
0124 994e stu r2, r1, 14 // icount 146
0126 0800 nop // to align meminst icount 147
0128 997c stu r3, r1, -4 // icount 148
012a 0800 nop // to align meminst icount 149
012c 818c st r4, r1, 12 // icount 150
012e 0800 nop // to align meminst icount 151
0130 99c0 stu r6, r1, 0 // icount 152
0132 0800 nop // to align meminst icount 153
0134 886c ld r3, r0, 12 // icount 154
0136 0800 nop // to align meminst icount 155
0138 9976 stu r3, r1, -10 // icount 156
013a 0800 nop // to align meminst icount 157
013c 88a4 ld r5, r0, 4 // icount 158
013e 0800 nop // to align meminst icount 159
0140 88a4 ld r5, r0, 4 // icount 160
0142 0800 nop // to align meminst icount 161
0144 81ca st r6, r1, 10 // icount 162
0146 0800 nop // to align meminst icount 163
0148 9894 stu r4, r0, -12 // icount 164
014a 0800 nop // to align meminst icount 165
014c 80a6 st r5, r0, 6 // icount 166
014e 0800 nop // to align meminst icount 167
0150 88d2 ld r6, r0, -14 // icount 168
0152 0800 nop // to align meminst icount 169
0154 98de stu r6, r0, -2 // icount 170
0156 0800 nop // to align meminst icount 171
0158 8972 ld r3, r1, -14 // icount 172
015a 0800 nop // to align meminst icount 173
015c 8948 ld r2, r1, 8 // icount 174
015e 0800 nop // to align meminst icount 175
0160 81c8 st r6, r1, 8 // icount 176
0162 0800 nop // to align meminst icount 177
0164 8964 ld r3, r1, 4 // icount 178
0166 0800 nop // to align meminst icount 179
0168 898e ld r4, r1, 14 // icount 180
016a 0800 nop // to align meminst icount 181
016c 8984 ld r4, r1, 4 // icount 182
016e 0800 nop // to align meminst icount 183
0170 884a ld r2, r0, 10 // icount 184
0172 0800 nop // to align meminst icount 185
0174 80c2 st r6, r0, 2 // icount 186
0176 0800 nop // to align meminst icount 187
0178 9966 stu r3, r1, 6 // icount 188
017a 0800 nop // to align meminst icount 189
017c 894a ld r2, r1, 10 // icount 190
017e 0800 nop // to align meminst icount 191
0180 89d2 ld r6, r1, -14 // icount 192
0182 0800 nop // to align meminst icount 193
0184 89be ld r5, r1, -2 // icount 194
0186 0800 nop // to align meminst icount 195
0188 9872 stu r3, r0, -14 // icount 196
018a 0800 nop // to align meminst icount 197
018c 81c0 st r6, r1, 0 // icount 198
018e 0800 nop // to align meminst icount 199
0190 8140 st r2, r1, 0 // icount 200
0192 0800 nop // to align meminst icount 201
0194 88b2 ld r5, r0, -14 // icount 202
0196 0800 nop // to align meminst icount 203
0198 8972 ld r3, r1, -14 // icount 204
019a 0800 nop // to align meminst icount 205
019c 898e ld r4, r1, 14 // icount 206
019e 0800 nop // to align meminst icount 207
01a0 817c st r3, r1, -4 // icount 208
01a2 0800 nop // to align meminst icount 209
01a4 81b2 st r5, r1, -14 // icount 210
01a6 0800 nop // to align meminst icount 211
01a8 8072 st r3, r0, -14 // icount 212
01aa 0800 nop // to align meminst icount 213
01ac 89ce ld r6, r1, 14 // icount 214
01ae 0800 nop // to align meminst icount 215
01b0 8954 ld r2, r1, -12 // icount 216
01b2 8882 ld r4, r0, 2 // icount 217
01b4 d42c rol r3, r4, r1 // icount 218
01b6 0800 nop // to align meminst icount 219
01b8 99d2 stu r6, r1, -14 // icount 220
01ba 0800 nop // to align meminst icount 221
01bc 8188 st r4, r1, 8 // icount 222
01be 0800 nop // to align meminst icount 223
01c0 8050 st r2, r0, -16 // icount 224
01c2 0800 nop // to align meminst icount 225
01c4 987a stu r3, r0, -6 // icount 226
01c6 0800 nop // to align meminst icount 227
01c8 88b2 ld r5, r0, -14 // icount 228
01ca 0800 nop // to align meminst icount 229
01cc 988c stu r4, r0, 12 // icount 230
01ce 0800 nop // to align meminst icount 231
01d0 8166 st r3, r1, 6 // icount 232
01d2 0800 nop // to align meminst icount 233
01d4 8978 ld r3, r1, -8 // icount 234
01d6 0800 nop // to align meminst icount 235
01d8 888e ld r4, r0, 14 // icount 236
01da 0800 nop // to align meminst icount 237
01dc 9858 stu r2, r0, -8 // icount 238
01de 0800 nop // to align meminst icount 239
01e0 99c2 stu r6, r1, 2 // icount 240
01e2 0800 nop // to align meminst icount 241
01e4 8858 ld r2, r0, -8 // icount 242
01e6 8066 st r3, r0, 6 // icount 243
01e8 c200 lbi r2, 0 // icount 244
01ea c300 lbi r3, 0 // icount 245
01ec 0800 nop // to align branch icount 246
01ee 6d0c beqz r5, 12 // icount 247
01f0 e0f4 seq r5, r0, r7 // icount 248
01f2 0800 nop // to align meminst icount 249
01f4 5481 andni r4, r4, 1 // icount 250
01f6 8466 st r3, r4, 6 // icount 251
01f8 c203 lbi r2, 3 // icount 252
01fa d8cb andn r2, r0, r6 // icount 253
01fc d79c rol r7, r7, r4 // icount 254
01fe f7d0 sle r4, r7, r6 // icount 255
0200 e8d0 slt r4, r0, r6 // icount 256
0202 49cf addi r6, r1, 15 // icount 257
0204 f490 sle r4, r4, r4 // icount 258
0206 da3b andn r6, r2, r1 // icount 259
0208 db8d sub r3, r3, r4 // icount 260
020a 0800 nop // to align meminst icount 261
020c 56c1 andni r6, r6, 1 // icount 262
020e 0800 nop // to align meminst icount 263
0210 8e40 ld r2, r6, 0 // icount 264
0212 0800 nop // to align meminst icount 265
0214 81da st r6, r1, -6 // icount 266
0216 0800 nop // to align meminst icount 267
0218 806a st r3, r0, 10 // icount 268
021a 0800 nop // to align meminst icount 269
021c 8142 st r2, r1, 2 // icount 270
021e 0800 nop // to align meminst icount 271
0220 817e st r3, r1, -2 // icount 272
0222 0800 nop // to align meminst icount 273
0224 815a st r2, r1, -6 // icount 274
0226 0800 nop // to align meminst icount 275
0228 80a8 st r5, r0, 8 // icount 276
022a 0800 nop // to align meminst icount 277
022c 81b0 st r5, r1, -16 // icount 278
022e 0800 nop // to align meminst icount 279
0230 889c ld r4, r0, -4 // icount 280
0232 0800 nop // to align meminst icount 281
0234 89a0 ld r5, r1, 0 // icount 282
0236 0800 nop // to align meminst icount 283
0238 88b2 ld r5, r0, -14 // icount 284
023a 0800 nop // to align meminst icount 285
023c 88b8 ld r5, r0, -8 // icount 286
023e 0800 nop // to align meminst icount 287
0240 989e stu r4, r0, -2 // icount 288
0242 0800 nop // to align meminst icount 289
0244 8192 st r4, r1, -14 // icount 290
0246 0800 nop // to align meminst icount 291
0248 98b8 stu r5, r0, -8 // icount 292
024a 0800 nop // to align meminst icount 293
024c 8986 ld r4, r1, 6 // icount 294
024e 0800 nop // to align meminst icount 295
0250 99b8 stu r5, r1, -8 // icount 296
0252 0800 nop // to align meminst icount 297
0254 9856 stu r2, r0, -10 // icount 298
0256 0800 nop // to align meminst icount 299
0258 8986 ld r4, r1, 6 // icount 300
025a 0800 nop // to align meminst icount 301
025c 8992 ld r4, r1, -14 // icount 302
025e 0800 nop // to align meminst icount 303
0260 81c2 st r6, r1, 2 // icount 304
0262 0800 nop // to align meminst icount 305
0264 8842 ld r2, r0, 2 // icount 306
0266 0800 nop // to align meminst icount 307
0268 99a2 stu r5, r1, 2 // icount 308
026a 0800 nop // to align meminst icount 309
026c 9890 stu r4, r0, -16 // icount 310
026e 0800 nop // to align meminst icount 311
0270 88c2 ld r6, r0, 2 // icount 312
0272 0800 nop // to align meminst icount 313
0274 886a ld r3, r0, 10 // icount 314
0276 0800 nop // to align meminst icount 315
0278 898a ld r4, r1, 10 // icount 316
027a 0800 nop // to align meminst icount 317
027c 888e ld r4, r0, 14 // icount 318
027e 0800 nop // to align meminst icount 319
0280 99c4 stu r6, r1, 4 // icount 320
0282 0800 nop // to align meminst icount 321
0284 9970 stu r3, r1, -16 // icount 322
0286 0800 nop // to align meminst icount 323
0288 996c stu r3, r1, 12 // icount 324
028a 0800 nop // to align meminst icount 325
028c 8988 ld r4, r1, 8 // icount 326
028e 0800 nop // to align meminst icount 327
0290 99ba stu r5, r1, -6 // icount 328
0292 0800 nop // to align meminst icount 329
0294 9954 stu r2, r1, -12 // icount 330
0296 0800 nop // to align meminst icount 331
0298 8174 st r3, r1, -12 // icount 332
029a 0800 nop // to align meminst icount 333
029c 8846 ld r2, r0, 6 // icount 334
029e 0800 nop // to align meminst icount 335
02a0 807c st r3, r0, -4 // icount 336
02a2 0800 nop // to align meminst icount 337
02a4 89d0 ld r6, r1, -16 // icount 338
02a6 0800 nop // to align meminst icount 339
02a8 9992 stu r4, r1, -14 // icount 340
02aa 0800 nop // to align meminst icount 341
02ac 89d4 ld r6, r1, -12 // icount 342
02ae 0800 nop // to align meminst icount 343
02b0 88bc ld r5, r0, -4 // icount 344
02b2 0800 nop // to align meminst icount 345
02b4 99a8 stu r5, r1, 8 // icount 346
02b6 0800 nop // to align meminst icount 347
02b8 8958 ld r2, r1, -8 // icount 348
02ba 0800 nop // to align meminst icount 349
02bc 817a st r3, r1, -6 // icount 350
02be 0800 nop // to align meminst icount 351
02c0 88d0 ld r6, r0, -16 // icount 352
02c2 0800 nop // to align meminst icount 353
02c4 884e ld r2, r0, 14 // icount 354
02c6 0800 nop // to align meminst icount 355
02c8 88da ld r6, r0, -6 // icount 356
02ca 0800 nop // to align meminst icount 357
02cc 9894 stu r4, r0, -12 // icount 358
02ce 0800 nop // to align meminst icount 359
02d0 8964 ld r3, r1, 4 // icount 360
02d2 0800 nop // to align meminst icount 361
02d4 889a ld r4, r0, -6 // icount 362
02d6 0800 nop // to align meminst icount 363
02d8 815c st r2, r1, -4 // icount 364
02da 0800 nop // to align meminst icount 365
02dc 894c ld r2, r1, 12 // icount 366
02de 0800 nop // to align meminst icount 367
02e0 815c st r2, r1, -4 // icount 368
02e2 0800 nop // to align meminst icount 369
02e4 8978 ld r3, r1, -8 // icount 370
02e6 0800 nop // to align meminst icount 371
02e8 884e ld r2, r0, 14 // icount 372
02ea 0800 nop // to align meminst icount 373
02ec 9896 stu r4, r0, -10 // icount 374
02ee 0800 nop // to align meminst icount 375
02f0 887a ld r3, r0, -6 // icount 376
02f2 0800 nop // to align meminst icount 377
02f4 89ca ld r6, r1, 10 // icount 378
02f6 0800 nop // to align meminst icount 379
02f8 99c6 stu r6, r1, 6 // icount 380
02fa 0800 nop // to align meminst icount 381
02fc 88dc ld r6, r0, -4 // icount 382
02fe 99aa stu r5, r1, 10 // icount 383
0300 481c addi r0, r0, -4   // change base addr // icount 384
0302 0800 nop // to align meminst icount 385
0304 888c ld r4, r0, 12 // icount 386
0306 0800 nop // to align meminst icount 387
0308 8186 st r4, r1, 6 // icount 388
030a 0800 nop // to align meminst icount 389
030c 81d2 st r6, r1, -14 // icount 390
030e 0800 nop // to align meminst icount 391
0310 89ca ld r6, r1, 10 // icount 392
0312 0800 nop // to align meminst icount 393
0314 899a ld r4, r1, -6 // icount 394
0316 0800 nop // to align meminst icount 395
0318 81a6 st r5, r1, 6 // icount 396
031a 0800 nop // to align meminst icount 397
031c 99c4 stu r6, r1, 4 // icount 398
031e 0800 nop // to align meminst icount 399
0320 8854 ld r2, r0, -12 // icount 400
0322 0800 nop // to align meminst icount 401
0324 8152 st r2, r1, -14 // icount 402
0326 0800 nop // to align meminst icount 403
0328 88b8 ld r5, r0, -8 // icount 404
032a 0800 nop // to align meminst icount 405
032c 81bc st r5, r1, -4 // icount 406
032e 0800 nop // to align meminst icount 407
0330 80ba st r5, r0, -6 // icount 408
0332 0800 nop // to align meminst icount 409
0334 88dc ld r6, r0, -4 // icount 410
0336 0800 nop // to align meminst icount 411
0338 8990 ld r4, r1, -16 // icount 412
033a 0800 nop // to align meminst icount 413
033c 88c0 ld r6, r0, 0 // icount 414
033e 0800 nop // to align meminst icount 415
0340 806a st r3, r0, 10 // icount 416
0342 0800 nop // to align meminst icount 417
0344 88a0 ld r5, r0, 0 // icount 418
0346 0800 nop // to align meminst icount 419
0348 99b0 stu r5, r1, -16 // icount 420
034a 0800 nop // to align meminst icount 421
034c 8952 ld r2, r1, -14 // icount 422
034e 0800 nop // to align meminst icount 423
0350 8096 st r4, r0, -10 // icount 424
0352 0800 nop // to align meminst icount 425
0354 89d6 ld r6, r1, -10 // icount 426
0356 0800 nop // to align meminst icount 427
0358 817a st r3, r1, -6 // icount 428
035a 0800 nop // to align meminst icount 429
035c 89ca ld r6, r1, 10 // icount 430
035e 0800 nop // to align meminst icount 431
0360 987a stu r3, r0, -6 // icount 432
0362 0800 nop // to align meminst icount 433
0364 804e st r2, r0, 14 // icount 434
0366 0800 nop // to align meminst icount 435
0368 807a st r3, r0, -6 // icount 436
036a 0800 nop // to align meminst icount 437
036c 9976 stu r3, r1, -10 // icount 438
036e 0800 nop // to align meminst icount 439
0370 80d0 st r6, r0, -16 // icount 440
0372 0800 nop // to align meminst icount 441
0374 8850 ld r2, r0, -16 // icount 442
0376 0800 nop // to align meminst icount 443
0378 896a ld r3, r1, 10 // icount 444
037a 0800 nop // to align meminst icount 445
037c 8066 st r3, r0, 6 // icount 446
037e 0800 nop // to align meminst icount 447
0380 999a stu r4, r1, -6 // icount 448
0382 0800 nop // to align meminst icount 449
0384 999a stu r4, r1, -6 // icount 450
0386 0800 nop // to align meminst icount 451
0388 9968 stu r3, r1, 8 // icount 452
038a 0800 nop // to align meminst icount 453
038c 9980 stu r4, r1, 0 // icount 454
038e 0800 nop // to align meminst icount 455
0390 88c0 ld r6, r0, 0 // icount 456
0392 0800 nop // to align meminst icount 457
0394 989c stu r4, r0, -4 // icount 458
0396 0800 nop // to align meminst icount 459
0398 8168 st r3, r1, 8 // icount 460
039a 0800 nop // to align meminst icount 461
039c 81a2 st r5, r1, 2 // icount 462
039e 0800 nop // to align meminst icount 463
03a0 89de ld r6, r1, -2 // icount 464
03a2 0800 nop // to align meminst icount 465
03a4 8884 ld r4, r0, 4 // icount 466
03a6 0800 nop // to align meminst icount 467
03a8 889c ld r4, r0, -4 // icount 468
03aa 0800 nop // to align meminst icount 469
03ac 99d6 stu r6, r1, -10 // icount 470
03ae 0800 nop // to align meminst icount 471
03b0 89c4 ld r6, r1, 4 // icount 472
03b2 0800 nop // to align meminst icount 473
03b4 99b2 stu r5, r1, -14 // icount 474
03b6 0800 nop // to align meminst icount 475
03b8 9960 stu r3, r1, 0 // icount 476
03ba 0800 nop // to align meminst icount 477
03bc 999a stu r4, r1, -6 // icount 478
03be 0800 nop // to align meminst icount 479
03c0 8994 ld r4, r1, -12 // icount 480
03c2 0800 nop // to align meminst icount 481
03c4 89aa ld r5, r1, 10 // icount 482
03c6 0800 nop // to align meminst icount 483
03c8 989a stu r4, r0, -6 // icount 484
03ca 0800 nop // to align meminst icount 485
03cc 80be st r5, r0, -2 // icount 486
03ce 0800 nop // to align meminst icount 487
03d0 8156 st r2, r1, -10 // icount 488
03d2 0800 nop // to align meminst icount 489
03d4 8840 ld r2, r0, 0 // icount 490
03d6 0800 nop // to align meminst icount 491
03d8 8894 ld r4, r0, -12 // icount 492
03da 0800 nop // to align meminst icount 493
03dc 88d6 ld r6, r0, -10 // icount 494
03de 0800 nop // to align meminst icount 495
03e0 817a st r3, r1, -6 // icount 496
03e2 0800 nop // to align meminst icount 497
03e4 888e ld r4, r0, 14 // icount 498
03e6 0800 nop // to align meminst icount 499
03e8 887c ld r3, r0, -4 // icount 500
03ea 0800 nop // to align meminst icount 501
03ec 89d4 ld r6, r1, -12 // icount 502
03ee 0800 nop // to align meminst icount 503
03f0 88ba ld r5, r0, -6 // icount 504
03f2 0800 nop // to align meminst icount 505
03f4 8892 ld r4, r0, -14 // icount 506
03f6 0800 nop // to align meminst icount 507
03f8 8078 st r3, r0, -8 // icount 508
03fa 0800 nop // to align meminst icount 509
03fc 8098 st r4, r0, -8 // icount 510
03fe 0800 nop // to align meminst icount 511
0400 80d0 st r6, r0, -16 // icount 512
0402 0800 nop // to align meminst icount 513
0404 88c0 ld r6, r0, 0 // icount 514
0406 0800 nop // to align meminst icount 515
0408 9854 stu r2, r0, -12 // icount 516
040a 0800 nop // to align meminst icount 517
040c 81a6 st r5, r1, 6 // icount 518
040e 0800 nop // to align meminst icount 519
0410 98be stu r5, r0, -2 // icount 520
0412 0800 nop // to align meminst icount 521
0414 98d6 stu r6, r0, -10 // icount 522
0416 0800 nop // to align meminst icount 523
0418 98a0 stu r5, r0, 0 // icount 524
041a 0800 nop // to align meminst icount 525
041c 888a ld r4, r0, 10 // icount 526
041e 0800 nop // to align meminst icount 527
0420 8950 ld r2, r1, -16 // icount 528
0422 0800 nop // to align meminst icount 529
0424 8874 ld r3, r0, -12 // icount 530
0426 0800 nop // to align meminst icount 531
0428 988e stu r4, r0, 14 // icount 532
042a 0800 nop // to align meminst icount 533
042c 88ba ld r5, r0, -6 // icount 534
042e 0800 nop // to align meminst icount 535
0430 995a stu r2, r1, -6 // icount 536
0432 0800 nop // to align meminst icount 537
0434 8086 st r4, r0, 6 // icount 538
0436 0800 nop // to align meminst icount 539
0438 88a2 ld r5, r0, 2 // icount 540
043a 0800 nop // to align meminst icount 541
043c 8954 ld r2, r1, -12 // icount 542
043e 0800 nop // to align meminst icount 543
0440 9862 stu r3, r0, 2 // icount 544
0442 0800 nop // to align meminst icount 545
0444 81c6 st r6, r1, 6 // icount 546
0446 0800 nop // to align meminst icount 547
0448 8972 ld r3, r1, -14 // icount 548
044a 0800 nop // to align meminst icount 549
044c 8982 ld r4, r1, 2 // icount 550
044e 0800 nop // to align meminst icount 551
0450 8986 ld r4, r1, 6 // icount 552
0452 0800 nop // to align meminst icount 553
0454 8052 st r2, r0, -14 // icount 554
0456 0800 nop // to align meminst icount 555
0458 9946 stu r2, r1, 6 // icount 556
045a 0800 nop // to align meminst icount 557
045c 99ba stu r5, r1, -6 // icount 558
045e 0800 nop // to align meminst icount 559
0460 80ac st r5, r0, 12 // icount 560
0462 0800 nop // to align meminst icount 561
0464 8972 ld r3, r1, -14 // icount 562
0466 0800 nop // to align meminst icount 563
0468 9958 stu r2, r1, -8 // icount 564
046a 81b6 st r5, r1, -10 // icount 565
046c 4800 addi r0, r0, 0   // change base addr // icount 566
046e 0800 nop // to align meminst icount 567
0470 886e ld r3, r0, 14 // icount 568
0472 0800 nop // to align meminst icount 569
0474 804a st r2, r0, 10 // icount 570
0476 0800 nop // to align meminst icount 571
0478 88a6 ld r5, r0, 6 // icount 572
047a 0800 nop // to align meminst icount 573
047c 9990 stu r4, r1, -16 // icount 574
047e 0800 nop // to align meminst icount 575
0480 895e ld r2, r1, -2 // icount 576
0482 0800 nop // to align meminst icount 577
0484 999a stu r4, r1, -6 // icount 578
0486 0800 nop // to align meminst icount 579
0488 98aa stu r5, r0, 10 // icount 580
048a 0800 nop // to align meminst icount 581
048c 889a ld r4, r0, -6 // icount 582
048e 0800 nop // to align meminst icount 583
0490 8190 st r4, r1, -16 // icount 584
0492 0800 nop // to align meminst icount 585
0494 98be stu r5, r0, -2 // icount 586
0496 0800 nop // to align meminst icount 587
0498 88ce ld r6, r0, 14 // icount 588
049a 0800 nop // to align meminst icount 589
049c 8080 st r4, r0, 0 // icount 590
049e 0800 nop // to align meminst icount 591
04a0 81b4 st r5, r1, -12 // icount 592
04a2 81b2 st r5, r1, -14 // icount 593
04a4 4808 addi r0, r0, 8   // change base addr // icount 594
04a6 0800 nop // to align meminst icount 595
04a8 88b4 ld r5, r0, -12 // icount 596
04aa 0800 nop // to align meminst icount 597
04ac 898a ld r4, r1, 10 // icount 598
04ae 0800 nop // to align meminst icount 599
04b0 819a st r4, r1, -6 // icount 600
04b2 0800 nop // to align meminst icount 601
04b4 8944 ld r2, r1, 4 // icount 602
04b6 0800 nop // to align meminst icount 603
04b8 88a8 ld r5, r0, 8 // icount 604
04ba 0800 nop // to align meminst icount 605
04bc 8170 st r3, r1, -16 // icount 606
04be 0800 nop // to align meminst icount 607
04c0 887c ld r3, r0, -4 // icount 608
04c2 0800 nop // to align meminst icount 609
04c4 819e st r4, r1, -2 // icount 610
04c6 0800 nop // to align meminst icount 611
04c8 884c ld r2, r0, 12 // icount 612
04ca 0800 nop // to align meminst icount 613
04cc 81a4 st r5, r1, 4 // icount 614
04ce 0800 nop // to align meminst icount 615
04d0 8162 st r3, r1, 2 // icount 616
04d2 0800 nop // to align meminst icount 617
04d4 81ce st r6, r1, 14 // icount 618
04d6 0800 nop // to align meminst icount 619
04d8 81de st r6, r1, -2 // icount 620
04da 0800 nop // to align meminst icount 621
04dc 89d6 ld r6, r1, -10 // icount 622
04de 0800 nop // to align meminst icount 623
04e0 89c2 ld r6, r1, 2 // icount 624
04e2 0800 nop // to align meminst icount 625
04e4 8150 st r2, r1, -16 // icount 626
04e6 0800 nop // to align meminst icount 627
04e8 8968 ld r3, r1, 8 // icount 628
04ea 0800 nop // to align meminst icount 629
04ec 984c stu r2, r0, 12 // icount 630
04ee 0800 nop // to align meminst icount 631
04f0 9988 stu r4, r1, 8 // icount 632
04f2 0800 nop // to align meminst icount 633
04f4 8840 ld r2, r0, 0 // icount 634
04f6 0800 nop // to align meminst icount 635
04f8 80b6 st r5, r0, -10 // icount 636
04fa 0800 nop // to align meminst icount 637
04fc 9870 stu r3, r0, -16 // icount 638
04fe 0800 nop // to align meminst icount 639
0500 80b6 st r5, r0, -10 // icount 640
0502 0800 nop // to align meminst icount 641
0504 886e ld r3, r0, 14 // icount 642
0506 0800 nop // to align meminst icount 643
0508 89c4 ld r6, r1, 4 // icount 644
050a 0800 nop // to align meminst icount 645
050c 88a4 ld r5, r0, 4 // icount 646
050e 0800 nop // to align meminst icount 647
0510 8098 st r4, r0, -8 // icount 648
0512 0800 nop // to align meminst icount 649
0514 8952 ld r2, r1, -14 // icount 650
0516 0800 nop // to align meminst icount 651
0518 887a ld r3, r0, -6 // icount 652
051a 0800 nop // to align meminst icount 653
051c 81ba st r5, r1, -6 // icount 654
051e 0800 nop // to align meminst icount 655
0520 8184 st r4, r1, 4 // icount 656
0522 0800 nop // to align meminst icount 657
0524 8854 ld r2, r0, -12 // icount 658
0526 0800 nop // to align meminst icount 659
0528 98ce stu r6, r0, 14 // icount 660
052a 0800 nop // to align meminst icount 661
052c 889e ld r4, r0, -2 // icount 662
052e 0800 nop // to align meminst icount 663
0530 9970 stu r3, r1, -16 // icount 664
0532 0800 nop // to align meminst icount 665
0534 99c8 stu r6, r1, 8 // icount 666
0536 0800 nop // to align meminst icount 667
0538 8850 ld r2, r0, -16 // icount 668
053a 0800 nop // to align meminst icount 669
053c 887a ld r3, r0, -6 // icount 670
053e 0800 nop // to align meminst icount 671
0540 994c stu r2, r1, 12 // icount 672
0542 8160 st r3, r1, 0 // icount 673
0544 d91f andn r7, r1, r0 // icount 674
0546 0800 nop // to align meminst icount 675
0548 80a6 st r5, r0, 6 // icount 676
054a 0800 nop // to align meminst icount 677
054c 8870 ld r3, r0, -16 // icount 678
054e 0800 nop // to align meminst icount 679
0550 888c ld r4, r0, 12 // icount 680
0552 0800 nop // to align meminst icount 681
0554 8992 ld r4, r1, -14 // icount 682
0556 0800 nop // to align meminst icount 683
0558 8876 ld r3, r0, -10 // icount 684
055a 0800 nop // to align meminst icount 685
055c 9990 stu r4, r1, -16 // icount 686
055e 0800 nop // to align meminst icount 687
0560 98da stu r6, r0, -6 // icount 688
0562 0800 nop // to align meminst icount 689
0564 89ce ld r6, r1, 14 // icount 690
0566 0800 nop // to align meminst icount 691
0568 88d2 ld r6, r0, -14 // icount 692
056a 8050 st r2, r0, -16 // icount 693
056c 493c addi r1, r1, -4   // change base addr // icount 694
056e 0800 nop // to align meminst icount 695
0570 81d6 st r6, r1, -10 // icount 696
0572 0800 nop // to align meminst icount 697
0574 885e ld r2, r0, -2 // icount 698
0576 0800 nop // to align meminst icount 699
0578 8066 st r3, r0, 6 // icount 700
057a 0800 nop // to align meminst icount 701
057c 884a ld r2, r0, 10 // icount 702
057e 0800 nop // to align meminst icount 703
0580 80cc st r6, r0, 12 // icount 704
0582 0800 nop // to align meminst icount 705
0584 814e st r2, r1, 14 // icount 706
0586 0800 nop // to align meminst icount 707
0588 897a ld r3, r1, -6 // icount 708
058a 0800 nop // to align meminst icount 709
058c 886c ld r3, r0, 12 // icount 710
058e 0800 nop // to align meminst icount 711
0590 806a st r3, r0, 10 // icount 712
0592 0800 nop // to align meminst icount 713
0594 89da ld r6, r1, -6 // icount 714
0596 0800 nop // to align meminst icount 715
0598 9988 stu r4, r1, 8 // icount 716
059a 0800 nop // to align meminst icount 717
059c 98a8 stu r5, r0, 8 // icount 718
059e 0800 nop // to align meminst icount 719
05a0 89a2 ld r5, r1, 2 // icount 720
05a2 0800 nop // to align meminst icount 721
05a4 88c4 ld r6, r0, 4 // icount 722
05a6 0800 nop // to align meminst icount 723
05a8 99b6 stu r5, r1, -10 // icount 724
05aa 0800 nop // to align meminst icount 725
05ac 8986 ld r4, r1, 6 // icount 726
05ae 0800 nop // to align meminst icount 727
05b0 80ce st r6, r0, 14 // icount 728
05b2 0800 nop // to align meminst icount 729
05b4 8860 ld r3, r0, 0 // icount 730
05b6 0800 nop // to align meminst icount 731
05b8 88a6 ld r5, r0, 6 // icount 732
05ba 0800 nop // to align meminst icount 733
05bc 895e ld r2, r1, -2 // icount 734
05be 0800 nop // to align meminst icount 735
05c0 89a4 ld r5, r1, 4 // icount 736
05c2 0800 nop // to align meminst icount 737
05c4 89ae ld r5, r1, 14 // icount 738
05c6 0800 nop // to align meminst icount 739
05c8 88cc ld r6, r0, 12 // icount 740
05ca 0800 nop // to align meminst icount 741
05cc 89c2 ld r6, r1, 2 // icount 742
05ce 0800 nop // to align meminst icount 743
05d0 88ac ld r5, r0, 12 // icount 744
05d2 0800 nop // to align meminst icount 745
05d4 898e ld r4, r1, 14 // icount 746
05d6 0800 nop // to align meminst icount 747
05d8 896e ld r3, r1, 14 // icount 748
05da 0800 nop // to align meminst icount 749
05dc 996a stu r3, r1, 10 // icount 750
05de 0800 nop // to align meminst icount 751
05e0 9880 stu r4, r0, 0 // icount 752
05e2 0800 nop // to align meminst icount 753
05e4 8888 ld r4, r0, 8 // icount 754
05e6 0800 nop // to align meminst icount 755
05e8 987a stu r3, r0, -6 // icount 756
05ea 0800 nop // to align meminst icount 757
05ec 88a8 ld r5, r0, 8 // icount 758
05ee 9968 stu r3, r1, 8 // icount 759
05f0 c200 lbi r2, 0 // icount 760
05f2 c600 lbi r6, 0 // icount 761
05f4 0800 nop // to align branch icount 762
05f6 6708 bnez r7, 8 // icount 763
05f8 59ad xori r5, r1, 13 // icount 764
05fa c50c lbi r5, 12 // icount 765
05fc 40a5 subi r5, r0, 5 // icount 766
05fe 0800 nop // to align meminst icount 767
0600 5001 andni r0, r0, 1 // icount 768
0602 8080 st r4, r0, 0 // icount 769
0604 d0ed sll r3, r0, r7 // icount 770
0606 db39 sub r6, r3, r1 // icount 771
0608 45c3 subi r6, r5, 3 // icount 772
060a 0800 nop // to align meminst icount 773
060c 5121 andni r1, r1, 1 // icount 774
060e 0800 nop // to align meminst icount 775
0610 996e stu r3, r1, 14 // icount 776
0612 80ac st r5, r0, 12 // icount 777
0614 481e addi r0, r0, -2   // change base addr // icount 778
0616 0800 nop // to align meminst icount 779
0618 995c stu r2, r1, -4 // icount 780
061a 0800 nop // to align meminst icount 781
061c 88c2 ld r6, r0, 2 // icount 782
061e 0800 nop // to align meminst icount 783
0620 9868 stu r3, r0, 8 // icount 784
0622 0800 nop // to align meminst icount 785
0624 80ae st r5, r0, 14 // icount 786
0626 0800 nop // to align meminst icount 787
0628 988e stu r4, r0, 14 // icount 788
062a 0800 nop // to align meminst icount 789
062c 8886 ld r4, r0, 6 // icount 790
062e 0800 nop // to align meminst icount 791
0630 8952 ld r2, r1, -14 // icount 792
0632 0800 nop // to align meminst icount 793
0634 894e ld r2, r1, 14 // icount 794
0636 0800 nop // to align meminst icount 795
0638 9890 stu r4, r0, -16 // icount 796
063a 0800 nop // to align meminst icount 797
063c 887e ld r3, r0, -2 // icount 798
063e 0800 nop // to align meminst icount 799
0640 896c ld r3, r1, 12 // icount 800
0642 0800 nop // to align meminst icount 801
0644 98dc stu r6, r0, -4 // icount 802
0646 0800 nop // to align meminst icount 803
0648 9994 stu r4, r1, -12 // icount 804
064a 0800 nop // to align meminst icount 805
064c 806a st r3, r0, 10 // icount 806
064e 0800 nop // to align meminst icount 807
0650 8966 ld r3, r1, 6 // icount 808
0652 0800 nop // to align meminst icount 809
0654 898c ld r4, r1, 12 // icount 810
0656 0800 nop // to align meminst icount 811
0658 8946 ld r2, r1, 6 // icount 812
065a 0800 nop // to align meminst icount 813
065c 99a8 stu r5, r1, 8 // icount 814
065e 0800 nop // to align meminst icount 815
0660 8856 ld r2, r0, -10 // icount 816
0662 0800 nop // to align meminst icount 817
0664 81d4 st r6, r1, -12 // icount 818
0666 0800 nop // to align meminst icount 819
0668 89b0 ld r5, r1, -16 // icount 820
066a 0800 nop // to align meminst icount 821
066c 9864 stu r3, r0, 4 // icount 822
066e 0800 nop // to align meminst icount 823
0670 809a st r4, r0, -6 // icount 824
0672 0800 nop // to align meminst icount 825
0674 8956 ld r2, r1, -10 // icount 826
0676 0800 nop // to align meminst icount 827
0678 8992 ld r4, r1, -14 // icount 828
067a 0800 nop // to align meminst icount 829
067c 897a ld r3, r1, -6 // icount 830
067e 0800 nop // to align meminst icount 831
0680 89c4 ld r6, r1, 4 // icount 832
0682 0800 nop // to align meminst icount 833
0684 81a6 st r5, r1, 6 // icount 834
0686 0800 nop // to align meminst icount 835
0688 8952 ld r2, r1, -14 // icount 836
068a 0800 nop // to align meminst icount 837
068c 8866 ld r3, r0, 6 // icount 838
068e 0800 nop // to align meminst icount 839
0690 988c stu r4, r0, 12 // icount 840
0692 0800 nop // to align meminst icount 841
0694 89d0 ld r6, r1, -16 // icount 842
0696 0800 nop // to align meminst icount 843
0698 8978 ld r3, r1, -8 // icount 844
069a 0800 nop // to align meminst icount 845
069c 8046 st r2, r0, 6 // icount 846
069e 0800 nop // to align meminst icount 847
06a0 8870 ld r3, r0, -16 // icount 848
06a2 0800 nop // to align meminst icount 849
06a4 818e st r4, r1, 14 // icount 850
06a6 0800 nop // to align meminst icount 851
06a8 89ac ld r5, r1, 12 // icount 852
06aa 0800 nop // to align meminst icount 853
06ac 88ca ld r6, r0, 10 // icount 854
06ae 0800 nop // to align meminst icount 855
06b0 99a0 stu r5, r1, 0 // icount 856
06b2 0800 nop // to align meminst icount 857
06b4 99de stu r6, r1, -2 // icount 858
06b6 8888 ld r4, r0, 8 // icount 859
06b8 d53e ror r7, r5, r1 // icount 860
06ba 0800 nop // to align meminst icount 861
06bc 8042 st r2, r0, 2 // icount 862
06be 0800 nop // to align meminst icount 863
06c0 894e ld r2, r1, 14 // icount 864
06c2 0800 nop // to align meminst icount 865
06c4 8972 ld r3, r1, -14 // icount 866
06c6 0800 nop // to align meminst icount 867
06c8 80d6 st r6, r0, -10 // icount 868
06ca 0800 nop // to align meminst icount 869
06cc 8890 ld r4, r0, -16 // icount 870
06ce 0800 nop // to align meminst icount 871
06d0 89c8 ld r6, r1, 8 // icount 872
06d2 0800 nop // to align meminst icount 873
06d4 88ac ld r5, r0, 12 // icount 874
06d6 0800 nop // to align meminst icount 875
06d8 88b0 ld r5, r0, -16 // icount 876
06da 0800 nop // to align meminst icount 877
06dc 98de stu r6, r0, -2 // icount 878
06de 0800 nop // to align meminst icount 879
06e0 899c ld r4, r1, -4 // icount 880
06e2 0800 nop // to align meminst icount 881
06e4 81a4 st r5, r1, 4 // icount 882
06e6 0800 nop // to align meminst icount 883
06e8 9880 stu r4, r0, 0 // icount 884
06ea 0800 nop // to align meminst icount 885
06ec 8986 ld r4, r1, 6 // icount 886
06ee 0800 nop // to align meminst icount 887
06f0 9884 stu r4, r0, 4 // icount 888
06f2 0800 nop // to align meminst icount 889
06f4 99b6 stu r5, r1, -10 // icount 890
06f6 0800 nop // to align meminst icount 891
06f8 89a6 ld r5, r1, 6 // icount 892
06fa 0800 nop // to align meminst icount 893
06fc 9862 stu r3, r0, 2 // icount 894
06fe 0800 nop // to align meminst icount 895
0700 8074 st r3, r0, -12 // icount 896
0702 0800 nop // to align meminst icount 897
0704 805e st r2, r0, -2 // icount 898
0706 0800 nop // to align meminst icount 899
0708 804a st r2, r0, 10 // icount 900
070a 988e stu r4, r0, 14 // icount 901
070c a586 roli r4, r5, 6 // icount 902
070e 0800 nop // to align meminst icount 903
0710 80c0 st r6, r0, 0 // icount 904
0712 0800 nop // to align meminst icount 905
0714 80ba st r5, r0, -6 // icount 906
0716 8094 st r4, r0, -12 // icount 907
0718 5e47 xori r2, r6, 7 // icount 908
071a c300 lbi r3, 0 // icount 909
071c c200 lbi r2, 0 // icount 910
071e 6810 beqz r0, 16 // icount 911
0720 acec slli r7, r4, 12 // icount 912
0722 d8f9 sub r6, r0, r7 // icount 913
0724 bf69 srli r3, r7, 9 // icount 914
0726 df34 add r5, r7, r1 // icount 915
0728 e128 seq r2, r1, r1 // icount 916
072a 516d andni r3, r1, 13 // icount 917
072c d90e xor r3, r1, r0 // icount 918
072e e578 seq r6, r5, r3 // icount 919
0730 d01e ror r7, r0, r0 // icount 920
0732 a58c roli r4, r5, 12 // icount 921
0734 b2e9 rori r7, r2, 9 // icount 922
0736 4d62 addi r3, r5, 2 // icount 923
0738 b74e rori r2, r7, 14 // icount 924
073a 0800 nop // to align meminst icount 925
073c 5121 andni r1, r1, 1 // icount 926
073e 81aa st r5, r1, 10 // icount 927
0740 e3a8 seq r2, r3, r5 // icount 928
0742 0800 nop // to align meminst icount 929
0744 e890 slt r4, r0, r4 // icount 930
0746 0800 nop // to align meminst icount 931
0748 80ce st r6, r0, 14 // icount 932
074a 0800 nop // to align meminst icount 933
074c 8178 st r3, r1, -8 // icount 934
074e 0800 nop // to align meminst icount 935
0750 8190 st r4, r1, -16 // icount 936
0752 0800 nop // to align meminst icount 937
0754 8946 ld r2, r1, 6 // icount 938
0756 0800 nop // to align meminst icount 939
0758 9940 stu r2, r1, 0 // icount 940
075a 0800 nop // to align meminst icount 941
075c 889c ld r4, r0, -4 // icount 942
075e 0800 nop // to align meminst icount 943
0760 8098 st r4, r0, -8 // icount 944
0762 0800 nop // to align meminst icount 945
0764 99a4 stu r5, r1, 4 // icount 946
0766 0800 nop // to align meminst icount 947
0768 8860 ld r3, r0, 0 // icount 948
076a 0800 nop // to align meminst icount 949
076c 99de stu r6, r1, -2 // icount 950
076e 0800 nop // to align meminst icount 951
0770 8886 ld r4, r0, 6 // icount 952
0772 0800 nop // to align meminst icount 953
0774 884a ld r2, r0, 10 // icount 954
0776 0800 nop // to align meminst icount 955
0778 9840 stu r2, r0, 0 // icount 956
077a 0800 nop // to align meminst icount 957
077c 8146 st r2, r1, 6 // icount 958
077e 0800 nop // to align meminst icount 959
0780 80d0 st r6, r0, -16 // icount 960
0782 0800 nop // to align meminst icount 961
0784 9976 stu r3, r1, -10 // icount 962
0786 0800 nop // to align meminst icount 963
0788 81aa st r5, r1, 10 // icount 964
078a 0800 nop // to align meminst icount 965
078c 896a ld r3, r1, 10 // icount 966
078e 0800 nop // to align meminst icount 967
0790 8144 st r2, r1, 4 // icount 968
0792 0800 nop // to align meminst icount 969
0794 98c0 stu r6, r0, 0 // icount 970
0796 0800 nop // to align meminst icount 971
0798 99ba stu r5, r1, -6 // icount 972
079a 9994 stu r4, r1, -12 // icount 973
079c d4ae ror r3, r4, r5 // icount 974
079e 0800 nop // to align meminst icount 975
07a0 89d0 ld r6, r1, -16 // icount 976
07a2 0800 nop // to align meminst icount 977
07a4 8074 st r3, r0, -12 // icount 978
07a6 0800 nop // to align meminst icount 979
07a8 80b6 st r5, r0, -10 // icount 980
07aa 0800 nop // to align meminst icount 981
07ac 898e ld r4, r1, 14 // icount 982
07ae 0800 nop // to align meminst icount 983
07b0 8860 ld r3, r0, 0 // icount 984
07b2 0800 nop // to align meminst icount 985
07b4 81b4 st r5, r1, -12 // icount 986
07b6 0800 nop // to align meminst icount 987
07b8 80a4 st r5, r0, 4 // icount 988
07ba 0800 nop // to align meminst icount 989
07bc 89c2 ld r6, r1, 2 // icount 990
07be 0800 nop // to align meminst icount 991
07c0 8860 ld r3, r0, 0 // icount 992
07c2 0800 nop // to align meminst icount 993
07c4 8854 ld r2, r0, -12 // icount 994
07c6 0800 nop // to align meminst icount 995
07c8 8880 ld r4, r0, 0 // icount 996
07ca 0800 nop // to align meminst icount 997
07cc 894e ld r2, r1, 14 // icount 998
07ce 815e st r2, r1, -2 // icount 999
07d0 4928 addi r1, r1, 8   // change base addr // icount 1000
07d2 0800 nop // to align meminst icount 1001
07d4 8944 ld r2, r1, 4 // icount 1002
07d6 0800 nop // to align meminst icount 1003
07d8 89c2 ld r6, r1, 2 // icount 1004
07da 0800 nop // to align meminst icount 1005
07dc 89a0 ld r5, r1, 0 // icount 1006
07de 0800 nop // to align meminst icount 1007
07e0 9998 stu r4, r1, -8 // icount 1008
07e2 0800 nop // to align meminst icount 1009
07e4 99bc stu r5, r1, -4 // icount 1010
07e6 0800 nop // to align meminst icount 1011
07e8 89ca ld r6, r1, 10 // icount 1012
07ea 0800 nop // to align meminst icount 1013
07ec 808c st r4, r0, 12 // icount 1014
07ee 0800 nop // to align meminst icount 1015
07f0 8898 ld r4, r0, -8 // icount 1016
07f2 0800 nop // to align meminst icount 1017
07f4 89ca ld r6, r1, 10 // icount 1018
07f6 8166 st r3, r1, 6 // icount 1019
07f8 c600 lbi r6, 0 // icount 1020
07fa c200 lbi r2, 0 // icount 1021
07fc 0800 nop // to align branch icount 1022
