/u/s/i/sinclair/courses/cs552/spring2019/handouts/testprograms/public/rand_final/ldld_rand_large.asm SUCCESS CPI:2.3 CYCLES:2377 ICOUNT:1035 IHITRATE: 85.5 DHITRATE: 83.6
/u/s/i/sinclair/courses/cs552/spring2019/handouts/testprograms/public/rand_final/ldld_rand_small.asm SUCCESS CPI:2.3 CYCLES:2377 ICOUNT:1035 IHITRATE: 85.5 DHITRATE: 83.6
/u/s/i/sinclair/courses/cs552/spring2019/handouts/testprograms/public/rand_final/ldst_rand_large.asm SUCCESS CPI:9.6 CYCLES:29 ICOUNT:3 IHITRATE: 52.0 DHITRATE: 0.0
/u/s/i/sinclair/courses/cs552/spring2019/handouts/testprograms/public/rand_final/ldst_rand_small.asm SUCCESS CPI:9.6 CYCLES:29 ICOUNT:3 IHITRATE: 52.0 DHITRATE: 0.0
/u/s/i/sinclair/courses/cs552/spring2019/handouts/testprograms/public/rand_final/t_100_all.asm SUCCESS CPI:3.4 CYCLES:1095 ICOUNT:321 IHITRATE: 29.6 DHITRATE: 28.4
/u/s/i/sinclair/courses/cs552/spring2019/handouts/testprograms/public/rand_final/t_100_ctrl.asm SUCCESS CPI:3.4 CYCLES:1503 ICOUNT:444 IHITRATE: 28.9 DHITRATE: 29.8
/u/s/i/sinclair/courses/cs552/spring2019/handouts/testprograms/public/rand_final/t_100_icache.asm SUCCESS CPI:18.5 CYCLES:222 ICOUNT:12 IHITRATE: 13.8 DHITRATE: 0
/u/s/i/sinclair/courses/cs552/spring2019/handouts/testprograms/public/rand_final/t_100_idcache.asm SUCCESS CPI:5.7 CYCLES:441 ICOUNT:78 IHITRATE: 25.6 DHITRATE: 8.2
/u/s/i/sinclair/courses/cs552/spring2019/handouts/testprograms/public/rand_final/t_100_mem.asm SUCCESS CPI:3.7 CYCLES:2443 ICOUNT:668 IHITRATE: 36.9 DHITRATE: 61.2
/u/s/i/sinclair/courses/cs552/spring2019/handouts/testprograms/public/rand_final/t_101_all.asm SUCCESS CPI:3.3 CYCLES:1403 ICOUNT:431 IHITRATE: 29.7 DHITRATE: 29.4
/u/s/i/sinclair/courses/cs552/spring2019/handouts/testprograms/public/rand_final/t_101_ctrl.asm SUCCESS CPI:3.1 CYCLES:1643 ICOUNT:523 IHITRATE: 31.4 DHITRATE: 30.9
/u/s/i/sinclair/courses/cs552/spring2019/handouts/testprograms/public/rand_final/t_101_icache.asm SUCCESS CPI:4.4 CYCLES:262 ICOUNT:59 IHITRATE: 24.8 DHITRATE: 0
/u/s/i/sinclair/courses/cs552/spring2019/handouts/testprograms/public/rand_final/t_101_idcache.asm SUCCESS CPI:5.8 CYCLES:418 ICOUNT:72 IHITRATE: 29.0 DHITRATE: 8.2
/u/s/i/sinclair/courses/cs552/spring2019/handouts/testprograms/public/rand_final/t_101_mem.asm SUCCESS CPI:3.6 CYCLES:2425 ICOUNT:670 IHITRATE: 36.6 DHITRATE: 62.3
/u/s/i/sinclair/courses/cs552/spring2019/handouts/testprograms/public/rand_final/t_102_all.asm SUCCESS CPI:3.3 CYCLES:1163 ICOUNT:354 IHITRATE: 29.7 DHITRATE: 20.9
/u/s/i/sinclair/courses/cs552/spring2019/handouts/testprograms/public/rand_final/t_102_ctrl.asm SUCCESS CPI:3.4 CYCLES:1492 ICOUNT:442 IHITRATE: 29.6 DHITRATE: 21.2
/u/s/i/sinclair/courses/cs552/spring2019/handouts/testprograms/public/rand_final/t_102_icache.asm SUCCESS CPI:26.3 CYCLES:316 ICOUNT:12 IHITRATE: 12.8 DHITRATE: 0
/u/s/i/sinclair/courses/cs552/spring2019/handouts/testprograms/public/rand_final/t_102_idcache.asm SUCCESS CPI:6.4 CYCLES:395 ICOUNT:62 IHITRATE: 23.3 DHITRATE: 8.3
/u/s/i/sinclair/courses/cs552/spring2019/handouts/testprograms/public/rand_final/t_102_mem.asm SUCCESS CPI:3.4 CYCLES:2310 ICOUNT:677 IHITRATE: 35.0 DHITRATE: 75.4
/u/s/i/sinclair/courses/cs552/spring2019/handouts/testprograms/public/rand_final/t_103_all.asm SUCCESS CPI:3.1 CYCLES:1355 ICOUNT:443 IHITRATE: 30.8 DHITRATE: 18.5
/u/s/i/sinclair/courses/cs552/spring2019/handouts/testprograms/public/rand_final/t_103_ctrl.asm SUCCESS CPI:3.2 CYCLES:1734 ICOUNT:540 IHITRATE: 30.1 DHITRATE: 26.1
/u/s/i/sinclair/courses/cs552/spring2019/handouts/testprograms/public/rand_final/t_103_icache.asm SUCCESS CPI:20.3 CYCLES:264 ICOUNT:13 IHITRATE: 13.5 DHITRATE: 0
/u/s/i/sinclair/courses/cs552/spring2019/handouts/testprograms/public/rand_final/t_103_idcache.asm SUCCESS CPI:3.6 CYCLES:505 ICOUNT:139 IHITRATE: 30.9 DHITRATE: 8.5
/u/s/i/sinclair/courses/cs552/spring2019/handouts/testprograms/public/rand_final/t_103_mem.asm SUCCESS CPI:3.5 CYCLES:2355 ICOUNT:665 IHITRATE: 35.0 DHITRATE: 74.2
/u/s/i/sinclair/courses/cs552/spring2019/handouts/testprograms/public/rand_final/t_104_all.asm SUCCESS CPI:3.1 CYCLES:1401 ICOUNT:445 IHITRATE: 30.1 DHITRATE: 22.1
/u/s/i/sinclair/courses/cs552/spring2019/handouts/testprograms/public/rand_final/t_104_ctrl.asm SUCCESS CPI:3.1 CYCLES:1684 ICOUNT:538 IHITRATE: 30.4 DHITRATE: 23.3
/u/s/i/sinclair/courses/cs552/spring2019/handouts/testprograms/public/rand_final/t_104_icache.asm SUCCESS CPI:5.5 CYCLES:263 ICOUNT:48 IHITRATE: 21.2 DHITRATE: 0
/u/s/i/sinclair/courses/cs552/spring2019/handouts/testprograms/public/rand_final/t_104_idcache.asm SUCCESS CPI:4.8 CYCLES:396 ICOUNT:82 IHITRATE: 26.0 DHITRATE: 4.0
/u/s/i/sinclair/courses/cs552/spring2019/handouts/testprograms/public/rand_final/t_104_mem.asm SUCCESS CPI:3.5 CYCLES:2340 ICOUNT:667 IHITRATE: 35.1 DHITRATE: 78.8
/u/s/i/sinclair/courses/cs552/spring2019/handouts/testprograms/public/rand_final/t_105_all.asm SUCCESS CPI:3.2 CYCLES:1397 ICOUNT:443 IHITRATE: 30.5 DHITRATE: 20.5
/u/s/i/sinclair/courses/cs552/spring2019/handouts/testprograms/public/rand_final/t_105_ctrl.asm SUCCESS CPI:3.2 CYCLES:1605 ICOUNT:509 IHITRATE: 30.0 DHITRATE: 28.4
/u/s/i/sinclair/courses/cs552/spring2019/handouts/testprograms/public/rand_final/t_105_icache.asm SUCCESS CPI:7.3 CYCLES:298 ICOUNT:41 IHITRATE: 18.0 DHITRATE: 0
/u/s/i/sinclair/courses/cs552/spring2019/handouts/testprograms/public/rand_final/t_105_idcache.asm SUCCESS CPI:5.8 CYCLES:455 ICOUNT:78 IHITRATE: 22.4 DHITRATE: 1.5
/u/s/i/sinclair/courses/cs552/spring2019/handouts/testprograms/public/rand_final/t_105_mem.asm SUCCESS CPI:3.5 CYCLES:2325 ICOUNT:665 IHITRATE: 34.9 DHITRATE: 74.5
/u/s/i/sinclair/courses/cs552/spring2019/handouts/testprograms/public/rand_final/t_106_all.asm SUCCESS CPI:3.2 CYCLES:1453 ICOUNT:453 IHITRATE: 29.6 DHITRATE: 28.7
/u/s/i/sinclair/courses/cs552/spring2019/handouts/testprograms/public/rand_final/t_106_ctrl.asm SUCCESS CPI:3.3 CYCLES:1650 ICOUNT:500 IHITRATE: 29.6 DHITRATE: 30.8
/u/s/i/sinclair/courses/cs552/spring2019/handouts/testprograms/public/rand_final/t_106_icache.asm SUCCESS CPI:22.3 CYCLES:268 ICOUNT:12 IHITRATE: 12.9 DHITRATE: 0
/u/s/i/sinclair/courses/cs552/spring2019/handouts/testprograms/public/rand_final/t_106_idcache.asm SUCCESS CPI:4.2 CYCLES:518 ICOUNT:123 IHITRATE: 25.7 DHITRATE: 6.2
/u/s/i/sinclair/courses/cs552/spring2019/handouts/testprograms/public/rand_final/t_106_mem.asm SUCCESS CPI:3.6 CYCLES:2390 ICOUNT:668 IHITRATE: 35.8 DHITRATE: 69.7
/u/s/i/sinclair/courses/cs552/spring2019/handouts/testprograms/public/rand_final/t_107_all.asm SUCCESS CPI:3.2 CYCLES:1320 ICOUNT:415 IHITRATE: 30.1 DHITRATE: 24.1
/u/s/i/sinclair/courses/cs552/spring2019/handouts/testprograms/public/rand_final/t_107_ctrl.asm SUCCESS CPI:3.2 CYCLES:1726 ICOUNT:541 IHITRATE: 30.2 DHITRATE: 35.8
/u/s/i/sinclair/courses/cs552/spring2019/handouts/testprograms/public/rand_final/t_107_icache.asm SUCCESS CPI:7.6 CYCLES:288 ICOUNT:38 IHITRATE: 20.8 DHITRATE: 0
/u/s/i/sinclair/courses/cs552/spring2019/handouts/testprograms/public/rand_final/t_107_idcache.asm SUCCESS CPI:4.4 CYCLES:395 ICOUNT:89 IHITRATE: 24.0 DHITRATE: 4.0
/u/s/i/sinclair/courses/cs552/spring2019/handouts/testprograms/public/rand_final/t_107_mem.asm SUCCESS CPI:3.5 CYCLES:2331 ICOUNT:661 IHITRATE: 35.3 DHITRATE: 71.2
/u/s/i/sinclair/courses/cs552/spring2019/handouts/testprograms/public/rand_final/t_108_all.asm SUCCESS CPI:3.0 CYCLES:1353 ICOUNT:451 IHITRATE: 31.1 DHITRATE: 23.5
/u/s/i/sinclair/courses/cs552/spring2019/handouts/testprograms/public/rand_final/t_108_ctrl.asm SUCCESS CPI:3.1 CYCLES:1581 ICOUNT:504 IHITRATE: 29.4 DHITRATE: 30.1
/u/s/i/sinclair/courses/cs552/spring2019/handouts/testprograms/public/rand_final/t_108_icache.asm SUCCESS CPI:5.4 CYCLES:234 ICOUNT:43 IHITRATE: 22.6 DHITRATE: 0
/u/s/i/sinclair/courses/cs552/spring2019/handouts/testprograms/public/rand_final/t_108_idcache.asm SUCCESS CPI:6.2 CYCLES:302 ICOUNT:49 IHITRATE: 23.2 DHITRATE: 2.0
/u/s/i/sinclair/courses/cs552/spring2019/handouts/testprograms/public/rand_final/t_108_mem.asm SUCCESS CPI:3.6 CYCLES:2449 ICOUNT:676 IHITRATE: 37.1 DHITRATE: 57.9
/u/s/i/sinclair/courses/cs552/spring2019/handouts/testprograms/public/rand_final/t_109_all.asm SUCCESS CPI:3.3 CYCLES:1074 ICOUNT:322 IHITRATE: 29.3 DHITRATE: 45.5
/u/s/i/sinclair/courses/cs552/spring2019/handouts/testprograms/public/rand_final/t_109_ctrl.asm SUCCESS CPI:3.2 CYCLES:1719 ICOUNT:533 IHITRATE: 29.7 DHITRATE: 49.4
/u/s/i/sinclair/courses/cs552/spring2019/handouts/testprograms/public/rand_final/t_109_icache.asm SUCCESS CPI:4.7 CYCLES:414 ICOUNT:88 IHITRATE: 23.4 DHITRATE: 0
/u/s/i/sinclair/courses/cs552/spring2019/handouts/testprograms/public/rand_final/t_109_idcache.asm SUCCESS CPI:5.5 CYCLES:523 ICOUNT:95 IHITRATE: 25.6 DHITRATE: 2.4
/u/s/i/sinclair/courses/cs552/spring2019/handouts/testprograms/public/rand_final/t_109_mem.asm SUCCESS CPI:3.6 CYCLES:2376 ICOUNT:661 IHITRATE: 35.4 DHITRATE: 72.0
/u/s/i/sinclair/courses/cs552/spring2019/handouts/testprograms/public/rand_final/t_10_mem.asm SUCCESS CPI:3.5 CYCLES:2307 ICOUNT:666 IHITRATE: 35.6 DHITRATE: 71.4
/u/s/i/sinclair/courses/cs552/spring2019/handouts/testprograms/public/rand_final/t_110_all.asm SUCCESS CPI:3.1 CYCLES:1363 ICOUNT:436 IHITRATE: 30.2 DHITRATE: 47.8
/u/s/i/sinclair/courses/cs552/spring2019/handouts/testprograms/public/rand_final/t_110_ctrl.asm SUCCESS CPI:3.3 CYCLES:1572 ICOUNT:470 IHITRATE: 29.4 DHITRATE: 29.1
/u/s/i/sinclair/courses/cs552/spring2019/handouts/testprograms/public/rand_final/t_110_icache.asm SUCCESS CPI:4.8 CYCLES:332 ICOUNT:69 IHITRATE: 22.6 DHITRATE: 0
/u/s/i/sinclair/courses/cs552/spring2019/handouts/testprograms/public/rand_final/t_110_idcache.asm SUCCESS CPI:3.9 CYCLES:574 ICOUNT:147 IHITRATE: 28.1 DHITRATE: 3.4
/u/s/i/sinclair/courses/cs552/spring2019/handouts/testprograms/public/rand_final/t_110_mem.asm SUCCESS CPI:3.4 CYCLES:2316 ICOUNT:681 IHITRATE: 34.6 DHITRATE: 75.3
/u/s/i/sinclair/courses/cs552/spring2019/handouts/testprograms/public/rand_final/t_111_all.asm SUCCESS CPI:3.4 CYCLES:1310 ICOUNT:382 IHITRATE: 28.7 DHITRATE: 31.8
/u/s/i/sinclair/courses/cs552/spring2019/handouts/testprograms/public/rand_final/t_111_ctrl.asm SUCCESS CPI:3.0 CYCLES:1675 ICOUNT:551 IHITRATE: 31.1 DHITRATE: 31.6
/u/s/i/sinclair/courses/cs552/spring2019/handouts/testprograms/public/rand_final/t_111_icache.asm SUCCESS CPI:17.1 CYCLES:257 ICOUNT:15 IHITRATE: 11.9 DHITRATE: 0
/u/s/i/sinclair/courses/cs552/spring2019/handouts/testprograms/public/rand_final/t_111_idcache.asm SUCCESS CPI:4.7 CYCLES:450 ICOUNT:96 IHITRATE: 25.3 DHITRATE: 2.5
/u/s/i/sinclair/courses/cs552/spring2019/handouts/testprograms/public/rand_final/t_111_mem.asm SUCCESS CPI:3.5 CYCLES:2400 ICOUNT:681 IHITRATE: 36.6 DHITRATE: 64.5
/u/s/i/sinclair/courses/cs552/spring2019/handouts/testprograms/public/rand_final/t_112_all.asm SUCCESS CPI:3.3 CYCLES:1201 ICOUNT:361 IHITRATE: 29.7 DHITRATE: 21.4
/u/s/i/sinclair/courses/cs552/spring2019/handouts/testprograms/public/rand_final/t_112_ctrl.asm SUCCESS CPI:3.1 CYCLES:1679 ICOUNT:534 IHITRATE: 31.1 DHITRATE: 19.4
/u/s/i/sinclair/courses/cs552/spring2019/handouts/testprograms/public/rand_final/t_112_icache.asm SUCCESS CPI:4.2 CYCLES:254 ICOUNT:60 IHITRATE: 24.4 DHITRATE: 0
/u/s/i/sinclair/courses/cs552/spring2019/handouts/testprograms/public/rand_final/t_112_idcache.asm SUCCESS CPI:5.8 CYCLES:392 ICOUNT:68 IHITRATE: 28.6 DHITRATE: 6.7
/u/s/i/sinclair/courses/cs552/spring2019/handouts/testprograms/public/rand_final/t_112_mem.asm SUCCESS CPI:3.6 CYCLES:2385 ICOUNT:666 IHITRATE: 35.4 DHITRATE: 78.1
/u/s/i/sinclair/courses/cs552/spring2019/handouts/testprograms/public/rand_final/t_113_all.asm SUCCESS CPI:3.2 CYCLES:1077 ICOUNT:332 IHITRATE: 29.7 DHITRATE: 36.0
/u/s/i/sinclair/courses/cs552/spring2019/handouts/testprograms/public/rand_final/t_113_ctrl.asm SUCCESS CPI:3.4 CYCLES:1617 ICOUNT:476 IHITRATE: 29.4 DHITRATE: 31.6
/u/s/i/sinclair/courses/cs552/spring2019/handouts/testprograms/public/rand_final/t_113_icache.asm SUCCESS CPI:7.4 CYCLES:400 ICOUNT:54 IHITRATE: 17.9 DHITRATE: 0
/u/s/i/sinclair/courses/cs552/spring2019/handouts/testprograms/public/rand_final/t_113_idcache.asm SUCCESS CPI:3.9 CYCLES:549 ICOUNT:139 IHITRATE: 25.1 DHITRATE: 5.7
/u/s/i/sinclair/courses/cs552/spring2019/handouts/testprograms/public/rand_final/t_113_mem.asm SUCCESS CPI:3.5 CYCLES:2376 ICOUNT:677 IHITRATE: 35.9 DHITRATE: 71.4
/u/s/i/sinclair/courses/cs552/spring2019/handouts/testprograms/public/rand_final/t_114_all.asm SUCCESS CPI:2.9 CYCLES:1690 ICOUNT:587 IHITRATE: 31.6 DHITRATE: 30.5
/u/s/i/sinclair/courses/cs552/spring2019/handouts/testprograms/public/rand_final/t_114_ctrl.asm SUCCESS CPI:3.0 CYCLES:1847 ICOUNT:608 IHITRATE: 30.7 DHITRATE: 50.0
/u/s/i/sinclair/courses/cs552/spring2019/handouts/testprograms/public/rand_final/t_114_icache.asm SUCCESS CPI:7.6 CYCLES:297 ICOUNT:39 IHITRATE: 19.5 DHITRATE: 0
/u/s/i/sinclair/courses/cs552/spring2019/handouts/testprograms/public/rand_final/t_114_idcache.asm SUCCESS CPI:4.3 CYCLES:447 ICOUNT:105 IHITRATE: 27.1 DHITRATE: 3.6
/u/s/i/sinclair/courses/cs552/spring2019/handouts/testprograms/public/rand_final/t_114_mem.asm SUCCESS CPI:3.4 CYCLES:2354 ICOUNT:688 IHITRATE: 35.4 DHITRATE: 68.7
/u/s/i/sinclair/courses/cs552/spring2019/handouts/testprograms/public/rand_final/t_115_all.asm SUCCESS CPI:3.2 CYCLES:1386 ICOUNT:439 IHITRATE: 30.2 DHITRATE: 36.8
/u/s/i/sinclair/courses/cs552/spring2019/handouts/testprograms/public/rand_final/t_115_ctrl.asm SUCCESS CPI:3.3 CYCLES:1626 ICOUNT:496 IHITRATE: 30.4 DHITRATE: 32.7
/u/s/i/sinclair/courses/cs552/spring2019/handouts/testprograms/public/rand_final/t_115_icache.asm SUCCESS CPI:8.1 CYCLES:244 ICOUNT:30 IHITRATE: 19.2 DHITRATE: 0
/u/s/i/sinclair/courses/cs552/spring2019/handouts/testprograms/public/rand_final/t_115_idcache.asm SUCCESS CPI:5.8 CYCLES:397 ICOUNT:69 IHITRATE: 25.7 DHITRATE: 5.3
/u/s/i/sinclair/courses/cs552/spring2019/handouts/testprograms/public/rand_final/t_115_mem.asm SUCCESS CPI:3.5 CYCLES:2304 ICOUNT:650 IHITRATE: 34.8 DHITRATE: 79.5
/u/s/i/sinclair/courses/cs552/spring2019/handouts/testprograms/public/rand_final/t_116_all.asm SUCCESS CPI:2.9 CYCLES:1660 ICOUNT:563 IHITRATE: 31.2 DHITRATE: 33.3
/u/s/i/sinclair/courses/cs552/spring2019/handouts/testprograms/public/rand_final/t_116_ctrl.asm SUCCESS CPI:2.9 CYCLES:1767 ICOUNT:609 IHITRATE: 31.7 DHITRATE: 34.3
/u/s/i/sinclair/courses/cs552/spring2019/handouts/testprograms/public/rand_final/t_116_icache.asm SUCCESS CPI:25.0 CYCLES:225 ICOUNT:9 IHITRATE: 11.8 DHITRATE: 0
/u/s/i/sinclair/courses/cs552/spring2019/handouts/testprograms/public/rand_final/t_116_idcache.asm SUCCESS CPI:4.2 CYCLES:547 ICOUNT:130 IHITRATE: 23.6 DHITRATE: 11.5
/u/s/i/sinclair/courses/cs552/spring2019/handouts/testprograms/public/rand_final/t_116_mem.asm SUCCESS CPI:3.6 CYCLES:2364 ICOUNT:662 IHITRATE: 37.4 DHITRATE: 58.0
/u/s/i/sinclair/courses/cs552/spring2019/handouts/testprograms/public/rand_final/t_117_all.asm SUCCESS CPI:3.1 CYCLES:1439 ICOUNT:457 IHITRATE: 31.6 DHITRATE: 20.8
/u/s/i/sinclair/courses/cs552/spring2019/handouts/testprograms/public/rand_final/t_117_ctrl.asm SUCCESS CPI:3.2 CYCLES:1682 ICOUNT:528 IHITRATE: 30.8 DHITRATE: 27.6
/u/s/i/sinclair/courses/cs552/spring2019/handouts/testprograms/public/rand_final/t_117_icache.asm SUCCESS CPI:10.3 CYCLES:237 ICOUNT:23 IHITRATE: 19.3 DHITRATE: 0
/u/s/i/sinclair/courses/cs552/spring2019/handouts/testprograms/public/rand_final/t_117_idcache.asm SUCCESS CPI:6.1 CYCLES:576 ICOUNT:94 IHITRATE: 22.0 DHITRATE: 6.6
/u/s/i/sinclair/courses/cs552/spring2019/handouts/testprograms/public/rand_final/t_117_mem.asm SUCCESS CPI:3.5 CYCLES:2389 ICOUNT:680 IHITRATE: 35.7 DHITRATE: 63.2
/u/s/i/sinclair/courses/cs552/spring2019/handouts/testprograms/public/rand_final/t_118_all.asm SUCCESS CPI:3.2 CYCLES:1598 ICOUNT:507 IHITRATE: 31.4 DHITRATE: 25.6
/u/s/i/sinclair/courses/cs552/spring2019/handouts/testprograms/public/rand_final/t_118_ctrl.asm SUCCESS CPI:3.2 CYCLES:1642 ICOUNT:510 IHITRATE: 30.8 DHITRATE: 22.0
/u/s/i/sinclair/courses/cs552/spring2019/handouts/testprograms/public/rand_final/t_118_icache.asm SUCCESS CPI:14.4 CYCLES:202 ICOUNT:14 IHITRATE: 17.2 DHITRATE: 0
/u/s/i/sinclair/courses/cs552/spring2019/handouts/testprograms/public/rand_final/t_118_idcache.asm SUCCESS CPI:5.6 CYCLES:452 ICOUNT:81 IHITRATE: 21.9 DHITRATE: 4.0
/u/s/i/sinclair/courses/cs552/spring2019/handouts/testprograms/public/rand_final/t_118_mem.asm SUCCESS CPI:3.6 CYCLES:2348 ICOUNT:654 IHITRATE: 35.2 DHITRATE: 75.4
/u/s/i/sinclair/courses/cs552/spring2019/handouts/testprograms/public/rand_final/t_119_all.asm SUCCESS CPI:3.2 CYCLES:1301 ICOUNT:409 IHITRATE: 30.7 DHITRATE: 26.3
/u/s/i/sinclair/courses/cs552/spring2019/handouts/testprograms/public/rand_final/t_119_ctrl.asm SUCCESS CPI:3.1 CYCLES:1703 ICOUNT:557 IHITRATE: 30.7 DHITRATE: 29.0
/u/s/i/sinclair/courses/cs552/spring2019/handouts/testprograms/public/rand_final/t_119_icache.asm SUCCESS CPI:5.0 CYCLES:253 ICOUNT:51 IHITRATE: 19.7 DHITRATE: 0
/u/s/i/sinclair/courses/cs552/spring2019/handouts/testprograms/public/rand_final/t_119_idcache.asm SUCCESS CPI:4.7 CYCLES:374 ICOUNT:79 IHITRATE: 30.0 DHITRATE: 2.3
/u/s/i/sinclair/courses/cs552/spring2019/handouts/testprograms/public/rand_final/t_119_mem.asm SUCCESS CPI:3.6 CYCLES:2397 ICOUNT:673 IHITRATE: 36.1 DHITRATE: 62.4
/u/s/i/sinclair/courses/cs552/spring2019/handouts/testprograms/public/rand_final/t_11_mem.asm SUCCESS CPI:3.5 CYCLES:2390 ICOUNT:676 IHITRATE: 36.0 DHITRATE: 64.2
/u/s/i/sinclair/courses/cs552/spring2019/handouts/testprograms/public/rand_final/t_120_all.asm SUCCESS CPI:3.4 CYCLES:1288 ICOUNT:381 IHITRATE: 28.5 DHITRATE: 41.2
/u/s/i/sinclair/courses/cs552/spring2019/handouts/testprograms/public/rand_final/t_120_ctrl.asm SUCCESS CPI:3.1 CYCLES:1654 ICOUNT:538 IHITRATE: 29.8 DHITRATE: 29.8
/u/s/i/sinclair/courses/cs552/spring2019/handouts/testprograms/public/rand_final/t_120_icache.asm SUCCESS CPI:4.4 CYCLES:404 ICOUNT:92 IHITRATE: 22.8 DHITRATE: 0
/u/s/i/sinclair/courses/cs552/spring2019/handouts/testprograms/public/rand_final/t_120_idcache.asm SUCCESS CPI:4.7 CYCLES:517 ICOUNT:110 IHITRATE: 26.9 DHITRATE: 8.5
/u/s/i/sinclair/courses/cs552/spring2019/handouts/testprograms/public/rand_final/t_120_mem.asm SUCCESS CPI:3.5 CYCLES:2366 ICOUNT:671 IHITRATE: 35.4 DHITRATE: 70.5
/u/s/i/sinclair/courses/cs552/spring2019/handouts/testprograms/public/rand_final/t_121_all.asm SUCCESS CPI:3.4 CYCLES:1078 ICOUNT:318 IHITRATE: 29.1 DHITRATE: 23.8
/u/s/i/sinclair/courses/cs552/spring2019/handouts/testprograms/public/rand_final/t_122_all.asm SUCCESS CPI:3.3 CYCLES:1065 ICOUNT:324 IHITRATE: 29.9 DHITRATE: 27.3
/u/s/i/sinclair/courses/cs552/spring2019/handouts/testprograms/public/rand_final/t_123_all.asm SUCCESS CPI:3.1 CYCLES:1529 ICOUNT:500 IHITRATE: 30.0 DHITRATE: 22.2
/u/s/i/sinclair/courses/cs552/spring2019/handouts/testprograms/public/rand_final/t_124_all.asm SUCCESS CPI:3.0 CYCLES:1098 ICOUNT:362 IHITRATE: 31.4 DHITRATE: 23.9
/u/s/i/sinclair/courses/cs552/spring2019/handouts/testprograms/public/rand_final/t_125_all.asm SUCCESS CPI:3.2 CYCLES:1612 ICOUNT:496 IHITRATE: 31.8 DHITRATE: 15.4
/u/s/i/sinclair/courses/cs552/spring2019/handouts/testprograms/public/rand_final/t_126_all.asm SUCCESS CPI:3.0 CYCLES:1804 ICOUNT:608 IHITRATE: 31.7 DHITRATE: 15.2
/u/s/i/sinclair/courses/cs552/spring2019/handouts/testprograms/public/rand_final/t_127_all.asm SUCCESS CPI:3.1 CYCLES:1392 ICOUNT:451 IHITRATE: 30.7 DHITRATE: 30.8
/u/s/i/sinclair/courses/cs552/spring2019/handouts/testprograms/public/rand_final/t_128_all.asm SUCCESS CPI:3.3 CYCLES:1415 ICOUNT:427 IHITRATE: 29.2 DHITRATE: 23.3
/u/s/i/sinclair/courses/cs552/spring2019/handouts/testprograms/public/rand_final/t_129_all.asm SUCCESS CPI:3.2 CYCLES:1390 ICOUNT:428 IHITRATE: 31.8 DHITRATE: 26.2
/u/s/i/sinclair/courses/cs552/spring2019/handouts/testprograms/public/rand_final/t_12_mem.asm SUCCESS CPI:3.6 CYCLES:2343 ICOUNT:651 IHITRATE: 35.2 DHITRATE: 75.7
/u/s/i/sinclair/courses/cs552/spring2019/handouts/testprograms/public/rand_final/t_130_all.asm SUCCESS CPI:2.9 CYCLES:1764 ICOUNT:617 IHITRATE: 32.1 DHITRATE: 28.9
/u/s/i/sinclair/courses/cs552/spring2019/handouts/testprograms/public/rand_final/t_131_all.asm SUCCESS CPI:3.0 CYCLES:1622 ICOUNT:539 IHITRATE: 31.2 DHITRATE: 45.5
/u/s/i/sinclair/courses/cs552/spring2019/handouts/testprograms/public/rand_final/t_132_all.asm SUCCESS CPI:3.0 CYCLES:1427 ICOUNT:472 IHITRATE: 30.9 DHITRATE: 22.8
/u/s/i/sinclair/courses/cs552/spring2019/handouts/testprograms/public/rand_final/t_133_all.asm SUCCESS CPI:3.0 CYCLES:1334 ICOUNT:446 IHITRATE: 31.7 DHITRATE: 22.9
/u/s/i/sinclair/courses/cs552/spring2019/handouts/testprograms/public/rand_final/t_134_all.asm SUCCESS CPI:2.9 CYCLES:1412 ICOUNT:479 IHITRATE: 32.0 DHITRATE: 26.3
/u/s/i/sinclair/courses/cs552/spring2019/handouts/testprograms/public/rand_final/t_135_all.asm SUCCESS CPI:2.9 CYCLES:1763 ICOUNT:601 IHITRATE: 31.9 DHITRATE: 23.9
/u/s/i/sinclair/courses/cs552/spring2019/handouts/testprograms/public/rand_final/t_136_all.asm SUCCESS CPI:3.2 CYCLES:1321 ICOUNT:413 IHITRATE: 30.6 DHITRATE: 27.3
/u/s/i/sinclair/courses/cs552/spring2019/handouts/testprograms/public/rand_final/t_137_all.asm SUCCESS CPI:2.9 CYCLES:1579 ICOUNT:540 IHITRATE: 31.5 DHITRATE: 24.3
/u/s/i/sinclair/courses/cs552/spring2019/handouts/testprograms/public/rand_final/t_138_all.asm SUCCESS CPI:3.0 CYCLES:1828 ICOUNT:614 IHITRATE: 31.3 DHITRATE: 31.8
/u/s/i/sinclair/courses/cs552/spring2019/handouts/testprograms/public/rand_final/t_139_all.asm SUCCESS CPI:3.3 CYCLES:1226 ICOUNT:368 IHITRATE: 28.6 DHITRATE: 15.4
/u/s/i/sinclair/courses/cs552/spring2019/handouts/testprograms/public/rand_final/t_13_mem.asm SUCCESS CPI:3.5 CYCLES:2359 ICOUNT:678 IHITRATE: 35.2 DHITRATE: 75.6
/u/s/i/sinclair/courses/cs552/spring2019/handouts/testprograms/public/rand_final/t_140_all.asm SUCCESS CPI:3.0 CYCLES:1233 ICOUNT:405 IHITRATE: 30.4 DHITRATE: 23.3
/u/s/i/sinclair/courses/cs552/spring2019/handouts/testprograms/public/rand_final/t_141_all.asm SUCCESS CPI:3.0 CYCLES:1429 ICOUNT:484 IHITRATE: 31.9 DHITRATE: 47.5
/u/s/i/sinclair/courses/cs552/spring2019/handouts/testprograms/public/rand_final/t_142_all.asm SUCCESS CPI:3.1 CYCLES:1205 ICOUNT:392 IHITRATE: 30.7 DHITRATE: 31.4
/u/s/i/sinclair/courses/cs552/spring2019/handouts/testprograms/public/rand_final/t_143_all.asm SUCCESS CPI:2.9 CYCLES:1478 ICOUNT:509 IHITRATE: 31.5 DHITRATE: 28.6
/u/s/i/sinclair/courses/cs552/spring2019/handouts/testprograms/public/rand_final/t_144_all.asm SUCCESS CPI:3.2 CYCLES:1403 ICOUNT:433 IHITRATE: 30.2 DHITRATE: 17.6
/u/s/i/sinclair/courses/cs552/spring2019/handouts/testprograms/public/rand_final/t_145_all.asm SUCCESS CPI:3.1 CYCLES:1340 ICOUNT:437 IHITRATE: 31.1 DHITRATE: 22.8
/u/s/i/sinclair/courses/cs552/spring2019/handouts/testprograms/public/rand_final/t_146_all.asm SUCCESS CPI:3.0 CYCLES:1820 ICOUNT:604 IHITRATE: 32.2 DHITRATE: 31.8
/u/s/i/sinclair/courses/cs552/spring2019/handouts/testprograms/public/rand_final/t_147_all.asm SUCCESS CPI:3.0 CYCLES:1338 ICOUNT:441 IHITRATE: 30.7 DHITRATE: 31.4
/u/s/i/sinclair/courses/cs552/spring2019/handouts/testprograms/public/rand_final/t_148_all.asm SUCCESS CPI:3.1 CYCLES:1410 ICOUNT:450 IHITRATE: 31.7 DHITRATE: 26.6
/u/s/i/sinclair/courses/cs552/spring2019/handouts/testprograms/public/rand_final/t_149_all.asm SUCCESS CPI:3.0 CYCLES:1348 ICOUNT:450 IHITRATE: 31.6 DHITRATE: 24.7
/u/s/i/sinclair/courses/cs552/spring2019/handouts/testprograms/public/rand_final/t_14_mem.asm SUCCESS CPI:3.6 CYCLES:2365 ICOUNT:648 IHITRATE: 35.7 DHITRATE: 68.3
/u/s/i/sinclair/courses/cs552/spring2019/handouts/testprograms/public/rand_final/t_150_all.asm SUCCESS CPI:3.1 CYCLES:1559 ICOUNT:498 IHITRATE: 30.2 DHITRATE: 33.3
/u/s/i/sinclair/courses/cs552/spring2019/handouts/testprograms/public/rand_final/t_15_mem.asm SUCCESS CPI:3.5 CYCLES:2346 ICOUNT:670 IHITRATE: 35.2 DHITRATE: 73.8
/u/s/i/sinclair/courses/cs552/spring2019/handouts/testprograms/public/rand_final/t_16_mem.asm SUCCESS CPI:3.5 CYCLES:2317 ICOUNT:654 IHITRATE: 35.5 DHITRATE: 75.5
/u/s/i/sinclair/courses/cs552/spring2019/handouts/testprograms/public/rand_final/t_17_mem.asm SUCCESS CPI:3.5 CYCLES:2392 ICOUNT:686 IHITRATE: 35.5 DHITRATE: 72.3
/u/s/i/sinclair/courses/cs552/spring2019/handouts/testprograms/public/rand_final/t_18_mem.asm SUCCESS CPI:3.5 CYCLES:2369 ICOUNT:672 IHITRATE: 35.6 DHITRATE: 67.7
/u/s/i/sinclair/courses/cs552/spring2019/handouts/testprograms/public/rand_final/t_19_mem.asm SUCCESS CPI:3.5 CYCLES:2338 ICOUNT:671 IHITRATE: 35.3 DHITRATE: 69.4
